01:26:19 | fisher_sac_hopper | Загружено 1000 экспертных траекторий из data/hopper/expert_train_trajs.pt
01:26:19 | fisher_sac_hopper | === Fisher-NHD Hopper SAC: начинаю двухуровневую оптимизацию ===
01:31:32 | fisher_sac_hopper |     1 | 275867.469 |      135.8 |      998.5 |      318.9 |     3692.7 |    -0.711 | 275867.464 |  35118.004 |  35118.004 |     9.90e-07
01:38:16 | fisher_sac_hopper |     2 | 149085.625 |      210.8 |      998.5 |      486.0 |     3692.7 |    -0.695 | 149085.626 |  48172.328 |  48172.328 |     9.80e-07
01:44:25 | fisher_sac_hopper |     3 |  71037.484 |      130.1 |      998.5 |      320.2 |     3692.7 |    -0.632 |  71037.491 |  37665.715 |  37665.715 |     9.70e-07
01:53:37 | fisher_sac_hopper |     4 |  42999.129 |      910.3 |      998.5 |     1601.2 |     3692.7 |    -0.689 |  42999.131 |   1817.013 |   1817.013 |     9.61e-07
02:02:49 | fisher_sac_hopper |     5 |  67189.688 |      980.9 |      998.5 |     1998.5 |     3692.7 |    -0.732 |  67189.690 |   5880.293 |   5880.293 |     9.51e-07
02:10:05 | fisher_sac_hopper |     6 |  51584.707 |      812.2 |      998.5 |     1654.6 |     3692.7 |    -0.426 |  51584.710 |   1203.684 |   1203.684 |     9.41e-07
02:18:00 | fisher_sac_hopper |     7 |  58865.273 |      843.1 |      998.5 |     1931.0 |     3692.7 |    -0.714 |  58865.277 |   1932.674 |   1932.674 |     9.32e-07
02:27:03 | fisher_sac_hopper |     8 | 115023.664 |      996.7 |      998.5 |     2164.3 |     3692.7 |    -0.702 | 115023.659 |  18523.182 |  18523.182 |     9.23e-07
02:36:10 | fisher_sac_hopper |     9 | 164808.031 |      999.2 |      998.5 |     2766.9 |     3692.7 |    -0.737 | 164808.042 |  37427.406 |  37427.406 |     9.14e-07
02:42:20 | fisher_sac_hopper |    10 | 137617.391 |      387.2 |      998.5 |     1063.6 |     3692.7 |    -0.643 | 137617.395 |  15742.093 |  15742.093 |     9.04e-07
02:51:06 | fisher_sac_hopper |    11 | 144425.891 |      906.2 |      998.5 |     2577.4 |     3692.7 |    -0.757 | 144425.902 |  25309.965 |  25309.965 |     8.95e-07
02:58:57 | fisher_sac_hopper |    12 | 259445.094 |      868.2 |      998.5 |     2365.4 |     3692.7 |    -0.565 | 259445.085 |  41782.691 |  41782.691 |     8.86e-07
03:06:46 | fisher_sac_hopper |    13 | 127579.602 |      964.2 |      998.5 |     2800.0 |     3692.7 |    -0.692 | 127579.604 |  17206.250 |  17206.250 |     8.78e-07
03:14:31 | fisher_sac_hopper |    14 | 259073.828 |      971.1 |      998.5 |     2518.8 |     3692.7 |    -0.653 | 259073.829 |   7524.673 |   7524.673 |     8.69e-07
03:21:55 | fisher_sac_hopper |    15 | 161391.156 |      885.0 |      998.5 |     2146.6 |     3692.7 |    -0.698 | 161391.155 |  10905.425 |  10905.425 |     8.60e-07
03:29:36 | fisher_sac_hopper |    16 | 295017.031 |      932.9 |      998.5 |     2441.7 |     3692.7 |    -0.606 | 295017.005 |  52528.750 |  52528.750 |     8.51e-07
03:37:21 | fisher_sac_hopper |    17 | 212694.141 |      984.3 |      998.5 |     2848.2 |     3692.7 |    -0.657 | 212694.149 |  47166.820 |  47166.820 |     8.43e-07
03:45:13 | fisher_sac_hopper |    18 | 118057.852 |     1000.0 |      998.5 |     2916.5 |     3692.7 |    -0.699 | 118057.853 |  12655.420 |  12655.420 |     8.35e-07
03:52:59 | fisher_sac_hopper |    19 | 505895.812 |      997.0 |      998.5 |     2860.0 |     3692.7 |    -0.698 | 505895.847 |  52666.387 |  52666.387 |     8.26e-07
04:00:48 | fisher_sac_hopper |    20 | 303733.594 |     1000.0 |      998.5 |     2931.2 |     3692.7 |    -0.790 | 303733.602 |   5918.672 |   5918.672 |     8.18e-07
04:08:12 | fisher_sac_hopper |    21 | 279991.281 |      869.8 |      998.5 |     2526.4 |     3692.7 |    -0.341 | 279991.310 |  24112.967 |  24112.967 |     8.10e-07
04:12:56 | fisher_sac_hopper |    22 | 239068.609 |       10.9 |      998.5 |       -0.5 |     3692.7 |     0.774 | 239068.626 | 1307965.875 | 1307965.875 |     8.02e-07
04:20:42 | fisher_sac_hopper |    23 |  34241.633 |       32.9 |      998.5 |       52.9 |     3692.7 |    -0.782 |  34241.631 |  27293.029 |  27293.029 |     7.94e-07
04:28:15 | fisher_sac_hopper |    24 |  68282.703 |       32.4 |      998.5 |       52.2 |     3692.7 |    -0.792 |  68282.709 |  47999.773 |  47999.773 |     7.86e-07
04:35:43 | fisher_sac_hopper |    25 | 227737.625 |       35.1 |      998.5 |       56.8 |     3692.7 |    -0.848 | 227737.626 | 288126.469 | 288126.469 |     7.78e-07
04:42:52 | fisher_sac_hopper |    26 | 214347.844 |       68.2 |      998.5 |      130.0 |     3692.7 |    -0.864 | 214347.826 | 759515.688 | 759515.688 |     7.70e-07
04:50:10 | fisher_sac_hopper |    27 | 138899.234 |       23.8 |      998.5 |       39.9 |     3692.7 |    -0.837 | 138899.236 | 147413.125 | 147413.125 |     7.62e-07
04:58:05 | fisher_sac_hopper |    28 | 198115.969 |        6.0 |      998.5 |        2.8 |     3692.7 |    -0.642 | 198115.956 | 335542.438 | 335542.438 |     7.55e-07
05:06:02 | fisher_sac_hopper |    29 | 323362.312 |        7.1 |      998.5 |        5.0 |     3692.7 |    -0.678 | 323362.302 | 239140.781 | 239140.781 |     7.47e-07
05:14:05 | fisher_sac_hopper |    30 | 11860537.000 |       16.9 |      998.5 |       23.3 |     3692.7 |     0.798 | 11860537.093 | 7301740.000 | 7301740.000 |     7.40e-07
05:22:02 | fisher_sac_hopper |    31 | 7001196.500 |       92.4 |      998.5 |      206.7 |     3692.7 |     0.787 | 7001196.425 | 37126848.000 | 37126848.000 |     7.32e-07
05:29:57 | fisher_sac_hopper |    32 | 349359.000 |       89.8 |      998.5 |      196.9 |     3692.7 |    -0.846 | 349359.006 | 3750728.500 | 3750728.500 |     7.25e-07
05:37:20 | fisher_sac_hopper |    33 | 174743.094 |       13.0 |      998.5 |        1.7 |     3692.7 |     0.773 | 174743.093 | 2584659.250 | 2584659.250 |     7.18e-07
05:47:42 | fisher_sac_hopper |    34 | 630445.312 |     1000.0 |      998.5 |      951.1 |     3692.7 |    -0.721 | 630445.330 | 12164549.000 | 12164549.000 |     7.11e-07
05:58:36 | fisher_sac_hopper |    35 | 454177.562 |     1000.0 |      998.5 |      951.1 |     3692.7 |    -0.768 | 454177.558 | 4425232.500 | 4425232.500 |     7.03e-07
06:06:57 | fisher_sac_hopper |    36 | 28193214.000 |     1000.0 |      998.5 |      946.9 |     3692.7 |    -0.747 | 28193216.328 | 5538568192.000 | 5538568192.000 |     6.96e-07
06:16:04 | fisher_sac_hopper |    37 | 2757816.250 |     1000.0 |      998.5 |     1094.7 |     3692.7 |    -0.745 | 2757816.178 | 928481088.000 | 928481088.000 |     6.89e-07
06:24:09 | fisher_sac_hopper |    38 | 26200982.000 |     1000.0 |      998.5 |     1048.7 |     3692.7 |    -0.688 | 26200979.962 | 1387481216.000 | 1387481216.000 |     6.83e-07
06:33:21 | fisher_sac_hopper |    39 | 6846392.500 |     1000.0 |      998.5 |     1135.6 |     3692.7 |    -0.771 | 6846392.491 | 793985856.000 | 793985856.000 |     6.76e-07
06:39:16 | fisher_sac_hopper |    40 | 22132838.000 |      325.5 |      998.5 |      483.1 |     3692.7 |    -0.651 | 22132837.137 | 503603552.000 | 503603552.000 |     6.69e-07
06:49:26 | fisher_sac_hopper |    41 | 165414384.000 |     1000.0 |      998.5 |     1155.3 |     3692.7 |    -0.715 | 165414399.904 | 5519426560.000 | 5519426560.000 |     6.62e-07
06:59:41 | fisher_sac_hopper |    42 | 29458278.000 |     1000.0 |      998.5 |     1052.9 |     3692.7 |    -0.763 | 29458279.082 | 495995168.000 | 495995168.000 |     6.56e-07
07:08:01 | fisher_sac_hopper |    43 | 4788008.000 |      998.4 |      998.5 |     1056.2 |     3692.7 |    -0.770 | 4788007.933 | 118231384.000 | 118231384.000 |     6.49e-07
07:18:11 | fisher_sac_hopper |    44 | 5015802.000 |      987.0 |      998.5 |     1051.2 |     3692.7 |    -0.756 | 5015801.633 | 348952128.000 | 348952128.000 |     6.43e-07
07:26:31 | fisher_sac_hopper |    45 | 657293.062 |     1000.0 |      998.5 |     1051.6 |     3692.7 |    -0.754 | 657293.046 | 38812072.000 | 38812072.000 |     6.36e-07
07:35:24 | fisher_sac_hopper |    46 | 4674540.500 |      999.5 |      998.5 |     1083.9 |     3692.7 |    -0.757 | 4674541.025 | 101855744.000 | 101855744.000 |     6.30e-07
07:43:39 | fisher_sac_hopper |    47 | 24542552.000 |     1000.0 |      998.5 |     1075.1 |     3692.7 |    -0.760 | 24542552.276 | 218334464.000 | 218334464.000 |     6.24e-07
07:52:20 | fisher_sac_hopper |    48 | 40390664.000 |     1000.0 |      998.5 |     1068.0 |     3692.7 |    -0.760 | 40390660.968 | 2492398336.000 | 2492398336.000 |     6.17e-07
08:00:41 | fisher_sac_hopper |    49 | 6281054.000 |     1000.0 |      998.5 |     1052.2 |     3692.7 |    -0.785 | 6281054.666 | 274499552.000 | 274499552.000 |     6.11e-07
08:07:12 | fisher_sac_hopper |    50 | 3972876.250 |      427.4 |      998.5 |      668.3 |     3692.7 |    -0.677 | 3972876.103 | 726506880.000 | 726506880.000 |     6.05e-07
20:46:33 | fisher_sac_hopper | Загружено 1000 экспертных траекторий из data/hopper/expert_train_trajs.pt
20:46:33 | fisher_sac_hopper | === Fisher-NHD Hopper SAC: начинаю двухуровневую оптимизацию ===
20:46:33 | fisher_sac_hopper |  Step |    L_outer |  agent_len | expert_len |  agent_ret | expert_ret |  RankCorr |  PolicyNLL |    hyp_raw |   hyp_clip |     lr_outer
20:52:14 | fisher_sac_hopper |     0 | 3183714.250 |     1000.0 |      998.5 |     1029.9 |     3692.7 |    -0.722 | 3183714.280 |      0.000 |      0.000 |     1.00e-05
20:55:59 | fisher_sac_hopper | Загружено 1000 экспертных траекторий из data/hopper/expert_train_trajs.pt
20:55:59 | fisher_sac_hopper | === Fisher-NHD Hopper SAC: начинаю двухуровневую оптимизацию ===
20:55:59 | fisher_sac_hopper |  Step |    L_outer |  agent_len | expert_len |  agent_ret | expert_ret |  RankCorr |  PolicyNLL |    hyp_raw |   hyp_clip |     lr_outer
21:01:30 | fisher_sac_hopper |     0 | 3183714.250 |     1000.0 |      998.5 |     1029.9 |     3692.7 |    -0.722 | 3183714.280 |      0.000 |      0.000 |     1.00e-05
21:08:26 | fisher_sac_hopper |     1 |  54963.992 |      164.2 |      998.5 |      288.8 |     3692.7 |    -0.656 |  54963.990 | 9436759.000 |      1.000 |     9.90e-06
21:15:35 | fisher_sac_hopper |     2 | 296386.438 |     1000.0 |      998.5 |     1036.3 |     3692.7 |    -0.806 | 296386.436 | 120027.664 |      1.000 |     9.80e-06
21:25:57 | fisher_sac_hopper | Загружено 1000 экспертных траекторий из data/hopper/expert_train_trajs.pt
21:25:57 | fisher_sac_hopper | === Fisher-NHD Hopper SAC: начинаю двухуровневую оптимизацию ===
21:25:58 | fisher_sac_hopper |  Step |    L_outer |  agent_len | expert_len |  agent_ret | expert_ret |  RankCorr |  PolicyNLL |    hyp_raw |   hyp_clip |     lr_outer
21:31:35 | fisher_sac_hopper |     0 | 216702.406 |     1000.0 |      998.5 |     1007.2 |     3692.7 |     0.292 | 216702.380 |      0.000 |      0.000 |     1.00e-05
21:39:06 | fisher_sac_hopper | Загружено 1000 экспертных траекторий из data/hopper/expert_train_trajs.pt
21:39:06 | fisher_sac_hopper | === Fisher-NHD Hopper SAC: начинаю двухуровневую оптимизацию ===
21:39:07 | fisher_sac_hopper |  Step |    L_outer |  agent_len | expert_len |  agent_ret | expert_ret |  RankCorr |  PolicyNLL |    hyp_raw |   hyp_clip |     lr_outer
21:41:13 | fisher_sac_hopper | Загружено 1000 экспертных траекторий из data/hopper/expert_train_trajs.pt
21:41:13 | fisher_sac_hopper | === Fisher-NHD Hopper SAC: начинаю двухуровневую оптимизацию ===
21:41:14 | fisher_sac_hopper |  Step |    L_outer |  agent_len | expert_len |  agent_ret | expert_ret |  RankCorr |  PolicyNLL |    hyp_raw |   hyp_clip |     lr_outer
21:43:43 | fisher_sac_hopper |     0 | 216702.406 |     1000.0 |      998.5 |     1007.2 |     3692.7 |     0.132 | 216702.380 |      0.000 |      0.000 |     1.00e-05
21:46:34 | fisher_sac_hopper |     1 | 155101.141 |      130.2 |      998.5 |      214.9 |     3692.7 |     0.280 | 155101.132 | 774132.312 |      1.000 |     9.90e-06
21:49:55 | fisher_sac_hopper |     2 |  45479.441 |     1000.0 |      998.5 |      998.5 |     3692.7 |     0.280 |  45479.438 |  22388.074 |      1.000 |     9.80e-06
21:53:13 | fisher_sac_hopper |     3 |  78306.000 |      629.8 |      998.5 |      724.5 |     3692.7 |    -0.205 |  78305.996 |  51896.293 |      1.000 |     9.70e-06
21:54:21 | fisher_sac_hopper | Загружено 1000 экспертных траекторий из data/hopper/expert_train_trajs.pt
21:54:21 | fisher_sac_hopper | === Fisher-NHD Hopper SAC: начинаю двухуровневую оптимизацию ===
21:54:22 | fisher_sac_hopper |  Step |    L_outer |  agent_len | expert_len |  agent_ret | expert_ret |  RankCorr |  PolicyNLL |    hyp_raw |   hyp_clip |     lr_outer
21:54:26 | fisher_sac_hopper |     0 |   2807.390 |       25.4 |      998.5 |       18.1 |     3692.7 |     0.280 |   2807.390 |      0.000 |      0.000 |     1.00e-05
21:54:53 | fisher_sac_hopper |     1 |   2344.270 |       41.4 |      998.5 |       37.6 |     3692.7 |     0.279 |   2344.270 |    888.874 |      1.000 |     9.90e-06
21:55:20 | fisher_sac_hopper |     2 |   2189.821 |       32.5 |      998.5 |       25.9 |     3692.7 |     0.279 |   2189.820 |    494.277 |      1.000 |     9.80e-06
21:55:47 | fisher_sac_hopper |     3 |   2113.913 |       31.4 |      998.5 |       20.3 |     3692.7 |     0.279 |   2113.913 |    426.587 |      1.000 |     9.70e-06
21:56:14 | fisher_sac_hopper |     4 |   2208.218 |       52.8 |      998.5 |       57.2 |     3692.7 |     0.279 |   2208.218 |    155.924 |      1.000 |     9.61e-06
21:56:41 | fisher_sac_hopper |     5 |   1984.150 |       35.1 |      998.5 |       25.0 |     3692.7 |     0.279 |   1984.150 |   1174.478 |      1.000 |     9.51e-06
21:57:07 | fisher_sac_hopper |     6 |   2180.215 |       41.1 |      998.5 |       33.3 |     3692.7 |     0.279 |   2180.214 |   1445.823 |      1.000 |     9.41e-06
21:57:34 | fisher_sac_hopper |     7 |   2312.671 |       39.5 |      998.5 |       38.4 |     3692.7 |     0.279 |   2312.671 |   1269.390 |      1.000 |     9.32e-06
21:58:00 | fisher_sac_hopper |     8 |   2121.784 |       47.0 |      998.5 |       48.8 |     3692.7 |     0.279 |   2121.784 |    701.845 |      1.000 |     9.23e-06
21:58:27 | fisher_sac_hopper |     9 |   2305.175 |       53.9 |      998.5 |       54.9 |     3692.7 |     0.278 |   2305.175 |    740.787 |      1.000 |     9.14e-06
21:58:54 | fisher_sac_hopper |    10 |   2087.139 |       35.0 |      998.5 |       35.2 |     3692.7 |     0.278 |   2087.139 |   2251.099 |      1.000 |     9.04e-06
21:59:22 | fisher_sac_hopper |    11 |   2097.345 |       41.2 |      998.5 |       29.6 |     3692.7 |     0.279 |   2097.345 |   1383.051 |      1.000 |     8.95e-06
21:59:54 | fisher_sac_hopper |    12 |   2483.386 |       49.2 |      998.5 |       31.2 |     3692.7 |     0.278 |   2483.386 |    513.697 |      1.000 |     8.86e-06
21:59:59 | fisher_sac_hopper | Загружено 1000 экспертных траекторий из data/hopper/expert_train_trajs.pt
21:59:59 | fisher_sac_hopper | === Fisher-NHD Hopper SAC: начинаю двухуровневую оптимизацию ===
22:00:00 | fisher_sac_hopper |  Step |    L_outer |  agent_len | expert_len |  agent_ret | expert_ret |  RankCorr |  PolicyNLL |    hyp_raw |   hyp_clip |     lr_outer
22:00:05 | fisher_sac_hopper |     0 |   2807.390 |       25.4 |      998.5 |       18.1 |     3692.7 |     0.280 |   2807.390 |      0.000 |      0.000 |     1.00e-05
22:00:32 | fisher_sac_hopper |     1 |   2344.270 |       41.4 |      998.5 |       37.6 |     3692.7 |     0.279 |   2344.270 |    888.874 |      1.000 |     9.90e-06
22:00:55 | fisher_sac_hopper | Загружено 1000 экспертных траекторий из data/hopper/expert_train_trajs.pt
22:00:55 | fisher_sac_hopper | === Fisher-NHD Hopper SAC: начинаю двухуровневую оптимизацию ===
22:00:55 | fisher_sac_hopper |  Step |    L_outer |  agent_len | expert_len |  agent_ret | expert_ret |  RankCorr |  PolicyNLL |    hyp_raw |   hyp_clip |     lr_outer
22:01:32 | fisher_sac_hopper |     0 | 220481.719 |      438.1 |      998.5 |      361.3 |     3692.7 |     0.280 | 220481.702 |      0.000 |      0.000 |     1.00e-05
22:02:00 | fisher_sac_hopper |     1 |  10107.812 |       61.4 |      998.5 |       45.1 |     3692.7 |     0.280 |  10107.812 |  85978.102 |      1.000 |     9.90e-06
22:02:28 | fisher_sac_hopper |     2 |   4881.300 |       44.3 |      998.5 |       19.1 |     3692.7 |     0.279 |   4881.300 |   1513.034 |      1.000 |     9.80e-06
22:03:01 | fisher_sac_hopper |     3 |   5450.041 |       39.1 |      998.5 |       16.4 |     3692.7 |     0.280 |   5450.041 |    947.198 |      1.000 |     9.70e-06
22:03:35 | fisher_sac_hopper |     4 |   4537.539 |       38.5 |      998.5 |       11.7 |     3692.7 |     0.280 |   4537.539 |   3536.559 |      1.000 |     9.61e-06
22:06:06 | fisher_sac_hopper | Загружено 1000 экспертных траекторий из data/hopper/expert_train_trajs.pt
22:06:06 | fisher_sac_hopper | === Fisher-NHD Hopper SAC: начинаю двухуровневую оптимизацию ===
22:06:07 | fisher_sac_hopper |  Step |    L_outer |  agent_len | expert_len |  agent_ret | expert_ret |  RankCorr |  PolicyNLL |    hyp_raw |   hyp_clip |     lr_outer
22:06:44 | fisher_sac_hopper |     0 | 220481.719 |      438.1 |      998.5 |      361.3 |     3692.7 |     0.280 | 220481.702 |      0.000 |      0.000 |     1.00e-05
22:07:12 | fisher_sac_hopper |     1 |  10107.812 |       61.4 |      998.5 |       45.1 |     3692.7 |     0.280 |  10107.812 |  85978.102 |      1.000 |     9.90e-06
22:07:41 | fisher_sac_hopper |     2 |   4881.300 |       44.3 |      998.5 |       19.1 |     3692.7 |     0.279 |   4881.300 |   1513.034 |      1.000 |     9.80e-06
22:08:09 | fisher_sac_hopper |     3 |   5450.041 |       39.1 |      998.5 |       16.4 |     3692.7 |     0.280 |   5450.041 |    947.198 |      1.000 |     9.70e-06
22:08:37 | fisher_sac_hopper |     4 |   4537.539 |       38.5 |      998.5 |       11.7 |     3692.7 |     0.280 |   4537.539 |   3536.559 |      1.000 |     9.61e-06
22:09:04 | fisher_sac_hopper |     5 |   5786.836 |       32.7 |      998.5 |        9.2 |     3692.7 |     0.279 |   5786.836 |   6397.121 |      1.000 |     9.51e-06
22:09:31 | fisher_sac_hopper |     6 |   7197.175 |       31.7 |      998.5 |        6.6 |     3692.7 |     0.278 |   7197.175 |   4231.059 |      1.000 |     9.41e-06
22:10:01 | fisher_sac_hopper |     7 |   9078.751 |       27.8 |      998.5 |        5.9 |     3692.7 |     0.278 |   9078.751 |  14828.632 |      1.000 |     9.32e-06
22:13:08 | fisher_sac_hopper | Загружено 1000 экспертных траекторий из data/hopper/expert_train_trajs.pt
22:13:08 | fisher_sac_hopper | === Fisher-NHD Hopper SAC: начинаю двухуровневую оптимизацию ===
22:13:08 | fisher_sac_hopper |  Step |    L_outer |  agent_len | expert_len |  agent_ret | expert_ret |  RankCorr |  PolicyNLL |    hyp_raw |   hyp_clip |     lr_outer
22:17:52 | fisher_sac_hopper |     0 | 697735.250 |     1000.0 |      998.5 |     1060.2 |     3692.7 |    -0.217 | 697735.246 |      0.000 |      0.000 |     1.00e-06
22:23:31 | fisher_sac_hopper |     1 | 1752344.375 |     1000.0 |      998.5 |     1059.7 |     3692.7 |    -0.217 | 1752344.496 |  63811.055 |      1.000 |     9.90e-07
22:27:14 | fisher_sac_hopper | Загружено 1000 экспертных траекторий из data/hopper/expert_train_trajs.pt
22:27:14 | fisher_sac_hopper | === Fisher-NHD Hopper SAC: начинаю двухуровневую оптимизацию ===
22:27:15 | fisher_sac_hopper |  Step |    L_outer |  agent_len | expert_len |  agent_ret | expert_ret |  RankCorr |  PolicyNLL |    hyp_raw |   hyp_clip |     lr_outer
22:31:53 | fisher_sac_hopper |     0 | 697735.250 |     1000.0 |      998.5 |     1060.2 |     3692.7 |    -0.217 | 697735.246 |      0.000 |      0.000 |     1.00e-05
22:37:22 | fisher_sac_hopper |     1 | 1211838.250 |     1000.0 |      998.5 |     1039.3 |     3692.7 |    -0.216 | 1211838.145 |  63811.055 |      1.000 |     9.90e-06
22:42:43 | fisher_sac_hopper |     2 | 6632023.500 |     1000.0 |      998.5 |     1061.1 |     3692.7 |    -0.216 | 6632023.143 | 357687.875 |      1.000 |     9.80e-06
22:47:43 | fisher_sac_hopper |     3 | 5479670.000 |     1000.0 |      998.5 |     1034.7 |     3692.7 |    -0.216 | 5479669.607 | 2452789.500 |      1.000 |     9.70e-06
22:52:53 | fisher_sac_hopper |     4 | 28931154.000 |     1000.0 |      998.5 |     1061.2 |     3692.7 |    -0.216 | 28931153.048 | 9380144.000 |      1.000 |     9.61e-06
22:58:00 | fisher_sac_hopper |     5 | 681050.750 |     1000.0 |      998.5 |     1040.8 |     3692.7 |    -0.216 | 681050.721 | 31447770.000 |      1.000 |     9.51e-06
23:03:06 | fisher_sac_hopper |     6 | 1040151.312 |     1000.0 |      998.5 |     1047.0 |     3692.7 |    -0.217 | 1040151.288 | 2473856.750 |      1.000 |     9.41e-06
23:04:55 | fisher_sac_hopper | Загружено 1000 экспертных траекторий из data/hopper/expert_train_trajs.pt
23:04:55 | fisher_sac_hopper | === Fisher-NHD Hopper SAC: начинаю двухуровневую оптимизацию ===
23:04:56 | fisher_sac_hopper |  Step |    L_outer |  agent_len | expert_len |  agent_ret | expert_ret |  RankCorr |  PolicyNLL |    hyp_raw |   hyp_clip |     lr_outer
23:07:23 | fisher_sac_hopper |     0 | 216702.406 |     1000.0 |      998.5 |     1007.2 |     3692.7 |     0.132 | 216702.380 |      0.000 |      0.000 |     1.00e-01
23:10:52 | fisher_sac_hopper |     1 | 1226752.250 |     1000.0 |      998.5 |     1051.6 |     3692.7 |    -0.277 | 1226752.277 | 774132.312 |      1.000 |     9.90e-02
23:13:59 | fisher_sac_hopper |     2 | 1040818.062 |      117.9 |      998.5 |      250.0 |     3692.7 |    -0.262 | 1040818.048 |  90939.281 |      1.000 |     9.80e-02
23:17:11 | fisher_sac_hopper |     3 |  35595.816 |        7.0 |      998.5 |        4.6 |     3692.7 |    -0.204 |  35595.814 | 1327288.125 |      1.000 |     9.70e-02
23:21:20 | fisher_sac_hopper | Загружено 1000 экспертных траекторий из data/hopper/expert_train_trajs.pt
23:21:20 | fisher_sac_hopper | === Fisher-NHD Hopper SAC: начинаю двухуровневую оптимизацию ===
23:21:21 | fisher_sac_hopper |  Step |    L_outer |  agent_len | expert_len |  agent_ret | expert_ret |  RankCorr |  PolicyNLL |    hyp_raw |   hyp_clip |     lr_outer
23:23:44 | fisher_sac_hopper |     0 | 103097.250 |     1000.0 |      998.5 |      983.2 |     3692.7 |    -0.212 | 103097.247 |      0.000 |      0.000 |     1.00e-01
23:26:15 | fisher_sac_hopper |     1 |  51058.656 |        6.1 |      998.5 |        2.9 |     3692.7 |    -0.334 |  51058.661 | 277270.312 |      1.000 |     9.90e-02
23:28:51 | fisher_sac_hopper |     2 | 75263872.000 |        7.0 |      998.5 |        3.3 |     3692.7 |    -0.324 | 75263866.272 | 120389.500 |      1.000 |     9.80e-02
23:29:39 | fisher_sac_hopper | Загружено 1000 экспертных траекторий из data/hopper/expert_train_trajs.pt
23:29:39 | fisher_sac_hopper | === Fisher-NHD Hopper SAC: начинаю двухуровневую оптимизацию ===
23:29:39 | fisher_sac_hopper |  Step |    L_outer |  agent_len | expert_len |  agent_ret | expert_ret |  RankCorr |  PolicyNLL |    hyp_raw |   hyp_clip |     lr_outer
23:32:11 | fisher_sac_hopper |     0 | 13530442.000 |     1000.0 |      998.5 |      974.3 |     3692.7 |     0.366 | 13530441.695 |      0.000 |      0.000 |     1.00e-04
23:35:21 | fisher_sac_hopper |     1 | 417131.531 |     1000.0 |      998.5 |     1014.7 |     3692.7 |     0.367 | 417131.527 | 6183733.000 |      1.000 |     9.90e-05
23:38:16 | fisher_sac_hopper |     2 | 501431.875 |     1000.0 |      998.5 |     1045.3 |     3692.7 |     0.368 | 501431.838 | 134465.625 |      1.000 |     9.80e-05
23:41:11 | fisher_sac_hopper |     3 | 5106829.000 |     1000.0 |      998.5 |     1050.3 |     3692.7 |     0.367 | 5106828.811 |   4934.533 |      1.000 |     9.70e-05
23:44:15 | fisher_sac_hopper |     4 | 344314.250 |     1000.0 |      998.5 |      982.4 |     3692.7 |     0.370 | 344314.266 | 13715633.000 |      1.000 |     9.61e-05
23:47:14 | fisher_sac_hopper |     5 | 3178370.250 |     1000.0 |      998.5 |     1013.7 |     3692.7 |     0.370 | 3178370.545 | 277294.906 |      1.000 |     9.51e-05
23:50:17 | fisher_sac_hopper |     6 | 371444.031 |      991.3 |      998.5 |      969.4 |     3692.7 |     0.371 | 371444.055 | 388066.625 |      1.000 |     9.41e-05
23:53:15 | fisher_sac_hopper |     7 | 785510.438 |     1000.0 |      998.5 |      996.3 |     3692.7 |     0.372 | 785510.503 | 488026.781 |      1.000 |     9.32e-05
23:56:21 | fisher_sac_hopper |     8 | 463100.531 |     1000.0 |      998.5 |     1057.3 |     3692.7 |     0.373 | 463100.560 | 1467887.625 |      1.000 |     9.23e-05
23:58:59 | fisher_sac_hopper |     9 | 2224934.000 |      436.9 |      998.5 |      622.7 |     3692.7 |     0.374 | 2224933.814 | 110155.914 |      1.000 |     9.14e-05
00:02:05 | fisher_sac_hopper |    10 | 3373458.750 |     1000.0 |      998.5 |     1046.5 |     3692.7 |     0.373 | 3373458.752 |  95031.266 |      1.000 |     9.04e-05
00:05:28 | fisher_sac_hopper |    11 | 855841.125 |     1000.0 |      998.5 |     1028.7 |     3692.7 |     0.375 | 855841.109 | 3998944.500 |      1.000 |     8.95e-05
00:08:36 | fisher_sac_hopper |    12 |  61707.008 |     1000.0 |      998.5 |     1039.0 |     3692.7 |     0.375 |  61707.009 | 700140.875 |      1.000 |     8.86e-05
00:11:50 | fisher_sac_hopper |    13 | 6709506.000 |     1000.0 |      998.5 |     1009.4 |     3692.7 |     0.373 | 6709506.252 | 110499.203 |      1.000 |     8.78e-05
00:14:34 | fisher_sac_hopper |    14 | 1441005.750 |      266.7 |      998.5 |      407.2 |     3692.7 |     0.374 | 1441005.688 | 214233.906 |      1.000 |     8.69e-05
00:17:46 | fisher_sac_hopper |    15 | 1785622.750 |     1000.0 |      998.5 |     1031.0 |     3692.7 |     0.370 | 1785622.853 | 215540.328 |      1.000 |     8.60e-05
00:21:09 | fisher_sac_hopper |    16 | 215934.422 |     1000.0 |      998.5 |     1031.3 |     3692.7 |     0.370 | 215934.409 | 220636.844 |      1.000 |     8.51e-05
00:24:20 | fisher_sac_hopper |    17 | 476610.469 |     1000.0 |      998.5 |      995.2 |     3692.7 |     0.371 | 476610.457 | 107218.055 |      1.000 |     8.43e-05
00:28:04 | fisher_sac_hopper | Загружено 1000 экспертных траекторий из data/hopper/expert_train_trajs.pt
00:28:04 | fisher_sac_hopper | === Fisher-NHD Hopper SAC ===
00:28:04 | fisher_sac_hopper |  Step |    L_outer |  agent_len | expert_len |  agent_ret | expert_ret |  RankCorr |  PolicyNLL |    hyp_raw |   hyp_clip |     lr_outer
00:30:39 | fisher_sac_hopper |     0 | 1251585.875 |     1000.0 |      998.5 |     1015.1 |     3692.7 |     0.366 | 1251585.923 |      0.000 |      0.000 |     1.00e-04
00:33:40 | fisher_sac_hopper |     1 | 9366489.000 |      163.7 |      998.5 |      244.7 |     3692.7 |     0.365 | 9366488.404 | 1807148.625 |      1.000 |     9.90e-05
00:36:51 | fisher_sac_hopper |     2 | 10114901.000 |     1000.0 |      998.5 |     1029.6 |     3692.7 |     0.369 | 10114900.935 | 677523.062 |      1.000 |     9.80e-05
01:05:30 | fisher_sac_hopper | Загружено 1000 экспертных траекторий из data/hopper/expert_train_trajs.pt
01:05:30 | fisher_sac_hopper | === Fisher-NHD Hopper SAC ===
01:05:31 | fisher_sac_hopper |  Step |    L_outer |  agent_len | expert_len |  agent_ret | expert_ret |  RankCorr |  PolicyNLL |    hyp_raw |   hyp_clip |     lr_outer
01:08:05 | fisher_sac_hopper |     0 | 2537075.750 |     1000.0 |      998.5 |      997.6 |     3692.7 |     0.366 | 2537075.642 |      0.000 |      0.000 |     1.00e-04
01:11:08 | fisher_sac_hopper |     1 | 915285.500 |     1000.0 |      998.5 |     1015.0 |     3692.7 |     0.367 | 915285.473 | 4683999.000 |      1.000 |     9.90e-05
01:14:08 | fisher_sac_hopper |     2 | 829293.250 |     1000.0 |      998.5 |     1027.8 |     3692.7 |     0.366 | 829293.266 | 819263.750 |      1.000 |     9.80e-05
01:16:49 | fisher_sac_hopper | Загружено 1000 экспертных траекторий из data/hopper/expert_train_trajs.pt
01:16:49 | fisher_sac_hopper | === Fisher-NHD Hopper SAC ===
01:16:49 | fisher_sac_hopper |  Step |    L_outer |  agent_len | expert_len |  agent_ret | expert_ret |  RankCorr |  PolicyNLL |    hyp_raw |   hyp_clip |     lr_outer
01:19:50 | fisher_sac_hopper |     0 | 6401547.000 |     1000.0 |      998.5 |      978.9 |     3692.7 |     0.366 | 6401547.008 |      0.000 |      0.000 |     1.00e-04
01:23:17 | fisher_sac_hopper |     1 | 3964659.250 |     1000.0 |      998.5 |     1031.6 |     3692.7 |     0.366 | 3964659.499 | 4210249.500 |      1.000 |     9.90e-05
01:26:56 | fisher_sac_hopper |     2 | 429006.781 |     1000.0 |      998.5 |     1043.8 |     3692.7 |     0.365 | 429006.768 | 206736.172 |      1.000 |     9.80e-05
01:27:50 | fisher_sac_hopper | Загружено 1000 экспертных траекторий из data/hopper/expert_train_trajs.pt
01:27:50 | fisher_sac_hopper | === Fisher-NHD Hopper SAC ===
01:27:50 | fisher_sac_hopper |  Step |    L_outer |  agent_len | expert_len |  agent_ret | expert_ret |  RankCorr |  PolicyNLL |    hyp_raw |   hyp_clip |     lr_outer
01:30:48 | fisher_sac_hopper |     0 | 6401547.000 |     1000.0 |      998.5 |      978.9 |     3692.7 |     0.366 | 6401547.008 |      0.000 |      0.000 |     1.00e+00
01:33:36 | fisher_sac_hopper |     1 |  32694.885 |        6.0 |      998.5 |        2.5 |     3692.7 |    -0.267 |  32694.887 | 4210249.500 |      1.000 |     9.90e-01
01:36:22 | fisher_sac_hopper | Загружено 1000 экспертных траекторий из data/hopper/expert_train_trajs.pt
01:36:22 | fisher_sac_hopper | === Fisher-NHD Hopper SAC ===
01:36:22 | fisher_sac_hopper |  Step |    L_outer |  agent_len | expert_len |  agent_ret | expert_ret |  RankCorr |  PolicyNLL |    hyp_raw |   hyp_clip |     lr_outer
01:39:29 | fisher_sac_hopper |     0 | 6401547.000 |     1000.0 |      998.5 |      978.9 |     3692.7 |     0.366 | 6401547.008 |      0.000 |      0.000 |     1.00e-02
01:43:12 | fisher_sac_hopper | Загружено 1000 экспертных траекторий из data/hopper/expert_train_trajs.pt
01:43:12 | fisher_sac_hopper | === Fisher-NHD Hopper SAC ===
01:43:13 | fisher_sac_hopper |  Step |    L_outer |  agent_len | expert_len |  agent_ret | expert_ret |  RankCorr |  PolicyNLL |    hyp_raw |   hyp_clip |     lr_outer
01:46:06 | fisher_sac_hopper |     0 | 179687.125 |      718.5 |      998.5 |      849.1 |     3692.7 |     0.366 | 179687.124 |      0.000 |      0.000 |     1.00e-02
01:49:37 | fisher_sac_hopper |     1 |  25152.938 |     1000.0 |      998.5 |     1013.6 |     3692.7 |     0.412 |  25152.940 | 186037.406 |      1.000 |     9.90e-03
01:50:37 | fisher_sac_hopper | Загружено 1000 экспертных траекторий из data/hopper/expert_train_trajs.pt
01:50:37 | fisher_sac_hopper | === Fisher-NHD Hopper SAC ===
01:50:38 | fisher_sac_hopper |  Step |    L_outer |  agent_len | expert_len |  agent_ret | expert_ret |  RankCorr |  PolicyNLL |    hyp_raw |   hyp_clip |     lr_outer
01:57:28 | fisher_sac_hopper |     0 | 9794943.000 |     1000.0 |      998.5 |      972.7 |     3692.7 |     0.366 | 9794943.769 |      0.000 |      0.000 |     1.00e-04
02:04:44 | fisher_sac_hopper |     1 | 4585520.500 |      105.7 |      998.5 |      211.1 |     3692.7 |     0.366 | 4585520.407 | 26807678.000 |      1.000 |     9.90e-05
02:05:50 | fisher_sac_hopper | Загружено 1000 экспертных траекторий из data/hopper/expert_train_trajs.pt
02:05:50 | fisher_sac_hopper | === Fisher-NHD Hopper SAC ===
02:05:50 | fisher_sac_hopper |  Step |    L_outer |  agent_len | expert_len |  agent_ret | expert_ret |  RankCorr |  PolicyNLL |    hyp_raw |   hyp_clip |     lr_outer
02:12:31 | fisher_sac_hopper |     0 |   6897.445 |      650.2 |      998.5 |      780.0 |     3692.7 |     0.366 |   6897.445 |      0.000 |      0.000 |     1.00e-04
02:15:05 | fisher_sac_hopper | Загружено 1000 экспертных траекторий из data/hopper/expert_train_trajs.pt
02:15:05 | fisher_sac_hopper | === Fisher-NHD Hopper SAC ===
02:15:05 | fisher_sac_hopper |  Step |    L_outer |  agent_len | expert_len |  agent_ret | expert_ret |  RankCorr |  PolicyNLL |    hyp_raw |   hyp_clip |     lr_outer
02:21:57 | fisher_sac_hopper |     0 | 9794943.000 |     1000.0 |      998.5 |      972.7 |     3692.7 |     0.366 | 9794943.769 |      0.000 |      0.000 |     1.00e-03
02:29:55 | fisher_sac_hopper |     1 | 18676912.000 |     1000.0 |      998.5 |     1048.3 |     3692.7 |     0.371 | 18676910.376 | 26807678.000 |      1.000 |     9.90e-04
02:38:01 | fisher_sac_hopper |     2 | 922037.750 |     1000.0 |      998.5 |     1003.0 |     3692.7 |     0.379 | 922037.767 | 2397359.500 |      1.000 |     9.80e-04
02:46:20 | fisher_sac_hopper |     3 | 1322088.250 |     1000.0 |      998.5 |     1009.1 |     3692.7 |     0.379 | 1322088.204 | 816237.000 |      1.000 |     9.70e-04
02:53:39 | fisher_sac_hopper |     4 | 2454449.250 |     1000.0 |      998.5 |     1035.4 |     3692.7 |     0.385 | 2454449.179 | 649425.938 |      1.000 |     9.61e-04
03:01:03 | fisher_sac_hopper |     5 | 1168441.875 |     1000.0 |      998.5 |     1033.1 |     3692.7 |     0.375 | 1168441.741 | 110279.008 |      1.000 |     9.51e-04
03:08:45 | fisher_sac_hopper |     6 | 201205.062 |      959.1 |      998.5 |      953.8 |     3692.7 |     0.391 | 201205.035 | 788386.875 |      1.000 |     9.41e-04
03:15:48 | fisher_sac_hopper |     7 | 512138.938 |      319.2 |      998.5 |      422.9 |     3692.7 |     0.412 | 512138.954 | 110320.523 |      1.000 |     9.32e-04
03:23:20 | fisher_sac_hopper |     8 | 232232.625 |     1000.0 |      998.5 |     1053.6 |     3692.7 |     0.403 | 232232.627 | 323848.156 |      1.000 |     9.23e-04
03:31:42 | fisher_sac_hopper |     9 | 597399.688 |     1000.0 |      998.5 |     1034.4 |     3692.7 |     0.393 | 597399.628 | 366806.000 |      1.000 |     9.14e-04
03:39:35 | fisher_sac_hopper |    10 | 15875581.000 |     1000.0 |      998.5 |      990.2 |     3692.7 |     0.398 | 15875581.545 | 142049.281 |      1.000 |     9.04e-04
03:47:28 | fisher_sac_hopper |    11 | 205617.703 |     1000.0 |      998.5 |      992.3 |     3692.7 |     0.396 | 205617.699 | 8699375.000 |      1.000 |     8.95e-04
03:55:02 | fisher_sac_hopper |    12 |  39644.273 |     1000.0 |      998.5 |     1016.6 |     3692.7 |     0.401 |  39644.273 |  84986.289 |      1.000 |     8.86e-04
04:02:14 | fisher_sac_hopper |    13 | 346484.000 |     1000.0 |      998.5 |      990.3 |     3692.7 |     0.405 | 346483.998 | 123682.469 |      1.000 |     8.78e-04
04:10:25 | fisher_sac_hopper |    14 | 153221.422 |     1000.0 |      998.5 |      987.1 |     3692.7 |     0.403 | 153221.428 | 889021.188 |      1.000 |     8.69e-04
04:18:06 | fisher_sac_hopper |    15 | 11536950.000 |     1000.0 |      998.5 |     1011.9 |     3692.7 |     0.399 | 11536950.362 | 562868.125 |      1.000 |     8.60e-04
04:25:22 | fisher_sac_hopper |    16 | 1124620.375 |      175.4 |      998.5 |      370.5 |     3692.7 |     0.404 | 1124620.452 | 43835996.000 |      1.000 |     8.51e-04
04:33:21 | fisher_sac_hopper |    17 | 578749.062 |     1000.0 |      998.5 |     1009.5 |     3692.7 |     0.396 | 578749.056 | 1965728.625 |      1.000 |     8.43e-04
04:41:17 | fisher_sac_hopper |    18 | 436632.062 |     1000.0 |      998.5 |      976.5 |     3692.7 |     0.394 | 436632.075 | 374883.812 |      1.000 |     8.35e-04
04:49:07 | fisher_sac_hopper |    19 | 28690150.000 |     1000.0 |      998.5 |     1028.6 |     3692.7 |     0.389 | 28690149.266 | 3466912.250 |      1.000 |     8.26e-04
04:56:54 | fisher_sac_hopper |    20 | 241987.891 |     1000.0 |      998.5 |     1006.5 |     3692.7 |     0.379 | 241987.887 | 34124320.000 |      1.000 |     8.18e-04
05:04:10 | fisher_sac_hopper |    21 | 259705.594 |      582.6 |      998.5 |      723.6 |     3692.7 |     0.390 | 259705.604 | 262529.250 |      1.000 |     8.10e-04
05:11:18 | fisher_sac_hopper |    22 | 257682.938 |      109.0 |      998.5 |      162.2 |     3692.7 |     0.382 | 257682.933 |  23812.514 |      1.000 |     8.02e-04
05:18:49 | fisher_sac_hopper |    23 | 584596.562 |      119.3 |      998.5 |      245.7 |     3692.7 |     0.379 | 584596.539 | 165898.297 |      1.000 |     7.94e-04
05:26:43 | fisher_sac_hopper |    24 | 617112.188 |     1000.0 |      998.5 |     1021.8 |     3692.7 |     0.361 | 617112.161 | 372500.031 |      1.000 |     7.86e-04
05:35:05 | fisher_sac_hopper |    25 | 615220.188 |     1000.0 |      998.5 |     1002.8 |     3692.7 |     0.371 | 615220.168 |  91505.367 |      1.000 |     7.78e-04
05:42:20 | fisher_sac_hopper |    26 | 3250961.750 |      215.1 |      998.5 |      391.6 |     3692.7 |     0.377 | 3250961.892 | 2431880.250 |      1.000 |     7.70e-04
05:50:49 | fisher_sac_hopper |    27 | 304908.094 |     1000.0 |      998.5 |     1005.4 |     3692.7 |     0.388 | 304908.095 |  57651.965 |      1.000 |     7.62e-04
05:58:06 | fisher_sac_hopper |    28 | 9820025.000 |       74.2 |      998.5 |      106.0 |     3692.7 |     0.393 | 9820025.357 | 867187.500 |      1.000 |     7.55e-04
06:06:28 | fisher_sac_hopper |    29 | 4528909.000 |     1000.0 |      998.5 |      997.3 |     3692.7 |     0.396 | 4528908.892 | 12869929.000 |      1.000 |     7.47e-04
06:14:33 | fisher_sac_hopper |    30 | 869620.250 |     1000.0 |      998.5 |     1030.0 |     3692.7 |     0.396 | 869620.198 | 8484335.000 |      1.000 |     7.40e-04
06:22:03 | fisher_sac_hopper |    31 | 479810.469 |     1000.0 |      998.5 |     1026.7 |     3692.7 |     0.397 | 479810.421 | 240781.094 |      1.000 |     7.32e-04
06:29:10 | fisher_sac_hopper |    32 | 3167370.500 |      927.1 |      998.5 |      988.2 |     3692.7 |     0.393 | 3167370.606 | 1280800.500 |      1.000 |     7.25e-04
06:36:57 | fisher_sac_hopper |    33 | 160011.797 |      872.2 |      998.5 |      841.8 |     3692.7 |     0.398 | 160011.805 | 150254.922 |      1.000 |     7.18e-04
06:45:10 | fisher_sac_hopper |    34 | 27596198.000 |     1000.0 |      998.5 |     1009.5 |     3692.7 |     0.399 | 27596198.702 |  16029.146 |      1.000 |     7.11e-04
06:52:23 | fisher_sac_hopper |    35 | 2468889.750 |     1000.0 |      998.5 |     1019.7 |     3692.7 |     0.397 | 2468889.837 | 38801052.000 |      1.000 |     7.03e-04
07:00:12 | fisher_sac_hopper |    36 | 2488504.750 |     1000.0 |      998.5 |     1019.6 |     3692.7 |     0.394 | 2488504.672 | 2551687.500 |      1.000 |     6.96e-04
07:07:58 | fisher_sac_hopper |    37 | 107351.375 |      566.4 |      998.5 |      681.6 |     3692.7 |     0.397 | 107351.376 | 1995982.250 |      1.000 |     6.89e-04
07:15:59 | fisher_sac_hopper |    38 | 690370.312 |     1000.0 |      998.5 |     1036.5 |     3692.7 |     0.397 | 690370.376 | 171775.188 |      1.000 |     6.83e-04
07:23:33 | fisher_sac_hopper |    39 |  62416.168 |     1000.0 |      998.5 |     1018.8 |     3692.7 |     0.398 |  62416.172 | 557093.125 |      1.000 |     6.76e-04
07:31:41 | fisher_sac_hopper |    40 | 706915.438 |     1000.0 |      998.5 |      975.4 |     3692.7 |     0.401 | 706915.456 |  51946.043 |      1.000 |     6.69e-04
07:39:55 | fisher_sac_hopper |    41 | 220300.016 |     1000.0 |      998.5 |      979.9 |     3692.7 |     0.398 | 220300.010 | 3317903.750 |      1.000 |     6.62e-04
07:47:23 | fisher_sac_hopper |    42 | 2121527.000 |     1000.0 |      998.5 |     1009.6 |     3692.7 |     0.398 | 2121527.083 | 181986.344 |      1.000 |     6.56e-04
07:55:28 | fisher_sac_hopper |    43 | 1381240.125 |     1000.0 |      998.5 |     1055.3 |     3692.7 |     0.394 | 1381240.068 | 4845874.000 |      1.000 |     6.49e-04
08:03:02 | fisher_sac_hopper |    44 | 885457.938 |     1000.0 |      998.5 |     1019.7 |     3692.7 |     0.395 | 885457.937 | 2263605.250 |      1.000 |     6.43e-04
08:10:57 | fisher_sac_hopper |    45 | 338895.656 |     1000.0 |      998.5 |     1002.3 |     3692.7 |     0.395 | 338895.663 | 3371807.500 |      1.000 |     6.36e-04
08:18:11 | fisher_sac_hopper |    46 | 1068584.625 |     1000.0 |      998.5 |      977.3 |     3692.7 |     0.394 | 1068584.629 | 733667.625 |      1.000 |     6.30e-04
08:25:59 | fisher_sac_hopper |    47 | 22161534.000 |     1000.0 |      998.5 |      983.5 |     3692.7 |     0.394 | 22161536.559 | 6619694.000 |      1.000 |     6.24e-04
08:33:29 | fisher_sac_hopper |    48 | 7471689.500 |     1000.0 |      998.5 |     1009.4 |     3692.7 |     0.396 | 7471689.594 | 12896491.000 |      1.000 |     6.17e-04
08:40:48 | fisher_sac_hopper |    49 | 602407.438 |     1000.0 |      998.5 |      992.7 |     3692.7 |     0.391 | 602407.400 | 23426312.000 |      1.000 |     6.11e-04
08:47:18 | fisher_sac_hopper |    50 | 1890685.875 |      276.6 |      998.5 |      313.5 |     3692.7 |     0.393 | 1890685.839 | 7250990.000 |      1.000 |     6.05e-04
08:54:57 | fisher_sac_hopper |    51 | 750433.562 |     1000.0 |      998.5 |     1043.2 |     3692.7 |     0.400 | 750433.530 | 1917106.000 |      1.000 |     5.99e-04
09:02:01 | fisher_sac_hopper |    52 | 191824.219 |     1000.0 |      998.5 |     1029.8 |     3692.7 |     0.395 | 191824.218 | 1356501.625 |      1.000 |     5.93e-04
09:10:12 | fisher_sac_hopper |    53 | 2228373.000 |      816.6 |      998.5 |      830.4 |     3692.7 |     0.401 | 2228373.066 | 917960.625 |      1.000 |     5.87e-04
09:17:38 | fisher_sac_hopper |    54 | 2336105.500 |     1000.0 |      998.5 |      981.9 |     3692.7 |     0.402 | 2336105.485 | 192743.984 |      1.000 |     5.81e-04
09:24:47 | fisher_sac_hopper |    55 | 273730.969 |     1000.0 |      998.5 |     1046.9 |     3692.7 |     0.400 | 273730.975 | 5563090.000 |      1.000 |     5.75e-04
09:32:11 | fisher_sac_hopper |    56 | 2981090.750 |     1000.0 |      998.5 |     1047.6 |     3692.7 |     0.401 | 2981090.611 | 393328.406 |      1.000 |     5.70e-04
09:39:24 | fisher_sac_hopper |    57 | 1931803.625 |      599.6 |      998.5 |      568.4 |     3692.7 |     0.402 | 1931803.727 | 1859273.750 |      1.000 |     5.64e-04
09:47:38 | fisher_sac_hopper |    58 | 10547004.000 |     1000.0 |      998.5 |      993.4 |     3692.7 |     0.403 | 10547003.908 | 3713797.250 |      1.000 |     5.58e-04
09:54:36 | fisher_sac_hopper |    59 | 2776046.250 |      274.6 |      998.5 |      446.8 |     3692.7 |     0.403 | 2776046.371 | 29700658.000 |      1.000 |     5.53e-04
10:03:01 | fisher_sac_hopper |    60 | 1254953.375 |     1000.0 |      998.5 |      977.5 |     3692.7 |     0.400 | 1254953.375 | 7171780.000 |      1.000 |     5.47e-04
10:11:20 | fisher_sac_hopper |    61 | 4375282.000 |     1000.0 |      998.5 |      980.6 |     3692.7 |     0.398 | 4375282.161 | 2315643.500 |      1.000 |     5.42e-04
10:18:47 | fisher_sac_hopper |    62 | 2608342.500 |     1000.0 |      998.5 |      981.1 |     3692.7 |     0.400 | 2608342.462 | 1394136.500 |      1.000 |     5.36e-04
10:26:16 | fisher_sac_hopper |    63 | 489073.375 |     1000.0 |      998.5 |     1026.5 |     3692.7 |     0.396 | 489073.341 | 1349282.500 |      1.000 |     5.31e-04
10:34:21 | fisher_sac_hopper |    64 | 6692811.500 |     1000.0 |      998.5 |      974.3 |     3692.7 |     0.396 | 6692811.499 | 626245.875 |      1.000 |     5.26e-04
10:42:16 | fisher_sac_hopper |    65 | 632788.250 |     1000.0 |      998.5 |      975.4 |     3692.7 |     0.398 | 632788.213 | 2776268.500 |      1.000 |     5.20e-04
10:49:35 | fisher_sac_hopper |    66 | 3587182.000 |     1000.0 |      998.5 |     1022.2 |     3692.7 |     0.396 | 3587182.102 | 782775.938 |      1.000 |     5.15e-04
13:54:33 | fisher_sac_hopper | Загружено 1000 экспертных траекторий из data/hopper/expert_train_trajs.pt
13:54:33 | fisher_sac_hopper | === Fisher-NHD Hopper SAC ===
13:54:34 | fisher_sac_hopper |  Step |    L_outer |  agent_len | expert_len |  agent_ret | expert_ret |  RankCorr |  PolicyNLL |    hyp_raw |   hyp_clip |     lr_outer
13:57:15 | fisher_sac_hopper |     0 | 282583.906 |      991.9 |      998.5 |     1027.2 |     3692.7 |     0.782 | 284199.348 |      0.000 |      0.000 |     1.00e-03
14:00:02 | fisher_sac_hopper |     1 |  29095.572 |      169.7 |      998.5 |      308.1 |     3692.7 |    -0.855 |  29102.416 |  46282.438 |      1.000 |     9.90e-04
14:04:19 | fisher_sac_hopper | Загружено 1000 экспертных траекторий из data/hopper/expert_train_trajs.pt
14:04:19 | fisher_sac_hopper | === Fisher-NHD Hopper SAC ===
14:04:20 | fisher_sac_hopper |  Step |    L_outer |  agent_len | expert_len |  agent_ret | expert_ret |  RankCorr |  PolicyNLL |    hyp_raw |   hyp_clip |     lr_outer
14:08:51 | fisher_sac_hopper |     0 | 966240.250 |     1000.0 |      998.5 |      972.2 |     3692.7 |     0.782 | 963611.218 |      0.000 |      0.000 |     1.00e-03
14:14:25 | fisher_sac_hopper |     1 | 5595971.500 |     1000.0 |      998.5 |     1028.8 |     3692.7 |     0.831 | 5617151.185 | 708291.750 |      1.000 |     9.90e-04
14:20:18 | fisher_sac_hopper |     2 |  87959.086 |     1000.0 |      998.5 |      979.1 |     3692.7 |     0.849 |  87801.609 | 9357195.000 |      1.000 |     9.80e-04
14:25:09 | fisher_sac_hopper |     3 | 260762.484 |     1000.0 |      998.5 |     1046.7 |     3692.7 |     0.851 | 261495.023 | 230856.906 |      1.000 |     9.70e-04
14:30:08 | fisher_sac_hopper |     4 | 1595071.000 |      518.2 |      998.5 |      705.6 |     3692.7 |     0.853 | 1597957.436 |   9028.682 |      1.000 |     9.61e-04
14:36:35 | fisher_sac_hopper |     5 | 1609300.625 |     1000.0 |      998.5 |     1023.6 |     3692.7 |     0.854 | 1615381.387 | 214421.594 |      1.000 |     9.51e-04
14:42:51 | fisher_sac_hopper |     6 | 2797582.000 |     1000.0 |      998.5 |     1019.7 |     3692.7 |     0.852 | 2801073.540 | 1921051.625 |      1.000 |     9.41e-04
14:48:11 | fisher_sac_hopper |     7 | 913517.750 |     1000.0 |      998.5 |     1012.9 |     3692.7 |     0.854 | 914864.558 | 1388670.125 |      1.000 |     9.32e-04
14:53:42 | fisher_sac_hopper |     8 | 2648533.500 |     1000.0 |      998.5 |     1020.8 |     3692.7 |     0.855 | 2651875.377 | 823000.000 |      1.000 |     9.23e-04
14:58:23 | fisher_sac_hopper |     9 | 303115.531 |      267.5 |      998.5 |      433.9 |     3692.7 |     0.852 | 303024.040 | 9931050.000 |      1.000 |     9.14e-04
15:04:16 | fisher_sac_hopper |    10 | 1597591.250 |     1000.0 |      998.5 |     1038.2 |     3692.7 |     0.857 | 1601228.059 |  10541.423 |      1.000 |     9.04e-04
15:10:08 | fisher_sac_hopper |    11 | 443152.406 |     1000.0 |      998.5 |     1023.1 |     3692.7 |     0.857 | 442020.274 | 1178858.125 |      1.000 |     8.95e-04
15:15:19 | fisher_sac_hopper |    12 | 991985.938 |     1000.0 |      998.5 |     1011.4 |     3692.7 |     0.857 | 989674.589 | 994488.062 |      1.000 |     8.86e-04
15:20:58 | fisher_sac_hopper |    13 | 908335.625 |     1000.0 |      998.5 |     1030.6 |     3692.7 |     0.856 | 905833.698 | 1127623.500 |      1.000 |     8.78e-04
15:25:42 | fisher_sac_hopper |    14 | 17175176.000 |      170.5 |      998.5 |      311.4 |     3692.7 |     0.856 | 17121956.700 | 1512108.625 |      1.000 |     8.69e-04
15:31:13 | fisher_sac_hopper |    15 | 161050.656 |     1000.0 |      998.5 |      982.1 |     3692.7 |     0.852 | 161278.724 | 3916954.750 |      1.000 |     8.60e-04
15:36:46 | fisher_sac_hopper |    16 |  69079.234 |     1000.0 |      998.5 |     1004.4 |     3692.7 |     0.852 |  68897.882 | 407203.344 |      1.000 |     8.51e-04
15:41:37 | fisher_sac_hopper |    17 | 2834870.750 |     1000.0 |      998.5 |     1013.5 |     3692.7 |     0.853 | 2825113.855 | 123758.594 |      1.000 |     8.43e-04
15:47:13 | fisher_sac_hopper |    18 | 498626.406 |     1000.0 |      998.5 |      995.8 |     3692.7 |     0.854 | 498601.762 | 818221.688 |      1.000 |     8.35e-04
15:52:24 | fisher_sac_hopper |    19 | 109723.984 |       93.7 |      998.5 |       85.6 |     3692.7 |     0.854 | 109787.891 | 2743089.000 |      1.000 |     8.26e-04
15:57:29 | fisher_sac_hopper |    20 | 229666.828 |      994.2 |      998.5 |     1045.5 |     3692.7 |     0.856 | 230026.305 | 588835.562 |      1.000 |     8.18e-04
16:03:33 | fisher_sac_hopper |    21 | 1460506.750 |     1000.0 |      998.5 |      997.8 |     3692.7 |     0.858 | 1471094.768 | 900059.125 |      1.000 |     8.10e-04
16:08:48 | fisher_sac_hopper |    22 | 316512.594 |      294.2 |      998.5 |      448.7 |     3692.7 |     0.857 | 316607.630 |  22183.896 |      1.000 |     8.02e-04
16:14:24 | fisher_sac_hopper |    23 | 162368.078 |     1000.0 |      998.5 |      988.7 |     3692.7 |     0.853 | 162405.312 |  13839.702 |      1.000 |     7.94e-04
16:20:03 | fisher_sac_hopper |    24 | 168297.203 |     1000.0 |      998.5 |      993.8 |     3692.7 |     0.853 | 167996.936 | 395293.688 |      1.000 |     7.86e-04
16:25:03 | fisher_sac_hopper |    25 | 9592701.000 |     1000.0 |      998.5 |     1006.7 |     3692.7 |     0.853 | 9634829.120 | 514924.250 |      1.000 |     7.78e-04
