16:52:25 | fisher_hopper | === Fisher-NHD Hopper SAC ===
16:52:25 | fisher_hopper | Using device: cpu
16:52:25 | fisher_hopper | Loaded 1000 expert train trajectories from data/hopper/expert_train_trajs.pt
16:52:25 | fisher_hopper | Loaded 100 expert valid trajectories from data/hopper/expert_valid_trajs.pt
16:52:25 | fisher_hopper | Loaded 100 random valid trajectories from data/hopper/random_valid_trajs.pt
16:52:25 | fisher_hopper |  Step |    L_outer |  agent_len | expert_len |  agent_ret | expert_ret |  RankCorr |  PolicyNLL |    hyp_raw |   hyp_clip |     lr_outer
16:52:28 | fisher_hopper |     0 |   3883.362 |       23.5 |      996.3 |       14.3 |     3685.8 |     0.923 |   3886.776 |      0.000 |      0.000 |     1.00e-08
16:52:39 | fisher_hopper |     1 |   3100.123 |       21.6 |      996.3 |       18.0 |     3685.8 |     0.923 |   3109.451 |  14750.181 |      1.000 |     9.90e-09
16:52:50 | fisher_hopper |     2 |   3224.206 |       17.5 |      996.3 |       10.9 |     3685.8 |     0.923 |   3239.779 |  15324.706 |      1.000 |     9.80e-09
16:53:01 | fisher_hopper |     3 |   2081.363 |       16.9 |      996.3 |       11.7 |     3685.8 |     0.923 |   2081.710 |  14256.708 |      1.000 |     9.70e-09
16:53:11 | fisher_hopper |     4 |   2931.809 |       19.6 |      996.3 |       16.5 |     3685.8 |     0.923 |   2943.758 |  11608.689 |      1.000 |     9.61e-09
16:53:22 | fisher_hopper |     5 |   2511.312 |       19.1 |      996.3 |       15.7 |     3685.8 |     0.923 |   2509.461 |  13953.733 |      1.000 |     9.51e-09
16:53:33 | fisher_hopper |     6 |   2959.269 |       20.4 |      996.3 |       18.6 |     3685.8 |     0.923 |   2959.402 |   8469.749 |      1.000 |     9.41e-09
16:53:44 | fisher_hopper |     7 |   3626.358 |       20.4 |      996.3 |       15.1 |     3685.8 |     0.923 |   3628.515 |  10660.885 |      1.000 |     9.32e-09
16:53:55 | fisher_hopper |     8 |   3851.808 |       26.0 |      996.3 |       24.8 |     3685.8 |     0.923 |   3854.104 |  33630.312 |      1.000 |     9.23e-09
16:54:08 | fisher_hopper |     9 |   2862.916 |       20.0 |      996.3 |       13.6 |     3685.8 |     0.923 |   2863.795 |  36151.176 |      1.000 |     9.14e-09
16:54:57 | fisher_hopper | === Fisher-NHD Hopper SAC ===
16:54:57 | fisher_hopper | Using device: cpu
16:54:57 | fisher_hopper | Loaded 1000 expert train trajectories from data/hopper/expert_train_trajs.pt
16:54:57 | fisher_hopper | Loaded 100 expert valid trajectories from data/hopper/expert_valid_trajs.pt
16:54:57 | fisher_hopper | Loaded 100 random valid trajectories from data/hopper/random_valid_trajs.pt
16:54:58 | fisher_hopper |  Step |    L_outer |  agent_len | expert_len |  agent_ret | expert_ret |  RankCorr |  PolicyNLL |    hyp_raw |   hyp_clip |     lr_outer
16:55:00 | fisher_hopper |     0 |   3883.362 |       23.5 |      996.3 |       14.3 |     3685.8 |     0.923 |   3886.776 |      0.000 |      0.000 |     1.00e-08
16:55:12 | fisher_hopper |     1 |   3883.362 |       23.2 |      996.3 |       13.2 |     3685.8 |     0.923 |   3886.776 |  14750.181 |      1.000 |     9.90e-09
16:55:23 | fisher_hopper |     2 |   3883.362 |       21.6 |      996.3 |       13.2 |     3685.8 |     0.923 |   3886.776 |  12227.744 |      1.000 |     9.80e-09
16:55:31 | fisher_hopper | === Fisher-NHD Hopper SAC ===
16:55:31 | fisher_hopper | Using device: cpu
16:55:31 | fisher_hopper | Loaded 1000 expert train trajectories from data/hopper/expert_train_trajs.pt
16:55:31 | fisher_hopper | Loaded 100 expert valid trajectories from data/hopper/expert_valid_trajs.pt
16:55:31 | fisher_hopper | Loaded 100 random valid trajectories from data/hopper/random_valid_trajs.pt
16:55:32 | fisher_hopper |  Step |    L_outer |  agent_len | expert_len |  agent_ret | expert_ret |  RankCorr |  PolicyNLL |    hyp_raw |   hyp_clip |     lr_outer
16:59:26 | fisher_hopper |     0 |  37288.185 |     1000.0 |      996.3 |     1140.8 |     3685.8 |     0.923 |  37358.707 |      0.000 |      0.000 |     1.00e-08
17:06:09 | fisher_hopper |     1 | 795907.428 |     1000.0 |      996.3 |      969.8 |     3685.8 |     0.923 | 488375.673 | 1240398.750 |      1.000 |     9.90e-09
17:11:02 | fisher_hopper | === Fisher-NHD Hopper SAC ===
17:11:02 | fisher_hopper | Using device: cpu
17:11:03 | fisher_hopper | Loaded 1000 expert train trajectories from data/hopper/expert_train_trajs.pt
17:11:03 | fisher_hopper | Loaded 100 expert valid trajectories from data/hopper/expert_valid_trajs.pt
17:11:03 | fisher_hopper | Loaded 100 random valid trajectories from data/hopper/random_valid_trajs.pt
17:11:03 | fisher_hopper |  Step |    L_outer |  agent_len | expert_len |  agent_ret | expert_ret |  RankCorr |  PolicyNLL |    hyp_raw |   hyp_clip |     lr_outer
17:15:03 | fisher_hopper |     0 |  37288.185 |     1000.0 |      996.3 |     1140.8 |     3685.8 |     0.923 |  37358.707 |      0.000 |      0.000 |     1.00e-08
17:21:16 | fisher_hopper |     1 | 594556.577 |     1000.0 |      996.3 |      932.5 |     3685.8 |     0.923 | 449191.104 | 140074.906 |      1.000 |     9.90e-09
17:27:59 | fisher_hopper |     2 | 418209.652 |     1000.0 |      996.3 |      869.8 |     3685.8 |     0.923 | 428291.080 | 1770206.250 |      1.000 |     9.80e-09
17:31:28 | fisher_hopper | === Fisher-NHD Hopper SAC ===
17:31:28 | fisher_hopper | Using device: cpu
17:31:28 | fisher_hopper | Loaded 1000 expert train trajectories from data/hopper/expert_train_trajs.pt
17:31:28 | fisher_hopper | Loaded 100 expert valid trajectories from data/hopper/expert_valid_trajs.pt
17:31:28 | fisher_hopper | Loaded 100 random valid trajectories from data/hopper/random_valid_trajs.pt
17:31:28 | fisher_hopper |  Step |    L_outer |  agent_len | expert_len |  agent_ret | expert_ret |  RankCorr |  PolicyNLL |    hyp_raw |   hyp_clip |     lr_outer
17:35:09 | fisher_hopper |     0 |    608.992 |     1000.0 |      996.3 |     1025.0 |     3685.8 |     0.923 |   6808.036 |      0.000 |      0.000 |     1.00e-08
17:41:27 | fisher_hopper |     1 |    682.352 |      418.9 |      996.3 |      587.9 |     3685.8 |     0.923 |   8575.761 |   7246.954 |      1.000 |     9.90e-09
17:47:22 | fisher_hopper |     2 |    412.663 |      956.0 |      996.3 |     1012.4 |     3685.8 |     0.923 |   4728.528 |  36723.867 |      1.000 |     9.80e-09
17:53:16 | fisher_hopper |     3 |    454.018 |      996.6 |      996.3 |     1019.5 |     3685.8 |     0.923 |   4864.301 |   4694.953 |      1.000 |     9.70e-09
17:58:35 | fisher_hopper |     4 |    676.184 |      907.0 |      996.3 |      945.8 |     3685.8 |     0.923 |   8777.937 |   8608.955 |      1.000 |     9.61e-09
18:02:31 | fisher_hopper | === Fisher-NHD Hopper SAC ===
18:02:31 | fisher_hopper | Using device: cpu
18:02:31 | fisher_hopper | Loaded 1000 expert train trajectories from data/hopper/expert_train_trajs.pt
18:02:31 | fisher_hopper | Loaded 100 expert valid trajectories from data/hopper/expert_valid_trajs.pt
18:02:31 | fisher_hopper | Loaded 100 random valid trajectories from data/hopper/random_valid_trajs.pt
18:02:32 | fisher_hopper |  Step |    L_outer |  agent_len | expert_len |  agent_ret | expert_ret |  RankCorr |  PolicyNLL |    hyp_raw |   hyp_clip |     lr_outer
18:04:44 | fisher_hopper | === Fisher-NHD Hopper SAC ===
18:04:44 | fisher_hopper | Using device: cpu
18:04:44 | fisher_hopper | Loaded 1000 expert train trajectories from data/hopper/expert_train_trajs.pt
18:04:44 | fisher_hopper | Loaded 100 expert valid trajectories from data/hopper/expert_valid_trajs.pt
18:04:44 | fisher_hopper | Loaded 100 random valid trajectories from data/hopper/random_valid_trajs.pt
18:04:44 | fisher_hopper |  Step |    L_outer |  agent_len | expert_len |  agent_ret | expert_ret |  RankCorr |  PolicyNLL |    hyp_raw |   hyp_clip |     lr_outer
18:15:05 | fisher_hopper |     0 |   1417.399 |      999.2 |      996.3 |     1044.9 |     3685.8 |     0.923 |  17670.977 |      0.000 |      0.000 |     1.00e+00
18:18:36 | fisher_hopper | === Fisher-NHD Hopper SAC ===
18:18:36 | fisher_hopper | Using device: cpu
18:18:37 | fisher_hopper | Loaded 1000 expert train trajectories from data/hopper/expert_train_trajs.pt
18:18:37 | fisher_hopper | Loaded 100 expert valid trajectories from data/hopper/expert_valid_trajs.pt
18:18:37 | fisher_hopper | Loaded 100 random valid trajectories from data/hopper/random_valid_trajs.pt
18:18:37 | fisher_hopper |  Step |    L_outer |  agent_len | expert_len |  agent_ret | expert_ret |  RankCorr |  PolicyNLL |    hyp_raw |   hyp_clip |     lr_outer
18:29:48 | fisher_hopper |     0 |   1417.399 |      999.2 |      996.3 |     1044.9 |     3685.8 |     0.923 |  17670.977 |      0.000 |      0.000 |     1.00e-03
18:37:32 | fisher_hopper | === Fisher-NHD Hopper SAC ===
18:37:32 | fisher_hopper | Using device: cpu
18:37:32 | fisher_hopper | Loaded 1000 expert train trajectories from data/hopper/expert_train_trajs.pt
18:37:32 | fisher_hopper | Loaded 100 expert valid trajectories from data/hopper/expert_valid_trajs.pt
18:37:32 | fisher_hopper | Loaded 100 random valid trajectories from data/hopper/random_valid_trajs.pt
18:37:33 | fisher_hopper |  Step |    L_outer |  agent_len | expert_len |  agent_ret | expert_ret |  RankCorr |  PolicyNLL |    hyp_raw |   hyp_clip |     lr_outer
18:37:50 | fisher_hopper | === Fisher-NHD Hopper SAC ===
18:37:50 | fisher_hopper | Using device: cpu
18:37:50 | fisher_hopper | Loaded 1000 expert train trajectories from data/hopper/expert_train_trajs.pt
18:37:50 | fisher_hopper | Loaded 100 expert valid trajectories from data/hopper/expert_valid_trajs.pt
18:37:50 | fisher_hopper | Loaded 100 random valid trajectories from data/hopper/random_valid_trajs.pt
18:37:51 | fisher_hopper |  Step |    L_outer |  agent_len | expert_len |  agent_ret | expert_ret |  RankCorr |  PolicyNLL |    hyp_raw |   hyp_clip |     lr_outer
18:44:40 | fisher_hopper |     0 |   2047.610 |      991.0 |      996.3 |      974.0 |     3685.8 |     0.923 |  33263.916 |      0.000 |      0.000 |     1.00e-03
18:56:18 | fisher_hopper |     1 |   1075.748 |      995.8 |      996.3 |      998.3 |     3685.8 |     0.901 |  15947.140 |  92655.047 |      1.000 |     9.90e-04
19:07:22 | fisher_hopper |     2 |   1100.806 |     1000.0 |      996.3 |      995.1 |     3685.8 |     0.813 |  13328.836 |  59754.848 |      1.000 |     9.80e-04
19:14:38 | fisher_hopper | === Fisher-NHD Hopper SAC ===
19:14:38 | fisher_hopper | Using device: cpu
19:14:38 | fisher_hopper | Loaded 1000 expert train trajectories from data/hopper/expert_train_trajs.pt
19:14:38 | fisher_hopper | Loaded 100 expert valid trajectories from data/hopper/expert_valid_trajs.pt
19:14:38 | fisher_hopper | Loaded 100 random valid trajectories from data/hopper/random_valid_trajs.pt
19:14:39 | fisher_hopper |  Step |    L_outer |  agent_len | expert_len |  agent_ret | expert_ret |  RankCorr |  PolicyNLL |    hyp_raw |   hyp_clip |     lr_outer
19:18:18 | fisher_hopper |     0 |   1292.591 |     1000.0 |      996.3 |     1035.7 |     3685.8 |     0.923 |  17952.007 |      0.000 |      0.000 |     1.00e-03
19:24:51 | fisher_hopper |     1 |   1134.334 |      993.7 |      996.3 |     1039.4 |     3685.8 |     0.890 |  13659.044 | 103083.859 | 103083.859 |     9.90e-04
19:31:22 | fisher_hopper |     2 |    535.468 |      950.0 |      996.3 |      946.2 |     3685.8 |     0.805 |   6278.430 |  33328.680 |  33328.680 |     9.80e-04
19:37:43 | fisher_hopper |     3 |    533.365 |     1000.0 |      996.3 |      995.9 |     3685.8 |    -0.731 |   6775.594 |  15200.924 |  15200.924 |     9.70e-04
19:45:52 | fisher_hopper | === Fisher-NHD Hopper SAC ===
19:45:52 | fisher_hopper | Using device: cpu
19:45:52 | fisher_hopper | Loaded 1000 expert train trajectories from data/hopper/expert_train_trajs.pt
19:45:52 | fisher_hopper | Loaded 100 expert valid trajectories from data/hopper/expert_valid_trajs.pt
19:45:52 | fisher_hopper | Loaded 100 random valid trajectories from data/hopper/random_valid_trajs.pt
19:45:53 | fisher_hopper |  Step |    L_outer |  agent_len | expert_len |  agent_ret | expert_ret |  RankCorr |  PolicyNLL |    hyp_raw |   hyp_clip |     lr_outer
19:46:07 | fisher_hopper | === Fisher-NHD Hopper SAC ===
19:46:07 | fisher_hopper | Using device: cpu
19:46:07 | fisher_hopper | Loaded 1000 expert train trajectories from data/hopper/expert_train_trajs.pt
19:46:07 | fisher_hopper | Loaded 100 expert valid trajectories from data/hopper/expert_valid_trajs.pt
19:46:07 | fisher_hopper | Loaded 100 random valid trajectories from data/hopper/random_valid_trajs.pt
19:46:08 | fisher_hopper |  Step |    L_outer |  agent_len | expert_len |  agent_ret | expert_ret |  RankCorr |  PolicyNLL |    hyp_raw |   hyp_clip |     lr_outer
19:47:51 | fisher_hopper |     0 |   1090.633 |      740.5 |      996.3 |      710.4 |     3685.8 |     0.923 |  13959.144 |      0.000 |      0.000 |     1.00e-03
19:51:34 | fisher_hopper | === Fisher-NHD Hopper SAC ===
19:51:34 | fisher_hopper | Using device: cpu
19:51:35 | fisher_hopper | Loaded 1000 expert train trajectories from data/hopper/expert_train_trajs.pt
19:51:35 | fisher_hopper | Loaded 100 expert valid trajectories from data/hopper/expert_valid_trajs.pt
19:51:35 | fisher_hopper | Loaded 100 random valid trajectories from data/hopper/random_valid_trajs.pt
19:51:35 | fisher_hopper |  Step |    L_outer |  agent_len | expert_len |  agent_ret | expert_ret |  RankCorr |  PolicyNLL |    hyp_raw |   hyp_clip |     lr_outer
19:53:15 | fisher_hopper |     0 |   1090.633 |      740.5 |      996.3 |      710.4 |     3685.8 |     0.923 |  13959.144 |      0.000 |      0.000 |     1.00e-03
19:57:01 | fisher_hopper |     1 |   1559.086 |      919.7 |      996.3 |      987.8 |     3685.8 |     0.912 |  21129.781 |  51272.637 |  51272.637 |     9.90e-04
20:00:42 | fisher_hopper | === Fisher-NHD Hopper SAC ===
20:00:42 | fisher_hopper | Using device: cpu
20:00:42 | fisher_hopper | Loaded 1000 expert train trajectories from data/hopper/expert_train_trajs.pt
20:00:42 | fisher_hopper | Loaded 100 expert valid trajectories from data/hopper/expert_valid_trajs.pt
20:00:42 | fisher_hopper | Loaded 100 random valid trajectories from data/hopper/random_valid_trajs.pt
20:00:43 | fisher_hopper |  Step |    L_outer |  agent_len | expert_len |  agent_ret | expert_ret |  RankCorr |  PolicyNLL |    hyp_raw |   hyp_clip |     lr_outer
20:02:25 | fisher_hopper |     0 |   1090.633 |      740.5 |      996.3 |      710.4 |     3685.8 |     0.923 |  13959.144 |      0.000 |      0.000 |     1.00e-03
20:06:10 | fisher_hopper |     1 |   1565.282 |      996.2 |      996.3 |     1000.0 |     3685.8 |     0.924 |  21440.989 | 797780.688 | 797780.688 |     9.90e-04
20:06:53 | fisher_hopper | === Fisher-NHD Hopper SAC ===
20:06:53 | fisher_hopper | Using device: cpu
20:06:53 | fisher_hopper | Loaded 1000 expert train trajectories from data/hopper/expert_train_trajs.pt
20:06:53 | fisher_hopper | Loaded 100 expert valid trajectories from data/hopper/expert_valid_trajs.pt
20:06:53 | fisher_hopper | Loaded 100 random valid trajectories from data/hopper/random_valid_trajs.pt
20:06:53 | fisher_hopper |  Step |    L_outer |  agent_len | expert_len |  agent_ret | expert_ret |  RankCorr |  PolicyNLL |    hyp_raw |   hyp_clip |     lr_outer
20:08:37 | fisher_hopper |     0 |   1090.633 |      740.5 |      996.3 |      710.4 |     3685.8 |     0.923 |  13959.144 |      0.000 |      0.000 |     1.00e-03
20:09:36 | fisher_hopper | === Fisher-NHD Hopper SAC ===
20:09:36 | fisher_hopper | Using device: cpu
20:09:36 | fisher_hopper | Loaded 1000 expert train trajectories from data/hopper/expert_train_trajs.pt
20:09:36 | fisher_hopper | Loaded 100 expert valid trajectories from data/hopper/expert_valid_trajs.pt
20:09:36 | fisher_hopper | Loaded 100 random valid trajectories from data/hopper/random_valid_trajs.pt
20:09:36 | fisher_hopper |  Step |    L_outer |  agent_len | expert_len |  agent_ret | expert_ret |  RankCorr |  PolicyNLL |    hyp_raw |   hyp_clip |     lr_outer
20:11:21 | fisher_hopper |     0 |   1090.633 |      740.5 |      996.3 |      710.4 |     3685.8 |     0.923 |  13959.144 |      0.000 |      0.000 |     1.00e-03
20:15:40 | fisher_hopper | === Fisher-NHD Hopper SAC ===
20:15:40 | fisher_hopper | Using device: cpu
20:15:40 | fisher_hopper | Loaded 1000 expert train trajectories from data/hopper/expert_train_trajs.pt
20:15:40 | fisher_hopper | Loaded 100 expert valid trajectories from data/hopper/expert_valid_trajs.pt
20:15:40 | fisher_hopper | Loaded 100 random valid trajectories from data/hopper/random_valid_trajs.pt
20:15:41 | fisher_hopper |  Step |    L_outer |  agent_len | expert_len |  agent_ret | expert_ret |  RankCorr |  PolicyNLL |    hyp_raw |   hyp_clip |     lr_outer
20:19:21 | fisher_hopper |     0 |   1292.591 |     1000.0 |      996.3 |     1035.7 |     3685.8 |     0.923 |  17952.007 |      0.000 |      0.000 |     1.00e-03
20:25:43 | fisher_hopper |     1 |    937.051 |      991.8 |      996.3 |     1024.3 |     3685.8 |     0.894 |  13409.267 | 1530050.750 |      1.000 |     9.90e-04
20:31:42 | fisher_hopper |     2 |    618.196 |      989.4 |      996.3 |      990.4 |     3685.8 |     0.805 |   7567.669 | 1773994.750 |      1.000 |     9.80e-04
20:32:07 | fisher_hopper | === Fisher-NHD Hopper SAC ===
20:32:07 | fisher_hopper | Using device: cpu
20:32:07 | fisher_hopper | Loaded 1000 expert train trajectories from data/hopper/expert_train_trajs.pt
20:32:07 | fisher_hopper | Loaded 100 expert valid trajectories from data/hopper/expert_valid_trajs.pt
20:32:07 | fisher_hopper | Loaded 100 random valid trajectories from data/hopper/random_valid_trajs.pt
20:32:08 | fisher_hopper |  Step |    L_outer |  agent_len | expert_len |  agent_ret | expert_ret |  RankCorr |  PolicyNLL |    hyp_raw |   hyp_clip |     lr_outer
20:43:23 | fisher_hopper | === Fisher-NHD Hopper SAC ===
20:43:23 | fisher_hopper | Using device: cpu
20:43:23 | fisher_hopper | Loaded 1000 expert train trajectories from data/hopper/expert_train_trajs.pt
20:43:23 | fisher_hopper | Loaded 100 expert valid trajectories from data/hopper/expert_valid_trajs.pt
20:43:23 | fisher_hopper | Loaded 100 random valid trajectories from data/hopper/random_valid_trajs.pt
20:43:24 | fisher_hopper |  Step |    L_outer |  agent_len | expert_len |  agent_ret | expert_ret |  RankCorr |  PolicyNLL |    hyp_raw |   hyp_clip |     lr_outer
21:31:39 | fisher_hopper | === Fisher-NHD Hopper SAC ===
21:31:39 | fisher_hopper | Using device: cpu
21:31:39 | fisher_hopper | Loaded 1000 expert train trajectories from data/hopper/expert_train_trajs.pt
21:31:39 | fisher_hopper | Loaded 100 expert valid trajectories from data/hopper/expert_valid_trajs.pt
21:31:39 | fisher_hopper | Loaded 100 random valid trajectories from data/hopper/random_valid_trajs.pt
21:31:40 | fisher_hopper |  Step |    L_outer |  agent_len | expert_len |  agent_ret | expert_ret |  RankCorr |  PolicyNLL |    hyp_raw |   hyp_clip |     lr_outer
21:35:17 | fisher_hopper |     0 |   1292.591 |     1000.0 |      996.3 |     1035.7 |     3685.8 |     0.923 |  17952.007 |      0.000 |      0.000 |     1.00e-03
21:42:22 | fisher_hopper |     1 |    937.051 |      991.8 |      996.3 |     1024.3 |     3685.8 |     0.894 |  13409.267 | 1530050.750 |      1.000 |     9.90e-04
21:48:29 | fisher_hopper |     2 |    618.196 |      989.4 |      996.3 |      990.4 |     3685.8 |     0.805 |   7567.669 | 1773994.750 |      1.000 |     9.80e-04
21:55:07 | fisher_hopper |     3 |   1938.166 |     1000.0 |      996.3 |      998.9 |     3685.8 |     0.781 |  43254.456 | 190637.109 |      1.000 |     9.70e-04
22:03:56 | fisher_hopper |     4 |    964.450 |      984.5 |      996.3 |      978.7 |     3685.8 |    -0.748 |  15770.689 | 8222684.500 |      1.000 |     9.61e-04
22:04:38 | fisher_hopper | === Fisher-NHD Hopper SAC ===
22:04:38 | fisher_hopper | Using device: cpu
22:04:38 | fisher_hopper | Loaded 1000 expert train trajectories from data/hopper/expert_train_trajs.pt
22:04:38 | fisher_hopper | Loaded 100 expert valid trajectories from data/hopper/expert_valid_trajs.pt
22:04:38 | fisher_hopper | Loaded 100 random valid trajectories from data/hopper/random_valid_trajs.pt
22:04:39 | fisher_hopper |  Step |    L_outer |  agent_len | expert_len |  agent_ret | expert_ret |  RankCorr |  PolicyNLL |    hyp_raw |   hyp_clip |     lr_outer
22:10:10 | fisher_hopper | === Fisher-NHD Hopper SAC ===
22:10:10 | fisher_hopper | Using device: cpu
22:10:10 | fisher_hopper | Loaded 1000 expert train trajectories from data/hopper/expert_train_trajs.pt
22:10:10 | fisher_hopper | Loaded 100 expert valid trajectories from data/hopper/expert_valid_trajs.pt
22:10:10 | fisher_hopper | Loaded 100 random valid trajectories from data/hopper/random_valid_trajs.pt
22:10:10 | fisher_hopper |  Step |    L_outer |  agent_len | expert_len |  agent_ret | expert_ret |  RankCorr |  PolicyNLL |    hyp_raw |   hyp_clip |     lr_outer
22:10:33 | fisher_hopper | === Fisher-NHD Hopper SAC ===
22:10:33 | fisher_hopper | Using device: cpu
22:10:33 | fisher_hopper | Loaded 1000 expert train trajectories from data/hopper/expert_train_trajs.pt
22:10:33 | fisher_hopper | Loaded 100 expert valid trajectories from data/hopper/expert_valid_trajs.pt
22:10:33 | fisher_hopper | Loaded 100 random valid trajectories from data/hopper/random_valid_trajs.pt
22:10:33 | fisher_hopper |  Step |    L_outer |  agent_len | expert_len |  agent_ret | expert_ret |  RankCorr |  PolicyNLL |    hyp_raw |   hyp_clip |     lr_outer
22:11:40 | fisher_hopper | === Fisher-NHD Hopper SAC ===
22:11:40 | fisher_hopper | Using device: cpu
22:11:40 | fisher_hopper | Loaded 1000 expert train trajectories from data/hopper/expert_train_trajs.pt
22:11:40 | fisher_hopper | Loaded 100 expert valid trajectories from data/hopper/expert_valid_trajs.pt
22:11:40 | fisher_hopper | Loaded 100 random valid trajectories from data/hopper/random_valid_trajs.pt
22:11:41 | fisher_hopper |  Step |    L_outer |  agent_len | expert_len |  agent_ret | expert_ret |  RankCorr |  PolicyNLL |    hyp_raw |   hyp_clip |     lr_outer
22:13:00 | fisher_hopper | === Fisher-NHD Hopper SAC ===
22:13:00 | fisher_hopper | Using device: cpu
22:13:00 | fisher_hopper | Loaded 1000 expert train trajectories from data/hopper/expert_train_trajs.pt
22:13:00 | fisher_hopper | Loaded 100 expert valid trajectories from data/hopper/expert_valid_trajs.pt
22:13:00 | fisher_hopper | Loaded 100 random valid trajectories from data/hopper/random_valid_trajs.pt
22:13:01 | fisher_hopper |  Step |    L_outer |  agent_len | expert_len |  agent_ret | expert_ret |  RankCorr |  PolicyNLL |    hyp_raw |   hyp_clip |     lr_outer
22:36:09 | fisher_hopper | === Fisher-NHD Hopper SAC ===
22:36:09 | fisher_hopper | Using device: cpu
22:36:09 | fisher_hopper | Loaded 1000 expert train trajectories from data/hopper/expert_train_trajs.pt
22:36:09 | fisher_hopper | Loaded 100 expert valid trajectories from data/hopper/expert_valid_trajs.pt
22:36:09 | fisher_hopper | Loaded 100 random valid trajectories from data/hopper/random_valid_trajs.pt
22:36:09 | fisher_hopper |  Step |    L_outer |  agent_len | expert_len |  agent_ret | expert_ret |  RankCorr |  PolicyNLL |    hyp_raw |   hyp_clip |     lr_outer
22:43:00 | fisher_hopper | === Fisher-NHD Hopper SAC ===
22:43:00 | fisher_hopper | Using device: cpu
22:43:00 | fisher_hopper | Loaded 1000 expert train trajectories from data/hopper/expert_train_trajs.pt
22:43:00 | fisher_hopper | Loaded 100 expert valid trajectories from data/hopper/expert_valid_trajs.pt
22:43:00 | fisher_hopper | Loaded 100 random valid trajectories from data/hopper/random_valid_trajs.pt
22:43:01 | fisher_hopper |  Step |    L_outer |  agent_len | expert_len |  agent_ret | expert_ret |  RankCorr |  PolicyNLL |    hyp_raw |   hyp_clip |     lr_outer
22:43:20 | fisher_hopper | === Fisher-NHD Hopper SAC ===
22:43:20 | fisher_hopper | Using device: cpu
22:43:20 | fisher_hopper | Loaded 1000 expert train trajectories from data/hopper/expert_train_trajs.pt
22:43:20 | fisher_hopper | Loaded 100 expert valid trajectories from data/hopper/expert_valid_trajs.pt
22:43:20 | fisher_hopper | Loaded 100 random valid trajectories from data/hopper/random_valid_trajs.pt
22:43:21 | fisher_hopper |  Step |    L_outer |  agent_len | expert_len |  agent_ret | expert_ret |  RankCorr |  PolicyNLL |    hyp_raw |   hyp_clip |     lr_outer
23:52:53 | fisher_hopper | === Fisher-NHD Hopper SAC ===
23:52:53 | fisher_hopper | Using device: cpu
23:52:53 | fisher_hopper | Loaded 1000 expert train trajectories from data/hopper/expert_train_trajs.pt
23:52:53 | fisher_hopper | Loaded 100 expert valid trajectories from data/hopper/expert_valid_trajs.pt
23:52:53 | fisher_hopper | Loaded 100 random valid trajectories from data/hopper/random_valid_trajs.pt
23:52:54 | fisher_hopper |  Step |    L_outer |  agent_len | expert_len |  agent_ret | expert_ret |  RankCorr |  PolicyNLL |    hyp_raw |   hyp_clip |     lr_outer
00:02:29 | fisher_hopper | === Fisher-NHD Hopper SAC ===
00:02:29 | fisher_hopper | Using device: cpu
00:02:29 | fisher_hopper | Loaded 1000 expert train trajectories from data/hopper/expert_train_trajs.pt
00:02:29 | fisher_hopper | Loaded 100 expert valid trajectories from data/hopper/expert_valid_trajs.pt
00:02:29 | fisher_hopper | Loaded 100 random valid trajectories from data/hopper/random_valid_trajs.pt
00:02:29 | fisher_hopper |  Step |    L_outer |  agent_len | expert_len |  agent_ret | expert_ret |  RankCorr |  PolicyNLL |    hyp_raw |   hyp_clip |     lr_outer
00:04:16 | fisher_hopper | === Fisher-NHD Hopper SAC ===
00:04:16 | fisher_hopper | Using device: cpu
00:04:16 | fisher_hopper | Loaded 1000 expert train trajectories from data/hopper/expert_train_trajs.pt
00:04:16 | fisher_hopper | Loaded 100 expert valid trajectories from data/hopper/expert_valid_trajs.pt
00:04:16 | fisher_hopper | Loaded 100 random valid trajectories from data/hopper/random_valid_trajs.pt
00:04:17 | fisher_hopper |  Step |    L_outer |  agent_len | expert_len |  agent_ret | expert_ret |  RankCorr |  PolicyNLL |    hyp_raw |   hyp_clip |     lr_outer
00:04:53 | fisher_hopper | === Fisher-NHD Hopper SAC ===
00:04:53 | fisher_hopper | Using device: cpu
00:04:53 | fisher_hopper | Loaded 1000 expert train trajectories from data/hopper/expert_train_trajs.pt
00:04:53 | fisher_hopper | Loaded 100 expert valid trajectories from data/hopper/expert_valid_trajs.pt
00:04:53 | fisher_hopper | Loaded 100 random valid trajectories from data/hopper/random_valid_trajs.pt
00:04:53 | fisher_hopper |  Step |    L_outer |  agent_len | expert_len |  agent_ret | expert_ret |  RankCorr |  PolicyNLL |    hyp_raw |   hyp_clip |     lr_outer
00:13:05 | fisher_hopper | === Fisher-NHD Hopper SAC ===
00:13:05 | fisher_hopper | Using device: cpu
00:13:05 | fisher_hopper | Loaded 1000 expert train trajectories from data/hopper/expert_train_trajs.pt
00:13:05 | fisher_hopper | Loaded 100 expert valid trajectories from data/hopper/expert_valid_trajs.pt
00:13:05 | fisher_hopper | Loaded 100 random valid trajectories from data/hopper/random_valid_trajs.pt
00:13:06 | fisher_hopper |  Step |    L_outer |  agent_len | expert_len |  agent_ret | expert_ret |  RankCorr |  PolicyNLL |    hyp_raw |   hyp_clip |     lr_outer
00:13:25 | fisher_hopper | === Fisher-NHD Hopper SAC ===
00:13:25 | fisher_hopper | Using device: cpu
00:13:25 | fisher_hopper | Loaded 1000 expert train trajectories from data/hopper/expert_train_trajs.pt
00:13:25 | fisher_hopper | Loaded 100 expert valid trajectories from data/hopper/expert_valid_trajs.pt
00:13:25 | fisher_hopper | Loaded 100 random valid trajectories from data/hopper/random_valid_trajs.pt
00:13:26 | fisher_hopper |  Step |    L_outer |  agent_len | expert_len |  agent_ret | expert_ret |  RankCorr |  PolicyNLL |    hyp_raw |   hyp_clip |     lr_outer
00:13:28 | fisher_hopper |     0 |    337.124 |       24.0 |      996.3 |       14.2 |     3685.8 |     0.923 |   3886.776 |      0.000 |      0.000 |     1.00e-03
00:13:42 | fisher_hopper | === Fisher-NHD Hopper SAC ===
00:13:42 | fisher_hopper | Using device: cpu
00:13:42 | fisher_hopper | Loaded 1000 expert train trajectories from data/hopper/expert_train_trajs.pt
00:13:42 | fisher_hopper | Loaded 100 expert valid trajectories from data/hopper/expert_valid_trajs.pt
00:13:42 | fisher_hopper | Loaded 100 random valid trajectories from data/hopper/random_valid_trajs.pt
00:13:43 | fisher_hopper |  Step |    L_outer |  agent_len | expert_len |  agent_ret | expert_ret |  RankCorr |  PolicyNLL |    hyp_raw |   hyp_clip |     lr_outer
00:15:52 | fisher_hopper | === Fisher-NHD Hopper SAC ===
00:15:52 | fisher_hopper | Using device: cpu
00:15:52 | fisher_hopper | Loaded 1000 expert train trajectories from data/hopper/expert_train_trajs.pt
00:15:52 | fisher_hopper | Loaded 100 expert valid trajectories from data/hopper/expert_valid_trajs.pt
00:15:52 | fisher_hopper | Loaded 100 random valid trajectories from data/hopper/random_valid_trajs.pt
00:15:53 | fisher_hopper |  Step |    L_outer |  agent_len | expert_len |  agent_ret | expert_ret |  RankCorr |  PolicyNLL |    hyp_raw |   hyp_clip |     lr_outer
00:16:28 | fisher_hopper | === Fisher-NHD Hopper SAC ===
00:16:28 | fisher_hopper | Using device: cpu
00:16:28 | fisher_hopper | Loaded 1000 expert train trajectories from data/hopper/expert_train_trajs.pt
00:16:28 | fisher_hopper | Loaded 100 expert valid trajectories from data/hopper/expert_valid_trajs.pt
00:16:28 | fisher_hopper | Loaded 100 random valid trajectories from data/hopper/random_valid_trajs.pt
00:16:29 | fisher_hopper |  Step |    L_outer |  agent_len | expert_len |  agent_ret | expert_ret |  RankCorr |  PolicyNLL |    hyp_raw |   hyp_clip |     lr_outer
00:26:38 | fisher_hopper |     0 |   1411.144 |     1000.0 |      996.3 |      989.8 |     3685.8 |     0.923 |  19513.469 |      0.000 |      0.000 |     1.00e-03
00:29:18 | fisher_hopper | === Fisher-NHD Hopper SAC ===
00:29:18 | fisher_hopper | Using device: cpu
00:29:18 | fisher_hopper | Loaded 1000 expert train trajectories from data/hopper/expert_train_trajs.pt
00:29:18 | fisher_hopper | Loaded 100 expert valid trajectories from data/hopper/expert_valid_trajs.pt
00:29:18 | fisher_hopper | Loaded 100 random valid trajectories from data/hopper/random_valid_trajs.pt
00:29:19 | fisher_hopper |  Step |    L_outer |  agent_len | expert_len |  agent_ret | expert_ret |  RankCorr |  PolicyNLL |    hyp_raw |   hyp_clip |     lr_outer
00:32:51 | fisher_hopper |     0 |    555.046 |      843.4 |      996.3 |      859.8 |     3685.8 |     0.923 |   5672.595 |      0.000 |      0.000 |     1.00e-03
00:36:01 | fisher_hopper | === Fisher-NHD Hopper SAC ===
00:36:01 | fisher_hopper | Using device: cpu
00:36:01 | fisher_hopper | Loaded 1000 expert train trajectories from data/hopper/expert_train_trajs.pt
00:36:01 | fisher_hopper | Loaded 100 expert valid trajectories from data/hopper/expert_valid_trajs.pt
00:36:01 | fisher_hopper | Loaded 100 random valid trajectories from data/hopper/random_valid_trajs.pt
00:36:02 | fisher_hopper |  Step |    L_outer |  agent_len | expert_len |  agent_ret | expert_ret |  RankCorr |  PolicyNLL |    hyp_raw |   hyp_clip |     lr_outer
00:39:36 | fisher_hopper |     0 |    680.331 |      980.0 |      996.3 |      992.2 |     3685.8 |     0.923 |   6815.301 |      0.000 |      0.000 |     1.00e-03
00:41:42 | fisher_hopper | === Fisher-NHD Hopper SAC ===
00:41:42 | fisher_hopper | Using device: cpu
00:41:43 | fisher_hopper | Loaded 1000 expert train trajectories from data/hopper/expert_train_trajs.pt
00:41:43 | fisher_hopper | Loaded 100 expert valid trajectories from data/hopper/expert_valid_trajs.pt
00:41:43 | fisher_hopper | Loaded 100 random valid trajectories from data/hopper/random_valid_trajs.pt
00:41:43 | fisher_hopper |  Step |    L_outer |  agent_len | expert_len |  agent_ret | expert_ret |  RankCorr |  PolicyNLL |    hyp_raw |   hyp_clip |     lr_outer
00:42:09 | fisher_hopper |     0 |   1275.308 |      123.1 |      996.3 |      254.4 |     3685.8 |     0.923 |  20536.495 |      0.000 |      0.000 |     1.00e-03
00:44:15 | fisher_hopper | === Fisher-NHD Hopper SAC ===
00:44:15 | fisher_hopper | Using device: cpu
00:44:15 | fisher_hopper | Loaded 1000 expert train trajectories from data/hopper/expert_train_trajs.pt
00:44:15 | fisher_hopper | Loaded 100 expert valid trajectories from data/hopper/expert_valid_trajs.pt
00:44:15 | fisher_hopper | Loaded 100 random valid trajectories from data/hopper/random_valid_trajs.pt
00:44:15 | fisher_hopper |  Step |    L_outer |  agent_len | expert_len |  agent_ret | expert_ret |  RankCorr |  PolicyNLL |    hyp_raw |   hyp_clip |     lr_outer
00:44:40 | fisher_hopper |     0 |   1544.654 |      132.7 |      996.3 |      266.5 |     3685.8 |     0.923 |  30014.544 |      0.000 |      0.000 |     1.00e-03
00:46:06 | fisher_hopper | === Fisher-NHD Hopper SAC ===
00:46:06 | fisher_hopper | Using device: cpu
00:46:06 | fisher_hopper | Loaded 1000 expert train trajectories from data/hopper/expert_train_trajs.pt
00:46:06 | fisher_hopper | Loaded 100 expert valid trajectories from data/hopper/expert_valid_trajs.pt
00:46:06 | fisher_hopper | Loaded 100 random valid trajectories from data/hopper/random_valid_trajs.pt
00:46:07 | fisher_hopper |  Step |    L_outer |  agent_len | expert_len |  agent_ret | expert_ret |  RankCorr |  PolicyNLL |    hyp_raw |   hyp_clip |     lr_outer
00:46:27 | fisher_hopper | === Fisher-NHD Hopper SAC ===
00:46:27 | fisher_hopper | Using device: cpu
00:46:27 | fisher_hopper | Loaded 1000 expert train trajectories from data/hopper/expert_train_trajs.pt
00:46:27 | fisher_hopper | Loaded 100 expert valid trajectories from data/hopper/expert_valid_trajs.pt
00:46:27 | fisher_hopper | Loaded 100 random valid trajectories from data/hopper/random_valid_trajs.pt
00:46:28 | fisher_hopper |  Step |    L_outer |  agent_len | expert_len |  agent_ret | expert_ret |  RankCorr |  PolicyNLL |    hyp_raw |   hyp_clip |     lr_outer
00:46:53 | fisher_hopper |     0 |   1288.886 |      100.4 |      996.3 |      213.9 |     3685.8 |     0.923 |  20671.743 |      0.000 |      0.000 |     1.00e-03
00:48:12 | fisher_hopper | === Fisher-NHD Hopper SAC ===
00:48:12 | fisher_hopper | Using device: cpu
00:48:12 | fisher_hopper | Loaded 1000 expert train trajectories from data/hopper/expert_train_trajs.pt
00:48:12 | fisher_hopper | Loaded 100 expert valid trajectories from data/hopper/expert_valid_trajs.pt
00:48:12 | fisher_hopper | Loaded 100 random valid trajectories from data/hopper/random_valid_trajs.pt
00:48:13 | fisher_hopper |  Step |    L_outer |  agent_len | expert_len |  agent_ret | expert_ret |  RankCorr |  PolicyNLL |    hyp_raw |   hyp_clip |     lr_outer
00:48:37 | fisher_hopper |     0 |   1246.058 |      107.1 |      996.3 |      221.3 |     3685.8 |     0.923 |  17238.897 |      0.000 |      0.000 |     1.00e-03
00:50:16 | fisher_hopper | === Fisher-NHD Hopper SAC ===
00:50:16 | fisher_hopper | Using device: cpu
00:50:16 | fisher_hopper | Loaded 1000 expert train trajectories from data/hopper/expert_train_trajs.pt
00:50:16 | fisher_hopper | Loaded 100 expert valid trajectories from data/hopper/expert_valid_trajs.pt
00:50:16 | fisher_hopper | Loaded 100 random valid trajectories from data/hopper/random_valid_trajs.pt
00:50:16 | fisher_hopper |  Step |    L_outer |  agent_len | expert_len |  agent_ret | expert_ret |  RankCorr |  PolicyNLL |    hyp_raw |   hyp_clip |     lr_outer
00:51:03 | fisher_hopper |     0 |   1222.088 |      129.1 |      996.3 |      259.3 |     3685.8 |     0.923 |  16955.433 |      0.000 |      0.000 |     1.00e-03
00:54:34 | fisher_hopper | === Fisher-NHD Hopper SAC ===
00:54:34 | fisher_hopper | Using device: cpu
00:54:34 | fisher_hopper | Loaded 1000 expert train trajectories from data/hopper/expert_train_trajs.pt
00:54:34 | fisher_hopper | Loaded 100 expert valid trajectories from data/hopper/expert_valid_trajs.pt
00:54:34 | fisher_hopper | Loaded 100 random valid trajectories from data/hopper/random_valid_trajs.pt
00:54:35 | fisher_hopper |  Step |    L_outer |  agent_len | expert_len |  agent_ret | expert_ret |  RankCorr |  PolicyNLL |    hyp_raw |   hyp_clip |     lr_outer
00:54:59 | fisher_hopper |     0 |    675.899 |      109.2 |      996.3 |      241.6 |     3685.8 |     0.923 |   9647.579 |      0.000 |      0.000 |     1.00e-03
00:56:06 | fisher_hopper | === Fisher-NHD Hopper SAC ===
00:56:06 | fisher_hopper | Using device: cpu
00:56:06 | fisher_hopper | Loaded 1000 expert train trajectories from data/hopper/expert_train_trajs.pt
00:56:06 | fisher_hopper | Loaded 100 expert valid trajectories from data/hopper/expert_valid_trajs.pt
00:56:06 | fisher_hopper | Loaded 100 random valid trajectories from data/hopper/random_valid_trajs.pt
00:56:07 | fisher_hopper |  Step |    L_outer |  agent_len | expert_len |  agent_ret | expert_ret |  RankCorr |  PolicyNLL |    hyp_raw |   hyp_clip |     lr_outer
00:56:31 | fisher_hopper |     0 |    815.788 |      128.4 |      996.3 |      233.8 |     3685.8 |     0.923 |   9505.205 |      0.000 |      0.000 |     1.00e-03
00:57:53 | fisher_hopper | === Fisher-NHD Hopper SAC ===
00:57:53 | fisher_hopper | Using device: cpu
00:57:53 | fisher_hopper | Loaded 1000 expert train trajectories from data/hopper/expert_train_trajs.pt
00:57:53 | fisher_hopper | Loaded 100 expert valid trajectories from data/hopper/expert_valid_trajs.pt
00:57:53 | fisher_hopper | Loaded 100 random valid trajectories from data/hopper/random_valid_trajs.pt
00:57:53 | fisher_hopper |  Step |    L_outer |  agent_len | expert_len |  agent_ret | expert_ret |  RankCorr |  PolicyNLL |    hyp_raw |   hyp_clip |     lr_outer
00:58:37 | fisher_hopper |     0 |    941.401 |      105.1 |      996.3 |      221.6 |     3685.8 |     0.923 |  11987.362 |      0.000 |      0.000 |     1.00e-03
01:01:32 | fisher_hopper | === Fisher-NHD Hopper SAC ===
01:01:32 | fisher_hopper | Using device: cpu
01:01:32 | fisher_hopper | Loaded 1000 expert train trajectories from data/hopper/expert_train_trajs.pt
01:01:32 | fisher_hopper | Loaded 100 expert valid trajectories from data/hopper/expert_valid_trajs.pt
01:01:32 | fisher_hopper | Loaded 100 random valid trajectories from data/hopper/random_valid_trajs.pt
01:01:33 | fisher_hopper |  Step |    L_outer |  agent_len | expert_len |  agent_ret | expert_ret |  RankCorr |  PolicyNLL |    hyp_raw |   hyp_clip |     lr_outer
01:02:17 | fisher_hopper |     0 |    825.689 |      119.1 |      996.3 |      255.4 |     3685.8 |     0.923 |  12283.296 |      0.000 |      0.000 |     1.00e-03
01:02:52 | fisher_hopper | === Fisher-NHD Hopper SAC ===
01:02:52 | fisher_hopper | Using device: cpu
01:02:52 | fisher_hopper | Loaded 1000 expert train trajectories from data/hopper/expert_train_trajs.pt
01:02:52 | fisher_hopper | Loaded 100 expert valid trajectories from data/hopper/expert_valid_trajs.pt
01:02:52 | fisher_hopper | Loaded 100 random valid trajectories from data/hopper/random_valid_trajs.pt
01:02:52 | fisher_hopper |  Step |    L_outer |  agent_len | expert_len |  agent_ret | expert_ret |  RankCorr |  PolicyNLL |    hyp_raw |   hyp_clip |     lr_outer
01:03:34 | fisher_hopper |     0 |   1124.014 |      111.5 |      996.3 |      238.8 |     3685.8 |     0.923 |  15951.689 |      0.000 |      0.000 |     1.00e-03
01:03:43 | fisher_hopper | === Fisher-NHD Hopper SAC ===
01:03:43 | fisher_hopper | Using device: cpu
01:03:43 | fisher_hopper | Loaded 1000 expert train trajectories from data/hopper/expert_train_trajs.pt
01:03:43 | fisher_hopper | Loaded 100 expert valid trajectories from data/hopper/expert_valid_trajs.pt
01:03:43 | fisher_hopper | Loaded 100 random valid trajectories from data/hopper/random_valid_trajs.pt
01:03:44 | fisher_hopper |  Step |    L_outer |  agent_len | expert_len |  agent_ret | expert_ret |  RankCorr |  PolicyNLL |    hyp_raw |   hyp_clip |     lr_outer
01:04:25 | fisher_hopper |     0 |   1124.014 |      111.5 |      996.3 |      238.8 |     3685.8 |     0.923 |  15951.689 |      0.000 |      0.000 |     1.00e-03
01:05:55 | fisher_hopper | === Fisher-NHD Hopper SAC ===
01:05:55 | fisher_hopper | Using device: cpu
01:05:55 | fisher_hopper | Loaded 1000 expert train trajectories from data/hopper/expert_train_trajs.pt
01:05:55 | fisher_hopper | Loaded 100 expert valid trajectories from data/hopper/expert_valid_trajs.pt
01:05:55 | fisher_hopper | Loaded 100 random valid trajectories from data/hopper/random_valid_trajs.pt
01:05:56 | fisher_hopper |  Step |    L_outer |  agent_len | expert_len |  agent_ret | expert_ret |  RankCorr |  PolicyNLL |    hyp_raw |   hyp_clip |     lr_outer
01:07:56 | fisher_hopper | === Fisher-NHD Hopper SAC ===
01:07:56 | fisher_hopper | Using device: cpu
01:07:56 | fisher_hopper | Loaded 1000 expert train trajectories from data/hopper/expert_train_trajs.pt
01:07:56 | fisher_hopper | Loaded 100 expert valid trajectories from data/hopper/expert_valid_trajs.pt
01:07:56 | fisher_hopper | Loaded 100 random valid trajectories from data/hopper/random_valid_trajs.pt
01:07:57 | fisher_hopper |  Step |    L_outer |  agent_len | expert_len |  agent_ret | expert_ret |  RankCorr |  PolicyNLL |    hyp_raw |   hyp_clip |     lr_outer
01:09:37 | fisher_hopper |     0 |    494.495 |      971.6 |      996.3 |      969.4 |     3685.8 |     0.923 |   5656.955 |      0.000 |      0.000 |     1.00e-03
01:12:41 | fisher_hopper | === Fisher-NHD Hopper SAC ===
01:12:41 | fisher_hopper | Using device: cpu
01:12:41 | fisher_hopper | Loaded 1000 expert train trajectories from data/hopper/expert_train_trajs.pt
01:12:41 | fisher_hopper | Loaded 100 expert valid trajectories from data/hopper/expert_valid_trajs.pt
01:12:41 | fisher_hopper | Loaded 100 random valid trajectories from data/hopper/random_valid_trajs.pt
01:12:42 | fisher_hopper |  Step |    L_outer |  agent_len | expert_len |  agent_ret | expert_ret |  RankCorr |  PolicyNLL |    hyp_raw |   hyp_clip |     lr_outer
01:12:48 | fisher_hopper |     0 |    636.140 |       36.0 |      996.3 |       33.1 |     3685.8 |     0.923 |   7511.328 |      0.000 |      0.000 |     1.00e-03
01:13:40 | fisher_hopper |     1 |   1185.080 |       46.0 |      996.3 |       15.3 |     3685.8 |     0.897 |  15192.529 |   3486.409 |   1000.000 |     9.90e-04
12:53:49 | fisher_hopper | === Fisher-NHD Hopper SAC ===
12:53:49 | fisher_hopper | Using device: cpu
12:53:49 | fisher_hopper | Loaded 1000 expert train trajectories from data/hopper/expert_train_trajs.pt
12:53:49 | fisher_hopper | Loaded 100 expert valid trajectories from data/hopper/expert_valid_trajs.pt
12:53:49 | fisher_hopper | Loaded 100 random valid trajectories from data/hopper/random_valid_trajs.pt
12:53:50 | fisher_hopper |  Step |    L_outer |  agent_len | expert_len |  agent_ret | expert_ret |  RankCorr |  PolicyNLL |    hyp_raw |   hyp_clip |     lr_outer
12:57:08 | fisher_hopper |     0 |    413.817 |      911.3 |      996.3 |      958.7 |     3685.8 |     0.923 |   4607.626 |      0.000 |      0.000 |     1.00e-03
12:57:17 | fisher_hopper | === Fisher-NHD Hopper SAC ===
12:57:17 | fisher_hopper | Using device: cpu
12:57:17 | fisher_hopper | Loaded 1000 expert train trajectories from data/hopper/expert_train_trajs.pt
12:57:17 | fisher_hopper | Loaded 100 expert valid trajectories from data/hopper/expert_valid_trajs.pt
12:57:17 | fisher_hopper | Loaded 100 random valid trajectories from data/hopper/random_valid_trajs.pt
12:57:17 | fisher_hopper |  Step |    L_outer |  agent_len | expert_len |  agent_ret | expert_ret |  RankCorr |  PolicyNLL |    hyp_raw |   hyp_clip |     lr_outer
12:58:54 | fisher_hopper | === Fisher-NHD Hopper SAC ===
12:58:54 | fisher_hopper | Using device: cpu
12:58:55 | fisher_hopper | Loaded 1000 expert train trajectories from data/hopper/expert_train_trajs.pt
12:58:55 | fisher_hopper | Loaded 100 expert valid trajectories from data/hopper/expert_valid_trajs.pt
12:58:55 | fisher_hopper | Loaded 100 random valid trajectories from data/hopper/random_valid_trajs.pt
12:58:55 | fisher_hopper |  Step |    L_outer |  agent_len | expert_len |  agent_ret | expert_ret |  RankCorr |  PolicyNLL |    hyp_raw |   hyp_clip |     lr_outer
13:02:29 | fisher_hopper |     0 |    570.187 |     1000.0 |      996.3 |     1054.1 |     3685.8 |     0.923 |   6483.506 |      0.000 |      0.000 |     1.00e-03
13:08:30 | fisher_hopper |     1 |    540.735 |      992.4 |      996.3 |     1037.4 |     3685.8 |     0.909 |   6682.161 |    664.392 |      1.000 |     9.90e-04
13:12:15 | fisher_hopper | === Fisher-NHD Hopper SAC ===
13:12:15 | fisher_hopper | Using device: cpu
13:12:15 | fisher_hopper | Loaded 1000 expert train trajectories from data/hopper/expert_train_trajs.pt
13:12:15 | fisher_hopper | Loaded 100 expert valid trajectories from data/hopper/expert_valid_trajs.pt
13:12:15 | fisher_hopper | Loaded 100 random valid trajectories from data/hopper/random_valid_trajs.pt
13:12:16 | fisher_hopper |  Step |    L_outer |  agent_len | expert_len |  agent_ret | expert_ret |  RankCorr |  PolicyNLL |    hyp_raw |   hyp_clip |     lr_outer
13:22:29 | fisher_hopper |     0 |    417.956 |      957.6 |      996.3 |      994.0 |     3685.8 |     0.923 |   4379.703 |      0.000 |      0.000 |     1.00e-03
13:35:40 | fisher_hopper |     1 |    666.056 |      994.5 |      996.3 |     1007.1 |     3685.8 |     0.892 |   7344.615 | 319514.375 |      1.000 |     9.90e-04
13:48:18 | fisher_hopper |     2 |    405.109 |      999.4 |      996.3 |     1034.8 |     3685.8 |     0.790 |   4268.691 | 270830.250 |      1.000 |     9.80e-04
14:01:08 | fisher_hopper |     3 |    550.909 |      999.2 |      996.3 |     1001.6 |     3685.8 |    -0.760 |   6200.710 | 125188.672 |      1.000 |     9.70e-04
14:04:50 | fisher_hopper | === Fisher-NHD Hopper SAC ===
14:04:50 | fisher_hopper | Using device: cpu
14:04:50 | fisher_hopper | Loaded 1000 expert train trajectories from data/hopper/expert_train_trajs.pt
14:04:50 | fisher_hopper | Loaded 100 expert valid trajectories from data/hopper/expert_valid_trajs.pt
14:04:50 | fisher_hopper | Loaded 100 random valid trajectories from data/hopper/random_valid_trajs.pt
14:04:50 | fisher_hopper |  Step |    L_outer |  agent_len | expert_len |  agent_ret | expert_ret |  RankCorr |  PolicyNLL |    hyp_raw |   hyp_clip |     lr_outer
14:14:57 | fisher_hopper |     0 |    518.907 |     1000.0 |      996.3 |     1020.4 |     3685.8 |     0.923 |   4506.842 |      0.000 |      0.000 |     1.00e-03
14:28:02 | fisher_hopper |     1 |    467.463 |      993.0 |      996.3 |     1003.6 |     3685.8 |     0.932 |   5299.272 | 285116.750 | 285116.750 |     1.00e-03
14:37:19 | fisher_hopper | === Fisher-NHD Hopper SAC ===
14:37:19 | fisher_hopper | Using device: cpu
14:37:19 | fisher_hopper | Loaded 1000 expert train trajectories from data/hopper/expert_train_trajs.pt
14:37:19 | fisher_hopper | Loaded 100 expert valid trajectories from data/hopper/expert_valid_trajs.pt
14:37:19 | fisher_hopper | Loaded 100 random valid trajectories from data/hopper/random_valid_trajs.pt
14:37:19 | fisher_hopper |  Step |    L_outer |  agent_len | expert_len |  agent_ret | expert_ret |  RankCorr |  PolicyNLL |    hyp_raw |   hyp_clip |     lr_outer
14:48:28 | fisher_hopper | === Fisher-NHD Hopper SAC ===
14:48:28 | fisher_hopper | Using device: cpu
14:48:28 | fisher_hopper | Loaded 1000 expert train trajectories from data/hopper/expert_train_trajs.pt
14:48:28 | fisher_hopper | Loaded 100 expert valid trajectories from data/hopper/expert_valid_trajs.pt
14:48:28 | fisher_hopper | Loaded 100 random valid trajectories from data/hopper/random_valid_trajs.pt
14:48:29 | fisher_hopper |  Step |    L_outer |  agent_len | expert_len |  agent_ret | expert_ret |  RankCorr |  PolicyNLL |    hyp_raw |   hyp_clip |     lr_outer
14:58:51 | fisher_hopper | === Fisher-NHD Hopper SAC ===
14:58:51 | fisher_hopper | Using device: cpu
14:58:52 | fisher_hopper | Loaded 1000 expert train trajectories from data/hopper/expert_train_trajs.pt
14:58:52 | fisher_hopper | Loaded 100 expert valid trajectories from data/hopper/expert_valid_trajs.pt
14:58:52 | fisher_hopper | Loaded 100 random valid trajectories from data/hopper/random_valid_trajs.pt
14:58:52 | fisher_hopper |  Step |    L_outer |  agent_len | expert_len |  agent_ret | expert_ret |  RankCorr |  PolicyNLL |    hyp_raw |   hyp_clip |     lr_outer
14:59:18 | fisher_hopper | === Fisher-NHD Hopper SAC ===
14:59:18 | fisher_hopper | Using device: cpu
14:59:18 | fisher_hopper | Loaded 1000 expert train trajectories from data/hopper/expert_train_trajs.pt
14:59:18 | fisher_hopper | Loaded 100 expert valid trajectories from data/hopper/expert_valid_trajs.pt
14:59:18 | fisher_hopper | Loaded 100 random valid trajectories from data/hopper/random_valid_trajs.pt
14:59:19 | fisher_hopper |  Step |    L_outer |  agent_len | expert_len |  agent_ret | expert_ret |  RankCorr |  PolicyNLL |    hyp_raw |   hyp_clip |     lr_outer
14:59:46 | fisher_hopper | === Fisher-NHD Hopper SAC ===
14:59:46 | fisher_hopper | Using device: cpu
14:59:46 | fisher_hopper | Loaded 1000 expert train trajectories from data/hopper/expert_train_trajs.pt
14:59:46 | fisher_hopper | Loaded 100 expert valid trajectories from data/hopper/expert_valid_trajs.pt
14:59:46 | fisher_hopper | Loaded 100 random valid trajectories from data/hopper/random_valid_trajs.pt
14:59:47 | fisher_hopper |  Step |    L_outer |  agent_len | expert_len |  agent_ret | expert_ret |  RankCorr |  PolicyNLL |    hyp_raw |   hyp_clip |     lr_outer
15:00:19 | fisher_hopper | === Fisher-NHD Hopper SAC ===
15:00:19 | fisher_hopper | Using device: cpu
15:00:19 | fisher_hopper | Loaded 1000 expert train trajectories from data/hopper/expert_train_trajs.pt
15:00:19 | fisher_hopper | Loaded 100 expert valid trajectories from data/hopper/expert_valid_trajs.pt
15:00:19 | fisher_hopper | Loaded 100 random valid trajectories from data/hopper/random_valid_trajs.pt
15:00:20 | fisher_hopper |  Step |    L_outer |  agent_len | expert_len |  agent_ret | expert_ret |  RankCorr |  PolicyNLL |    hyp_raw |   hyp_clip |     lr_outer
15:09:22 | fisher_hopper | === Fisher-NHD Hopper SAC ===
15:09:22 | fisher_hopper | Using device: cpu
15:09:22 | fisher_hopper | Loaded 1000 expert train trajectories from data/hopper/expert_train_trajs.pt
15:09:22 | fisher_hopper | Loaded 100 expert valid trajectories from data/hopper/expert_valid_trajs.pt
15:09:22 | fisher_hopper | Loaded 100 random valid trajectories from data/hopper/random_valid_trajs.pt
15:09:22 | fisher_hopper |  Step |    L_outer |  agent_len | expert_len |  agent_ret | expert_ret |  RankCorr |  PolicyNLL |    hyp_raw |   hyp_clip |     lr_outer
15:15:01 | fisher_hopper | === Fisher-NHD Hopper SAC ===
15:15:01 | fisher_hopper | Using device: cpu
15:15:01 | fisher_hopper | Loaded 1000 expert train trajectories from data/hopper/expert_train_trajs.pt
15:15:01 | fisher_hopper | Loaded 100 expert valid trajectories from data/hopper/expert_valid_trajs.pt
15:15:01 | fisher_hopper | Loaded 100 random valid trajectories from data/hopper/random_valid_trajs.pt
15:15:01 | fisher_hopper |  Step |    L_outer |  agent_len | expert_len |  agent_ret | expert_ret |  RankCorr |  PolicyNLL |    hyp_raw |   hyp_clip |     lr_outer
15:25:47 | fisher_hopper |     0 |   3626.191 |     1000.0 |      996.3 |     1061.9 |     3685.8 |     0.923 |  50588.636 |      0.000 |      0.000 |     1.00e-03
15:39:13 | fisher_hopper |     1 |    878.815 |     1000.0 |      996.3 |     1073.8 |     3685.8 |     0.902 |  10983.405 | 1816510.875 | 1816510.875 |     1.00e-03
15:51:09 | fisher_hopper | === Fisher-NHD Hopper SAC ===
15:51:09 | fisher_hopper | Using device: cpu
15:51:09 | fisher_hopper | Loaded 1000 expert train trajectories from data/hopper/expert_train_trajs.pt
15:51:09 | fisher_hopper | Loaded 100 expert valid trajectories from data/hopper/expert_valid_trajs.pt
15:51:09 | fisher_hopper | Loaded 100 random valid trajectories from data/hopper/random_valid_trajs.pt
15:51:10 | fisher_hopper |  Step |    L_outer |  agent_len | expert_len |  agent_ret | expert_ret |  RankCorr |  PolicyNLL |    hyp_raw |   hyp_clip |     lr_outer
15:54:51 | fisher_hopper |     0 |   1492.824 |     1000.0 |      996.3 |     1000.6 |     3685.8 |     0.923 |  19531.442 |      0.000 |      0.000 |     1.00e-03
16:01:02 | fisher_hopper |     1 |    808.969 |     1000.0 |      996.3 |     1021.4 |     3685.8 |     0.910 |  10754.753 | 1440241.250 |      1.000 |     1.00e-03
16:07:07 | fisher_hopper |     2 |    600.133 |      735.8 |      996.3 |      770.4 |     3685.8 |     0.836 |   7734.763 | 387188.781 |      1.000 |     1.00e-03
16:12:36 | fisher_hopper |     3 |    641.901 |      111.3 |      996.3 |      228.4 |     3685.8 |    -0.723 |   9284.628 | 229202.906 |      1.000 |     1.00e-03
16:16:59 | fisher_hopper |     4 |    729.018 |      103.9 |      996.3 |      225.8 |     3685.8 |    -0.746 |   9639.584 | 581675.438 |      1.000 |     1.00e-03
16:21:04 | fisher_hopper |     5 |    763.742 |       44.6 |      996.3 |       18.1 |     3685.8 |    -0.783 |   9501.233 | 360370.844 |      1.000 |     1.00e-03
16:25:17 | fisher_hopper |     6 |    967.513 |       32.7 |      996.3 |       11.0 |     3685.8 |    -0.854 |  13347.136 | 157287.250 |      1.000 |     1.00e-03
16:29:16 | fisher_hopper |     7 |    889.291 |       14.3 |      996.3 |        8.5 |     3685.8 |    -0.899 |  11720.493 | 209294.281 |      1.000 |     1.00e-03
16:33:09 | fisher_hopper |     8 |   1016.002 |       11.5 |      996.3 |        6.6 |     3685.8 |    -0.907 |  13827.216 | 126744.977 |      1.000 |     1.00e-03
16:37:11 | fisher_hopper |     9 |   1203.564 |       10.7 |      996.3 |        6.3 |     3685.8 |    -0.909 |  16353.186 |  73176.312 |      1.000 |     1.00e-03
16:41:20 | fisher_hopper |    10 |   1328.794 |        9.9 |      996.3 |        5.6 |     3685.8 |    -0.908 |  16985.495 | 421491.438 |      1.000 |     1.00e-03
16:41:20 | fisher_hopper | History saved to reports/fisher_sac_hopper_history.json
17:11:42 | fisher_hopper | === Fisher-NHD Hopper SAC ===
17:11:42 | fisher_hopper | Using device: cpu
17:11:42 | fisher_hopper | Loaded 1000 expert train trajectories from data/hopper/expert_train_trajs.pt
17:11:42 | fisher_hopper | Loaded 100 expert valid trajectories from data/hopper/expert_valid_trajs.pt
17:11:42 | fisher_hopper | Loaded 100 random valid trajectories from data/hopper/random_valid_trajs.pt
17:11:42 | fisher_hopper |  Step |    L_outer |  agent_len | expert_len |  agent_ret | expert_ret |  RankCorr |  PolicyNLL |    hyp_raw |   hyp_clip |     lr_outer
17:15:18 | fisher_hopper |     0 |   1492.824 |     1000.0 |      996.3 |     1000.6 |     3685.8 |     0.923 |  19531.442 |      0.000 |      0.000 |     1.00e-06
17:21:20 | fisher_hopper |     1 |    936.836 |      991.1 |      996.3 |      991.6 |     3685.8 |     0.923 |  10938.371 |  43058.934 |      1.000 |     1.00e-06
17:27:32 | fisher_hopper |     2 |   1645.618 |     1000.0 |      996.3 |     1058.2 |     3685.8 |     0.923 |  20961.908 |   2804.060 |      1.000 |     1.00e-06
17:34:13 | fisher_hopper |     3 |   1838.086 |     1000.0 |      996.3 |      990.1 |     3685.8 |     0.923 |  26220.432 | 192785.578 |      1.000 |     1.00e-06
17:40:48 | fisher_hopper |     4 |   1323.226 |      984.1 |      996.3 |     1001.3 |     3685.8 |     0.923 |  18088.290 |  35049.414 |      1.000 |     1.00e-06
17:47:26 | fisher_hopper |     5 |   1711.033 |     1000.0 |      996.3 |     1005.4 |     3685.8 |     0.923 |  24775.395 |  71502.047 |      1.000 |     1.00e-06
17:53:42 | fisher_hopper |     6 |   1782.909 |      997.1 |      996.3 |      999.7 |     3685.8 |     0.923 |  29364.795 |   7864.703 |      1.000 |     1.00e-06
17:59:52 | fisher_hopper |     7 |   1264.373 |     1000.0 |      996.3 |      955.6 |     3685.8 |     0.923 |  17311.005 |  10466.306 |      1.000 |     1.00e-06
18:05:40 | fisher_hopper |     8 |   1528.145 |     1000.0 |      996.3 |     1009.3 |     3685.8 |     0.923 |  17370.090 |  35713.414 |      1.000 |     1.00e-06
18:11:31 | fisher_hopper |     9 |   1255.471 |      990.7 |      996.3 |      998.4 |     3685.8 |     0.923 |  16900.969 |  22264.125 |      1.000 |     1.00e-06
18:17:28 | fisher_hopper |    10 |   1540.305 |      944.4 |      996.3 |     1016.9 |     3685.8 |     0.923 |  20185.107 |  47518.680 |      1.000 |     1.00e-06
18:17:28 | fisher_hopper | History saved to reports/fisher_sac_hopper_history.json
21:06:54 | fisher_hopper | === Fisher-NHD Hopper SAC ===
21:06:54 | fisher_hopper | Using device: cpu
21:06:54 | fisher_hopper | Loaded 1000 expert train trajectories from data/hopper/expert_train_trajs.pt
21:06:54 | fisher_hopper | Loaded 100 expert valid trajectories from data/hopper/expert_valid_trajs.pt
21:06:54 | fisher_hopper | Loaded 100 random valid trajectories from data/hopper/random_valid_trajs.pt
21:06:54 | fisher_hopper |  Step |    L_outer |  agent_len | expert_len |  agent_ret | expert_ret |  RankCorr |  PolicyNLL |    hyp_raw |   hyp_clip |     lr_outer
21:07:14 | fisher_hopper | === Fisher-NHD Hopper SAC ===
21:07:14 | fisher_hopper | Using device: cpu
21:07:14 | fisher_hopper | Loaded 1000 expert train trajectories from data/hopper/expert_train_trajs.pt
21:07:14 | fisher_hopper | Loaded 100 expert valid trajectories from data/hopper/expert_valid_trajs.pt
21:07:14 | fisher_hopper | Loaded 100 random valid trajectories from data/hopper/random_valid_trajs.pt
21:07:15 | fisher_hopper |  Step |    L_outer |  agent_len | expert_len |  agent_ret | expert_ret |  RankCorr |  PolicyNLL |    hyp_raw |   hyp_clip |     lr_outer
21:07:18 | fisher_hopper |     0 |    337.124 |       24.1 |      996.3 |       14.4 |     3685.8 |     0.923 |   3886.776 |      0.000 |      0.000 |     1.00e-06
21:07:18 | fisher_hopper | Learned reward valid | expert_ret=11.909 | random_ret=2.051 | diff=9.857 | expert_step=0.1581 | random_step=0.1171
21:08:06 | fisher_hopper |     1 |    337.124 |       23.8 |      996.3 |       14.0 |     3685.8 |     0.923 |   3886.776 |    693.904 |      1.000 |     1.00e-06
21:08:06 | fisher_hopper | Learned reward valid | expert_ret=11.906 | random_ret=2.050 | diff=9.855 | expert_step=0.1581 | random_step=0.1171
21:11:29 | fisher_hopper | === Fisher-NHD Hopper SAC ===
21:11:29 | fisher_hopper | Using device: cpu
21:11:29 | fisher_hopper | Loaded 1000 expert train trajectories from data/hopper/expert_train_trajs.pt
21:11:29 | fisher_hopper | Loaded 100 expert valid trajectories from data/hopper/expert_valid_trajs.pt
21:11:29 | fisher_hopper | Loaded 100 random valid trajectories from data/hopper/random_valid_trajs.pt
21:11:30 | fisher_hopper |  Step |    L_outer |  agent_len | expert_len |  agent_ret | expert_ret |  RankCorr |  PolicyNLL |    hyp_raw |   hyp_clip |     lr_outer
21:11:32 | fisher_hopper |     0 |    337.124 |       24.1 |      996.3 |       14.4 |     3685.8 |     0.923 |   3886.776 |      0.000 |      0.000 |     1.00e-06
21:12:20 | fisher_hopper |     1 |    337.124 |       23.8 |      996.3 |       14.0 |     3685.8 |     0.923 |   3886.776 |    693.904 |      1.000 |     1.00e-06
21:13:01 | fisher_hopper | === Fisher-NHD Hopper SAC ===
21:13:01 | fisher_hopper | Using device: cpu
21:13:01 | fisher_hopper | Loaded 1000 expert train trajectories from data/hopper/expert_train_trajs.pt
21:13:01 | fisher_hopper | Loaded 100 expert valid trajectories from data/hopper/expert_valid_trajs.pt
21:13:01 | fisher_hopper | Loaded 100 random valid trajectories from data/hopper/random_valid_trajs.pt
21:13:01 | fisher_hopper |  Step |    L_outer |  agent_len | expert_len |  agent_ret | expert_ret |  RankCorr |  PolicyNLL |    hyp_raw |   hyp_clip |     lr_outer
21:13:04 | fisher_hopper |     0 |    337.124 |       24.1 |      996.3 |       14.4 |     3685.8 |     0.923 |   3886.776 |      0.000 |      0.000 |     1.00e-06
21:13:17 | fisher_hopper | === Fisher-NHD Hopper SAC ===
21:13:17 | fisher_hopper | Using device: cpu
21:13:17 | fisher_hopper | Loaded 1000 expert train trajectories from data/hopper/expert_train_trajs.pt
21:13:17 | fisher_hopper | Loaded 100 expert valid trajectories from data/hopper/expert_valid_trajs.pt
21:13:17 | fisher_hopper | Loaded 100 random valid trajectories from data/hopper/random_valid_trajs.pt
21:13:18 | fisher_hopper |  Step |    L_outer |  agent_len | expert_len |  agent_ret | expert_ret |  RankCorr |  PolicyNLL |    hyp_raw |   hyp_clip |     lr_outer
21:16:52 | fisher_hopper |     0 |   1492.824 |     1000.0 |      996.3 |     1000.6 |     3685.8 |     0.923 |  19531.442 |      0.000 |      0.000 |     1.00e-06
21:23:03 | fisher_hopper |     1 |    936.836 |      991.1 |      996.3 |      991.6 |     3685.8 |     0.923 |  10938.371 |  43058.934 |      1.000 |     1.00e-06
21:23:51 | fisher_hopper | === Fisher-NHD Hopper SAC ===
21:23:51 | fisher_hopper | Using device: cpu
21:23:51 | fisher_hopper | Loaded 1000 expert train trajectories from data/hopper/expert_train_trajs.pt
21:23:51 | fisher_hopper | Loaded 100 expert valid trajectories from data/hopper/expert_valid_trajs.pt
21:23:51 | fisher_hopper | Loaded 100 random valid trajectories from data/hopper/random_valid_trajs.pt
21:23:52 | fisher_hopper |  Step |    L_outer |  agent_len | expert_len |  agent_ret | expert_ret |  RankCorr |  PolicyNLL |    hyp_raw |   hyp_clip |     lr_outer
21:27:09 | fisher_hopper |     0 |    327.490 |      484.8 |      996.3 |      612.2 |     3685.8 |     0.923 |   3200.707 |      0.000 |      0.000 |     1.00e-06
21:32:26 | fisher_hopper |     1 |    631.935 |     1000.0 |      996.3 |     1024.5 |     3685.8 |     0.923 |   5940.881 |   1139.806 |      1.000 |     1.00e-06
21:33:25 | fisher_hopper | === Fisher-NHD Hopper SAC ===
21:33:25 | fisher_hopper | Using device: cpu
21:33:25 | fisher_hopper | Loaded 1000 expert train trajectories from data/hopper/expert_train_trajs.pt
21:33:25 | fisher_hopper | Loaded 100 expert valid trajectories from data/hopper/expert_valid_trajs.pt
21:33:25 | fisher_hopper | Loaded 100 random valid trajectories from data/hopper/random_valid_trajs.pt
21:33:25 | fisher_hopper |  Step |    L_outer |  agent_len | expert_len |  agent_ret | expert_ret |  RankCorr |  PolicyNLL |    hyp_raw |   hyp_clip |     lr_outer
21:36:45 | fisher_hopper |     0 |    327.490 |      484.8 |      996.3 |      612.2 |     3685.8 |     0.923 |   3200.707 |      0.000 |      0.000 |     1.00e+00
21:40:18 | fisher_hopper | === Fisher-NHD Hopper SAC ===
21:40:18 | fisher_hopper | Using device: cpu
21:40:18 | fisher_hopper | Loaded 1000 expert train trajectories from data/hopper/expert_train_trajs.pt
21:40:18 | fisher_hopper | Loaded 100 expert valid trajectories from data/hopper/expert_valid_trajs.pt
21:40:18 | fisher_hopper | Loaded 100 random valid trajectories from data/hopper/random_valid_trajs.pt
21:40:19 | fisher_hopper |  Step |    L_outer |  agent_len | expert_len |  agent_ret | expert_ret |  RankCorr |  PolicyNLL |    hyp_raw |   hyp_clip |     lr_outer
21:43:57 | fisher_hopper |     0 |    493.555 |      999.6 |      996.3 |     1031.1 |     3685.8 |     0.923 |   5336.771 |      0.000 |      0.000 |     1.00e-03
21:50:30 | fisher_hopper |     1 |    420.516 |      982.4 |      996.3 |      976.1 |     3685.8 |     0.893 |   4969.514 |   2470.135 |      1.000 |     1.00e-03
21:51:40 | fisher_hopper | === Fisher-NHD Hopper SAC ===
21:51:40 | fisher_hopper | Using device: cpu
21:51:40 | fisher_hopper | Loaded 1000 expert train trajectories from data/hopper/expert_train_trajs.pt
21:51:40 | fisher_hopper | Loaded 100 expert valid trajectories from data/hopper/expert_valid_trajs.pt
21:51:40 | fisher_hopper | Loaded 100 random valid trajectories from data/hopper/random_valid_trajs.pt
21:51:41 | fisher_hopper |  Step |    L_outer |  agent_len | expert_len |  agent_ret | expert_ret |  RankCorr |  PolicyNLL |    hyp_raw |   hyp_clip |     lr_outer
21:56:33 | fisher_hopper |     0 |    493.555 |      996.6 |      996.3 |     1028.2 |     3685.8 |     0.923 |   5336.771 |      0.000 |      0.000 |     1.00e-04
22:06:21 | fisher_hopper | === Fisher-NHD Hopper SAC ===
22:06:21 | fisher_hopper | Using device: cpu
22:06:21 | fisher_hopper | Loaded 1000 expert train trajectories from data/hopper/expert_train_trajs.pt
22:06:21 | fisher_hopper | Loaded 100 expert valid trajectories from data/hopper/expert_valid_trajs.pt
22:06:21 | fisher_hopper | Loaded 100 random valid trajectories from data/hopper/random_valid_trajs.pt
22:06:22 | fisher_hopper |  Step |    L_outer |  agent_len | expert_len |  agent_ret | expert_ret |  RankCorr |  PolicyNLL |    hyp_raw |   hyp_clip |     lr_outer
22:10:08 | fisher_hopper |     0 |    493.555 |      999.6 |      996.3 |     1031.1 |     3685.8 |     0.923 |   5336.771 |      0.000 |      0.000 |     1.00e-04
22:13:11 | fisher_hopper | === Fisher-NHD Hopper SAC ===
22:13:11 | fisher_hopper | Using device: cpu
22:13:11 | fisher_hopper | Loaded 1000 expert train trajectories from data/hopper/expert_train_trajs.pt
22:13:11 | fisher_hopper | Loaded 100 expert valid trajectories from data/hopper/expert_valid_trajs.pt
22:13:11 | fisher_hopper | Loaded 100 random valid trajectories from data/hopper/random_valid_trajs.pt
22:13:11 | fisher_hopper |  Step |    L_outer |  agent_len | expert_len |  agent_ret | expert_ret |  RankCorr |  PolicyNLL |    hyp_raw |   hyp_clip |     lr_outer
22:16:45 | fisher_hopper |     0 |   1114.460 |      293.3 |      996.3 |      435.1 |     3685.8 |     0.923 |  22505.849 |      0.000 |      0.000 |     1.00e-04
22:21:41 | fisher_hopper |     1 |    404.905 |      986.2 |      996.3 |     1038.4 |     3685.8 |     0.923 |   5689.907 |  28342.434 |      1.000 |     1.00e-04
22:28:09 | fisher_hopper |     2 |   1666.364 |     1000.0 |      996.3 |     1007.4 |     3685.8 |     0.923 |  24799.417 |   2348.086 |      1.000 |     1.00e-04
22:59:47 | fisher_hopper | === Fisher-NHD Hopper SAC ===
22:59:47 | fisher_hopper | Using device: cpu
22:59:48 | fisher_hopper | Loaded 1000 expert train trajectories from data/hopper/expert_train_trajs.pt
22:59:48 | fisher_hopper | Loaded 100 expert valid trajectories from data/hopper/expert_valid_trajs.pt
22:59:48 | fisher_hopper | Loaded 100 random valid trajectories from data/hopper/random_valid_trajs.pt
22:59:48 | fisher_hopper |  Step |    L_outer |  agent_len | expert_len |  agent_ret | expert_ret |  RankCorr |  PolicyNLL |    hyp_raw |   hyp_clip |     lr_outer
23:03:44 | fisher_hopper |     0 |    835.247 |      947.2 |      996.3 |      968.5 |     3685.8 |     0.923 |   9944.900 |      0.000 |      0.000 |     1.00e-04
23:09:57 | fisher_hopper |     1 |    404.957 |      947.3 |      996.3 |      973.5 |     3685.8 |     0.923 |   4344.751 |  10582.979 |      1.000 |     1.00e-04
23:13:11 | fisher_hopper | === Fisher-NHD Hopper SAC ===
23:13:11 | fisher_hopper | Using device: cpu
23:13:11 | fisher_hopper | Loaded 1000 expert train trajectories from data/hopper/expert_train_trajs.pt
23:13:11 | fisher_hopper | Loaded 100 expert valid trajectories from data/hopper/expert_valid_trajs.pt
23:13:11 | fisher_hopper | Loaded 100 random valid trajectories from data/hopper/random_valid_trajs.pt
23:13:11 | fisher_hopper |  Step |    L_outer |  agent_len | expert_len |  agent_ret | expert_ret |  RankCorr |  PolicyNLL |    hyp_raw |   hyp_clip |     lr_outer
23:17:04 | fisher_hopper |     0 |    835.247 |      947.2 |      996.3 |      968.5 |     3685.8 |     0.923 |   9944.900 |      0.000 |      0.000 |     1.00e-04
23:19:48 | fisher_hopper | === Fisher-NHD Hopper SAC ===
23:19:48 | fisher_hopper | Using device: cpu
23:19:49 | fisher_hopper | Loaded 1000 expert train trajectories from data/hopper/expert_train_trajs.pt
23:19:49 | fisher_hopper | Loaded 100 expert valid trajectories from data/hopper/expert_valid_trajs.pt
23:19:49 | fisher_hopper | Loaded 100 random valid trajectories from data/hopper/random_valid_trajs.pt
23:19:49 | fisher_hopper |  Step |    L_outer |  agent_len | expert_len |  agent_ret | expert_ret |  RankCorr |  PolicyNLL |    hyp_raw |   hyp_clip |     lr_outer
23:23:27 | fisher_hopper |     0 |    519.236 |     1000.0 |      996.3 |     1010.3 |     3685.8 |     0.923 |   5947.246 |      0.000 |      0.000 |     1.00e-04
23:29:37 | fisher_hopper |     1 |    502.597 |      918.5 |      996.3 |      950.6 |     3685.8 |     0.924 |   6766.764 |  10745.211 |      1.000 |     1.00e-04
23:35:42 | fisher_hopper |     2 |    495.540 |      985.2 |      996.3 |     1019.4 |     3685.8 |     0.925 |   5417.592 |  23625.709 |      1.000 |     1.00e-04
23:41:47 | fisher_hopper |     3 |    843.016 |      942.3 |      996.3 |      975.9 |     3685.8 |     0.925 |  11581.538 |  10852.648 |      1.000 |     1.00e-04
23:47:53 | fisher_hopper |     4 |    607.962 |      668.2 |      996.3 |      836.3 |     3685.8 |     0.926 |   6693.286 |   8630.334 |      1.000 |     1.00e-04
23:51:54 | fisher_hopper | === Fisher-NHD Hopper SAC ===
23:51:54 | fisher_hopper | Using device: cpu
23:51:55 | fisher_hopper | Loaded 1000 expert train trajectories from data/hopper/expert_train_trajs.pt
23:51:55 | fisher_hopper | Loaded 100 expert valid trajectories from data/hopper/expert_valid_trajs.pt
23:51:55 | fisher_hopper | Loaded 100 random valid trajectories from data/hopper/random_valid_trajs.pt
23:51:55 | fisher_hopper |  Step |    L_outer |  agent_len | expert_len |  agent_ret | expert_ret |  RankCorr |  PolicyNLL |    hyp_raw |   hyp_clip |     lr_outer
23:55:31 | fisher_hopper |     0 |    519.236 |     1000.0 |      996.3 |     1010.3 |     3685.8 |     0.923 |   5947.246 |      0.000 |      0.000 |     1.00e-04
00:02:22 | fisher_hopper |     1 |    400.550 |      986.1 |      996.3 |     1037.3 |     3685.8 |     0.923 |   4077.991 |  10745.211 |      1.000 |     1.00e-04
00:02:28 | fisher_hopper | === Fisher-NHD Hopper SAC ===
00:02:28 | fisher_hopper | Using device: cpu
00:02:28 | fisher_hopper | Data: 1000 train / 100 valid expert / 100 random
00:02:28 | fisher_hopper |  Step |    L_outer |  agent_len | expert_len |  agent_ret | expert_ret |  RankCorr |  PolicyNLL |    hyp_raw |   hyp_clip |     lr_outer
00:02:58 | fisher_hopper | === Fisher-NHD Hopper SAC ===
00:02:58 | fisher_hopper | Using device: cpu
00:02:58 | fisher_hopper | Data: 1000 train, 100 valid expert, 100 random
00:02:59 | fisher_hopper |  Step |    L_outer |  agent_len | expert_len |  agent_ret | expert_ret |  RankCorr |  PolicyNLL |    hyp_raw |   hyp_clip |     lr_outer
00:04:56 | fisher_hopper | === Fisher-NHD Hopper SAC ===
00:04:56 | fisher_hopper | Using device: cpu
00:04:56 | fisher_hopper | Loaded 1000 expert train trajectories from data/hopper/expert_train_trajs.pt
00:04:56 | fisher_hopper | Loaded 100 expert valid trajectories from data/hopper/expert_valid_trajs.pt
00:04:56 | fisher_hopper | Loaded 100 random valid trajectories from data/hopper/random_valid_trajs.pt
00:04:57 | fisher_hopper |  Step |    L_outer |  agent_len | expert_len |  agent_ret | expert_ret |  RankCorr |  PolicyNLL |    hyp_raw |   hyp_clip |     lr_outer
00:08:37 | fisher_hopper |     0 |    519.236 |     1000.0 |      996.3 |     1010.3 |     3685.8 |     0.923 |   5947.246 |      0.000 |      0.000 |     1.00e-04
00:15:20 | fisher_hopper |     1 |    478.061 |      977.0 |      996.3 |      962.3 |     3685.8 |     0.924 |   5295.533 |  37402.293 |      1.000 |     1.00e-04
00:17:53 | fisher_hopper | === Fisher-NHD Hopper SAC ===
00:17:53 | fisher_hopper | Using device: cpu
00:17:53 | fisher_hopper | Loaded 1000 expert train trajectories from data/hopper/expert_train_trajs.pt
00:17:53 | fisher_hopper | Loaded 100 expert valid trajectories from data/hopper/expert_valid_trajs.pt
00:17:53 | fisher_hopper | Loaded 100 random valid trajectories from data/hopper/random_valid_trajs.pt
00:17:54 | fisher_hopper |  Step |    L_outer |  agent_len | expert_len |  agent_ret | expert_ret |  RankCorr |  PolicyNLL |    hyp_raw |   hyp_clip |     lr_outer
00:18:37 | fisher_hopper | === Fisher-NHD Hopper SAC ===
00:18:37 | fisher_hopper | Using device: cpu
00:18:37 | fisher_hopper | Loaded 1000 expert train trajectories from data/hopper/expert_train_trajs.pt
00:18:37 | fisher_hopper | Loaded 100 expert valid trajectories from data/hopper/expert_valid_trajs.pt
00:18:37 | fisher_hopper | Loaded 100 random valid trajectories from data/hopper/random_valid_trajs.pt
00:18:38 | fisher_hopper |  Step |    L_outer |  agent_len | expert_len |  agent_ret | expert_ret |  RankCorr |  PolicyNLL |    hyp_raw |   hyp_clip |     lr_outer
00:22:57 | fisher_hopper |     0 |    519.236 |      998.3 |      996.3 |     1008.8 |     3685.8 |     0.923 |   5947.246 |      0.000 |      0.000 |     3.00e-06
00:33:47 | fisher_hopper |     1 |    576.369 |      991.6 |      996.3 |      972.3 |     3685.8 |     0.923 |   7530.909 |  31676.117 |    100.000 |     3.00e-06
00:34:19 | fisher_hopper | === Fisher-NHD Hopper SAC ===
00:34:19 | fisher_hopper | Using device: cpu
00:34:20 | fisher_hopper | Loaded 1000 expert train trajectories from data/hopper/expert_train_trajs.pt
00:34:20 | fisher_hopper | Loaded 100 expert valid trajectories from data/hopper/expert_valid_trajs.pt
00:34:20 | fisher_hopper | Loaded 100 random valid trajectories from data/hopper/random_valid_trajs.pt
00:34:20 | fisher_hopper |  Step |    L_outer |  agent_len | expert_len |  agent_ret | expert_ret |  RankCorr |  PolicyNLL |    hyp_raw |   hyp_clip |     lr_outer
00:34:49 | fisher_hopper | === Fisher-NHD Hopper SAC ===
00:34:49 | fisher_hopper | Using device: cpu
00:34:49 | fisher_hopper | Loaded 1000 expert train trajectories from data/hopper/expert_train_trajs.pt
00:34:49 | fisher_hopper | Loaded 100 expert valid trajectories from data/hopper/expert_valid_trajs.pt
00:34:49 | fisher_hopper | Loaded 100 random valid trajectories from data/hopper/random_valid_trajs.pt
00:34:49 | fisher_hopper |  Step |    L_outer |  agent_len | expert_len |  agent_ret | expert_ret |  RankCorr |  PolicyNLL |    hyp_raw |   hyp_clip |     lr_outer
00:39:17 | fisher_hopper |     0 |   1383.851 |      993.6 |      996.3 |      997.3 |     3685.8 |     0.912 |  18725.002 |      0.000 |      0.000 |     1.00e-04
00:45:11 | fisher_hopper | === Fisher-NHD Hopper SAC ===
00:45:11 | fisher_hopper | Using device: cpu
00:45:11 | fisher_hopper | Loaded 1000 expert train trajectories from data/hopper/expert_train_trajs.pt
00:45:11 | fisher_hopper | Loaded 100 expert valid trajectories from data/hopper/expert_valid_trajs.pt
00:45:11 | fisher_hopper | Loaded 100 random valid trajectories from data/hopper/random_valid_trajs.pt
00:45:55 | fisher_hopper | === Fisher-NHD Hopper SAC ===
00:45:55 | fisher_hopper | Using device: cpu
00:45:55 | fisher_hopper | Loaded 1000 expert train trajectories from data/hopper/expert_train_trajs.pt
00:45:55 | fisher_hopper | Loaded 100 expert valid trajectories from data/hopper/expert_valid_trajs.pt
00:45:55 | fisher_hopper | Loaded 100 random valid trajectories from data/hopper/random_valid_trajs.pt
00:45:55 | fisher_hopper |  Step |    L_outer |  agent_len | expert_len |  agent_ret | expert_ret |  RankCorr |  PolicyNLL |    hyp_raw |   hyp_clip |     lr_outer
00:47:39 | fisher_hopper | === Fisher-NHD Hopper SAC ===
00:47:39 | fisher_hopper | Using device: cpu
00:47:39 | fisher_hopper | Loaded 1000 expert train trajectories from data/hopper/expert_train_trajs.pt
00:47:39 | fisher_hopper | Loaded 100 expert valid trajectories from data/hopper/expert_valid_trajs.pt
00:47:39 | fisher_hopper | Loaded 100 random valid trajectories from data/hopper/random_valid_trajs.pt
00:47:40 | fisher_hopper |  Step |    L_outer |  agent_len | expert_len |  agent_ret | expert_ret |  RankCorr |  PolicyNLL |    hyp_raw |   hyp_clip |     lr_outer
00:50:37 | fisher_hopper | === Fisher-NHD Hopper SAC ===
00:50:37 | fisher_hopper | Using device: cpu
00:50:37 | fisher_hopper | Loaded 1000 expert train trajectories from data/hopper/expert_train_trajs.pt
00:50:37 | fisher_hopper | Loaded 100 expert valid trajectories from data/hopper/expert_valid_trajs.pt
00:50:37 | fisher_hopper | Loaded 100 random valid trajectories from data/hopper/random_valid_trajs.pt
00:50:38 | fisher_hopper |  Step |    L_outer |  agent_len | expert_len |  agent_ret | expert_ret |  RankCorr |  PolicyNLL |    hyp_raw |   hyp_clip |     lr_outer
00:50:41 | fisher_hopper |     0 |    244.370 |       19.4 |      996.3 |       13.4 |     3685.8 |     0.912 |   2663.365 |      0.000 |      0.000 |     1.00e-04
00:51:50 | fisher_hopper |     1 |    244.370 |       19.1 |      996.3 |       13.4 |     3685.8 |     0.941 |   2663.365 |   2267.019 |      1.000 |     1.00e-04
00:52:28 | fisher_hopper | === Fisher-NHD Hopper SAC ===
00:52:28 | fisher_hopper | Using device: cpu
00:52:28 | fisher_hopper | Loaded 1000 expert train trajectories from data/hopper/expert_train_trajs.pt
00:52:28 | fisher_hopper | Loaded 100 expert valid trajectories from data/hopper/expert_valid_trajs.pt
00:52:28 | fisher_hopper | Loaded 100 random valid trajectories from data/hopper/random_valid_trajs.pt
00:52:29 | fisher_hopper |  Step |    L_outer |  agent_len | expert_len |  agent_ret | expert_ret |  RankCorr |  PolicyNLL |    hyp_raw |   hyp_clip |     lr_outer
01:00:38 | fisher_hopper |     0 |   2535.609 |      913.0 |      996.3 |      909.6 |     3685.8 |     0.912 |  43737.495 |      0.000 |      0.000 |     1.00e-04
01:17:09 | fisher_hopper |     1 |   1026.342 |      975.2 |      996.3 |     1031.4 |     3685.8 |     0.948 |  13810.534 | 223479.328 |      1.000 |     1.00e-04
01:33:43 | fisher_hopper |     2 |   1939.047 |      999.4 |      996.3 |     1031.4 |     3685.8 |     0.952 |  32860.538 |  33258.742 |      1.000 |     1.00e-04
01:51:19 | fisher_hopper |     3 |   3268.153 |      990.5 |      996.3 |      990.9 |     3685.8 |     0.955 |  57027.933 |  34479.391 |      1.000 |     1.00e-04
02:08:17 | fisher_hopper |     4 |   1108.983 |      997.6 |      996.3 |     1013.1 |     3685.8 |     0.953 |  14639.571 | 110170.719 |      1.000 |     1.00e-04
02:24:32 | fisher_hopper |     5 |   1101.506 |      575.2 |      996.3 |      657.2 |     3685.8 |     0.953 |  14295.858 |  40580.516 |      1.000 |     1.00e-04
02:37:43 | fisher_hopper |     6 |   1431.072 |      998.2 |      996.3 |     1026.8 |     3685.8 |     0.951 |  21766.460 |  10109.344 |      1.000 |     1.00e-04
02:52:46 | fisher_hopper |     7 |    852.548 |      571.3 |      996.3 |      739.6 |     3685.8 |     0.949 |   9873.028 |  12514.443 |      1.000 |     1.00e-04
03:05:49 | fisher_hopper |     8 |    816.923 |      992.2 |      996.3 |     1061.6 |     3685.8 |     0.947 |   9761.325 |  16814.473 |      1.000 |     1.00e-04
03:21:25 | fisher_hopper |     9 |   1411.372 |      998.9 |      996.3 |     1054.9 |     3685.8 |     0.945 |  15125.626 |  10373.483 |      1.000 |     1.00e-04
03:38:32 | fisher_hopper |    10 |   1419.325 |     1000.0 |      996.3 |     1022.0 |     3685.8 |     0.944 |  16594.885 |  89708.141 |      1.000 |     1.00e-04
03:54:39 | fisher_hopper |    11 |   1204.921 |      984.7 |      996.3 |      984.6 |     3685.8 |     0.944 |  13550.594 |  53843.027 |      1.000 |     1.00e-04
04:11:16 | fisher_hopper |    12 |   1487.332 |      998.9 |      996.3 |     1014.3 |     3685.8 |     0.944 |  19405.740 |  36116.723 |      1.000 |     1.00e-04
04:27:03 | fisher_hopper |    13 |    884.262 |      967.4 |      996.3 |     1040.8 |     3685.8 |     0.944 |   9340.917 |  68111.812 |      1.000 |     1.00e-04
04:42:04 | fisher_hopper |    14 |    986.811 |      761.0 |      996.3 |      945.3 |     3685.8 |     0.944 |  10903.790 |  38405.625 |      1.000 |     1.00e-04
04:55:40 | fisher_hopper |    15 |    941.324 |     1000.0 |      996.3 |     1060.0 |     3685.8 |     0.944 |  11659.526 |   4517.208 |      1.000 |     1.00e-04
05:11:33 | fisher_hopper |    16 |   1756.550 |     1000.0 |      996.3 |     1040.4 |     3685.8 |     0.943 |  21528.633 |  12563.523 |      1.000 |     1.00e-04
05:27:23 | fisher_hopper |    17 |   1759.843 |      993.7 |      996.3 |     1042.7 |     3685.8 |     0.943 |  24642.276 |  84555.016 |      1.000 |     1.00e-04
05:42:52 | fisher_hopper |    18 |   1620.775 |     1000.0 |      996.3 |     1036.3 |     3685.8 |     0.942 |  26756.737 |  82716.773 |      1.000 |     1.00e-04
05:58:48 | fisher_hopper |    19 |   2006.286 |     1000.0 |      996.3 |     1005.7 |     3685.8 |     0.942 |  26475.953 |  79765.953 |      1.000 |     1.00e-04
06:14:45 | fisher_hopper |    20 |    790.796 |     1000.0 |      996.3 |      993.8 |     3685.8 |     0.941 |   8238.003 |  32077.186 |      1.000 |     1.00e-04
06:30:35 | fisher_hopper |    21 |   2367.455 |      939.9 |      996.3 |     1023.9 |     3685.8 |     0.941 |  36266.762 |   4953.879 |      1.000 |     1.00e-04
06:45:37 | fisher_hopper |    22 |   1069.951 |     1000.0 |      996.3 |     1052.7 |     3685.8 |     0.941 |  14320.010 |  42656.648 |      1.000 |     1.00e-04
07:01:13 | fisher_hopper |    23 |    760.718 |     1000.0 |      996.3 |     1042.4 |     3685.8 |     0.940 |   8292.605 |  36293.094 |      1.000 |     1.00e-04
07:16:57 | fisher_hopper |    24 |   1572.550 |      996.6 |      996.3 |     1019.4 |     3685.8 |     0.940 |  20107.480 |  41774.344 |      1.000 |     1.00e-04
07:32:27 | fisher_hopper |    25 |   1996.835 |      951.2 |      996.3 |     1025.3 |     3685.8 |     0.941 |  23904.822 |   2005.438 |      1.000 |     1.00e-04
07:47:38 | fisher_hopper |    26 |    819.914 |      992.0 |      996.3 |     1052.4 |     3685.8 |     0.940 |   9300.787 |  66099.906 |      1.000 |     1.00e-04
08:03:02 | fisher_hopper |    27 |   1865.132 |      917.4 |      996.3 |      911.3 |     3685.8 |     0.940 |  28859.247 |  45136.707 |      1.000 |     1.00e-04
08:19:08 | fisher_hopper |    28 |   1179.753 |      997.7 |      996.3 |     1057.6 |     3685.8 |     0.940 |  13122.912 |  11464.397 |      1.000 |     1.00e-04
08:34:54 | fisher_hopper |    29 |    751.237 |      970.2 |      996.3 |      952.6 |     3685.8 |     0.940 |   9467.729 |  19610.100 |      1.000 |     1.00e-04
08:51:21 | fisher_hopper |    30 |   1113.937 |     1000.0 |      996.3 |     1015.5 |     3685.8 |     0.940 |  13365.790 |  13349.777 |      1.000 |     1.00e-04
09:07:27 | fisher_hopper |    31 |    941.765 |      997.3 |      996.3 |     1067.4 |     3685.8 |     0.940 |  10905.016 |   2946.448 |      1.000 |     1.00e-04
09:23:19 | fisher_hopper |    32 |    810.015 |      647.4 |      996.3 |      817.9 |     3685.8 |     0.940 |   9641.777 |  55481.129 |      1.000 |     1.00e-04
09:37:18 | fisher_hopper |    33 |   1084.650 |      989.8 |      996.3 |     1042.6 |     3685.8 |     0.941 |  15848.883 |    792.852 |      1.000 |     1.00e-04
09:52:45 | fisher_hopper |    34 |   1339.758 |      493.9 |      996.3 |      460.2 |     3685.8 |     0.942 |  16598.972 |  18801.230 |      1.000 |     1.00e-04
10:04:54 | fisher_hopper |    35 |   1291.757 |     1000.0 |      996.3 |     1023.8 |     3685.8 |     0.943 |  16083.419 |  43315.457 |      1.000 |     1.00e-04
00:44:44 | fisher_hopper | === Fisher-NHD Hopper SAC ===
00:44:44 | fisher_hopper | Using device: cpu
00:44:44 | fisher_hopper | Loaded 1000 expert train trajectories from data/hopper/expert_train_trajs.pt
00:44:44 | fisher_hopper | Loaded 100 expert valid trajectories from data/hopper/expert_valid_trajs.pt
00:44:44 | fisher_hopper | Loaded 100 random valid trajectories from data/hopper/random_valid_trajs.pt
00:44:45 | fisher_hopper |  Step |    L_outer |  agent_len | expert_len |  agent_ret | expert_ret |  RankCorr |  PolicyNLL |    hyp_raw |   hyp_clip |     lr_outer
00:45:07 | fisher_hopper | === Fisher-NHD Hopper SAC ===
00:45:07 | fisher_hopper | Using device: cpu
00:45:07 | fisher_hopper | Loaded 1000 expert train trajectories from data/hopper/expert_train_trajs.pt
00:45:07 | fisher_hopper | Loaded 100 expert valid trajectories from data/hopper/expert_valid_trajs.pt
00:45:07 | fisher_hopper | Loaded 100 random valid trajectories from data/hopper/random_valid_trajs.pt
00:45:07 | fisher_hopper |  Step |    L_outer |  agent_len | expert_len |  agent_ret | expert_ret |  RankCorr |  PolicyNLL |    hyp_raw |   hyp_clip |     lr_outer
00:46:44 | fisher_hopper | === Fisher-NHD Hopper SAC ===
00:46:44 | fisher_hopper | Using device: cpu
00:46:44 | fisher_hopper | Loaded 1000 expert train trajectories from data/hopper/expert_train_trajs.pt
00:46:44 | fisher_hopper | Loaded 100 expert valid trajectories from data/hopper/expert_valid_trajs.pt
00:46:44 | fisher_hopper | Loaded 100 random valid trajectories from data/hopper/random_valid_trajs.pt
00:46:45 | fisher_hopper |  Step |    L_outer |  agent_len | expert_len |  agent_ret | expert_ret |  RankCorr |  PolicyNLL |    hyp_raw |   hyp_clip |     lr_outer
00:50:54 | fisher_hopper | === Fisher-NHD Hopper SAC ===
00:50:54 | fisher_hopper | Using device: cpu
00:50:54 | fisher_hopper | Loaded 1000 expert train trajectories from data/hopper/expert_train_trajs.pt
00:50:54 | fisher_hopper | Loaded 100 expert valid trajectories from data/hopper/expert_valid_trajs.pt
00:50:54 | fisher_hopper | Loaded 100 random valid trajectories from data/hopper/random_valid_trajs.pt
00:50:55 | fisher_hopper |  Step |    L_outer |  agent_len | expert_len |  agent_ret | expert_ret |  RankCorr |  PolicyNLL |    hyp_raw |   hyp_clip |     lr_outer
00:55:21 | fisher_hopper |     0 |    626.053 |      974.7 |      996.3 |      982.3 |     3685.8 |     0.684 |   7355.744 |      0.000 |      0.000 |     1.00e-04
01:02:36 | fisher_hopper | === Fisher-NHD Hopper SAC ===
01:02:36 | fisher_hopper | Using device: cpu
01:02:37 | fisher_hopper | Loaded 1000 expert train trajectories from data/hopper/expert_train_trajs.pt
01:02:37 | fisher_hopper | Loaded 100 expert valid trajectories from data/hopper/expert_valid_trajs.pt
01:02:37 | fisher_hopper | Loaded 100 random valid trajectories from data/hopper/random_valid_trajs.pt
01:02:37 | fisher_hopper |  Step |    L_outer |  agent_len | expert_len |  agent_ret | expert_ret |  RankCorr |  PolicyNLL |    hyp_raw |   hyp_clip |     lr_outer
01:07:06 | fisher_hopper | === Fisher-NHD Hopper SAC ===
01:07:06 | fisher_hopper | Using device: cpu
01:07:07 | fisher_hopper | Loaded 1000 expert train trajectories from data/hopper/expert_train_trajs.pt
01:07:07 | fisher_hopper | Loaded 100 expert valid trajectories from data/hopper/expert_valid_trajs.pt
01:07:07 | fisher_hopper | Loaded 100 random valid trajectories from data/hopper/random_valid_trajs.pt
01:07:07 | fisher_hopper |  Step |    L_outer |  agent_len | expert_len |  agent_ret | expert_ret |  RankCorr |  PolicyNLL |    hyp_raw |   hyp_clip |     lr_outer
01:11:43 | fisher_hopper |     0 |    731.364 |      997.9 |      996.3 |     1014.8 |     3685.8 |     0.691 |  13120.649 |      0.000 |      0.000 |     1.00e-04
01:12:01 | fisher_hopper | === Fisher-NHD Hopper SAC ===
01:12:01 | fisher_hopper | Using device: cpu
01:12:01 | fisher_hopper | Loaded 1000 expert train trajectories from data/hopper/expert_train_trajs.pt
01:12:01 | fisher_hopper | Loaded 100 expert valid trajectories from data/hopper/expert_valid_trajs.pt
01:12:01 | fisher_hopper | Loaded 100 random valid trajectories from data/hopper/random_valid_trajs.pt
01:12:01 | fisher_hopper |  Step |    L_outer |  agent_len | expert_len |  agent_ret | expert_ret |  RankCorr |  PolicyNLL |    hyp_raw |   hyp_clip |     lr_outer
01:15:30 | fisher_hopper |     0 |   1733.326 |      159.3 |      996.3 |      274.8 |     3685.8 |    -0.624 |  20953.201 |      0.000 |      0.000 |     1.00e-04
01:20:31 | fisher_hopper |     1 |   5665.845 |      137.7 |      996.3 |      257.4 |     3685.8 |    -0.624 |  66842.193 |  29470.703 |    100.000 |     1.00e-04
01:25:29 | fisher_hopper | === Fisher-NHD Hopper SAC ===
01:25:29 | fisher_hopper | Using device: cpu
01:25:29 | fisher_hopper | Loaded 1000 expert train trajectories from data/hopper/expert_train_trajs.pt
01:25:29 | fisher_hopper | Loaded 100 expert valid trajectories from data/hopper/expert_valid_trajs.pt
01:25:29 | fisher_hopper | Loaded 100 random valid trajectories from data/hopper/random_valid_trajs.pt
01:25:30 | fisher_hopper |  Step |    L_outer |  agent_len | expert_len |  agent_ret | expert_ret |  RankCorr |  PolicyNLL |    hyp_raw |   hyp_clip |     lr_outer
01:29:49 | fisher_hopper |     0 |    906.850 |      994.5 |      996.3 |     1003.6 |     3685.8 |     0.859 |  14705.359 |      0.000 |      0.000 |     1.00e-04
01:41:27 | fisher_hopper |     1 |    942.668 |      924.2 |      996.3 |      904.9 |     3685.8 |     0.852 |  13300.779 | 107079.578 |    100.000 |     1.00e-04
01:43:37 | fisher_hopper | === Fisher-NHD Hopper SAC ===
01:43:37 | fisher_hopper | Using device: cpu
01:43:37 | fisher_hopper | Loaded 1000 expert train trajectories from data/hopper/expert_train_trajs.pt
01:43:37 | fisher_hopper | Loaded 100 expert valid trajectories from data/hopper/expert_valid_trajs.pt
01:43:37 | fisher_hopper | Loaded 100 random valid trajectories from data/hopper/random_valid_trajs.pt
01:43:38 | fisher_hopper |  Step |    L_outer |  agent_len | expert_len |  agent_ret | expert_ret |  RankCorr |  PolicyNLL |    hyp_raw |   hyp_clip |     lr_outer
01:47:56 | fisher_hopper |     0 |    906.850 |      994.5 |      996.3 |     1003.6 |     3685.8 |     0.859 |  14705.359 |      0.000 |      0.000 |     1.00e-02
01:57:17 | fisher_hopper |     1 |    810.257 |       14.3 |      996.3 |        8.3 |     3685.8 |    -0.941 |  11232.090 | 107079.578 |      1.000 |     1.00e-02
02:01:41 | fisher_hopper |     2 |   1676.259 |        9.1 |      996.3 |        5.0 |     3685.8 |    -0.934 |  23497.350 |   4560.833 |      1.000 |     1.00e-02
02:02:29 | fisher_hopper | === Fisher-NHD Hopper SAC ===
02:02:29 | fisher_hopper | Using device: cpu
02:02:29 | fisher_hopper | Loaded 1000 expert train trajectories from data/hopper/expert_train_trajs.pt
02:02:29 | fisher_hopper | Loaded 100 expert valid trajectories from data/hopper/expert_valid_trajs.pt
02:02:29 | fisher_hopper | Loaded 100 random valid trajectories from data/hopper/random_valid_trajs.pt
02:02:30 | fisher_hopper |  Step |    L_outer |  agent_len | expert_len |  agent_ret | expert_ret |  RankCorr |  PolicyNLL |    hyp_raw |   hyp_clip |     lr_outer
02:06:56 | fisher_hopper |     0 |    906.850 |      994.5 |      996.3 |     1003.6 |     3685.8 |     0.859 |  14705.359 |      0.000 |      0.000 |     5.00e-04
02:14:38 | fisher_hopper | === Fisher-NHD Hopper SAC ===
02:14:38 | fisher_hopper | Using device: cpu
02:14:38 | fisher_hopper | Loaded 1000 expert train trajectories from data/hopper/expert_train_trajs.pt
02:14:38 | fisher_hopper | Loaded 100 expert valid trajectories from data/hopper/expert_valid_trajs.pt
02:14:38 | fisher_hopper | Loaded 100 random valid trajectories from data/hopper/random_valid_trajs.pt
02:14:39 | fisher_hopper |  Step |    L_outer |  agent_len | expert_len |  agent_ret | expert_ret |  RankCorr |  PolicyNLL |    hyp_raw |   hyp_clip |     lr_outer
02:22:00 | fisher_hopper |     0 |    654.158 |      667.6 |      996.3 |      666.1 |     3685.8 |     0.859 |   8105.535 |      0.000 |      0.000 |     5.00e-04
02:33:54 | fisher_hopper |     1 |    945.049 |     1000.0 |      996.3 |      989.2 |     3685.8 |     0.819 |  15869.805 |   8133.080 |      1.000 |     5.00e-04
02:48:06 | fisher_hopper |     2 |   1237.283 |      980.5 |      996.3 |     1007.6 |     3685.8 |    -0.751 |  21930.722 |  48597.285 |      1.000 |     5.00e-04
03:01:57 | fisher_hopper |     3 |    751.930 |      995.7 |      996.3 |      975.5 |     3685.8 |    -0.835 |  10136.479 |  47622.840 |      1.000 |     5.00e-04
03:15:54 | fisher_hopper |     4 |   1119.874 |      997.9 |      996.3 |      991.1 |     3685.8 |    -0.903 |  13986.228 |  16083.558 |      1.000 |     5.00e-04
03:29:40 | fisher_hopper |     5 |    945.899 |      905.6 |      996.3 |      888.7 |     3685.8 |    -0.932 |  14390.182 |  69975.430 |      1.000 |     5.00e-04
03:43:59 | fisher_hopper |     6 |    906.010 |      986.4 |      996.3 |      977.2 |     3685.8 |    -0.941 |  14840.557 |   3129.609 |      1.000 |     5.00e-04
03:58:04 | fisher_hopper |     7 |    428.413 |     1000.0 |      996.3 |      992.2 |     3685.8 |    -0.944 |   4765.430 |  22068.814 |      1.000 |     5.00e-04
04:11:52 | fisher_hopper |     8 |    557.793 |      994.0 |      996.3 |      997.4 |     3685.8 |    -0.947 |   6120.516 |   1456.237 |      1.000 |     5.00e-04
04:25:38 | fisher_hopper |     9 |    444.128 |      993.4 |      996.3 |      987.2 |     3685.8 |    -0.950 |   4507.621 |  24980.016 |      1.000 |     5.00e-04
04:39:58 | fisher_hopper |    10 |    647.598 |      992.1 |      996.3 |      991.3 |     3685.8 |    -0.951 |  10083.843 |    804.859 |      1.000 |     5.00e-04
04:53:59 | fisher_hopper |    11 |    552.081 |     1000.0 |      996.3 |      988.3 |     3685.8 |    -0.951 |   6464.092 |   5239.028 |      1.000 |     5.00e-04
05:07:42 | fisher_hopper |    12 |    453.975 |      995.3 |      996.3 |      980.3 |     3685.8 |    -0.951 |   5068.188 |   1467.774 |      1.000 |     5.00e-04
05:22:11 | fisher_hopper |    13 |    366.276 |      996.9 |      996.3 |      992.5 |     3685.8 |    -0.951 |   3586.029 |    339.229 |      1.000 |     5.00e-04
05:36:08 | fisher_hopper |    14 |   1013.157 |      985.6 |      996.3 |      975.1 |     3685.8 |    -0.951 |  14627.703 |   2825.396 |      1.000 |     5.00e-04
05:50:19 | fisher_hopper |    15 |    545.760 |      995.8 |      996.3 |      985.6 |     3685.8 |    -0.951 |   6695.701 |   7415.818 |      1.000 |     5.00e-04
06:04:26 | fisher_hopper |    16 |    576.485 |      995.2 |      996.3 |      984.1 |     3685.8 |    -0.951 |   8341.351 |  13361.586 |      1.000 |     5.00e-04
06:18:20 | fisher_hopper |    17 |    499.115 |      999.9 |      996.3 |      989.7 |     3685.8 |    -0.951 |   5245.742 |  21469.986 |      1.000 |     5.00e-04
06:32:09 | fisher_hopper |    18 |    656.698 |      994.1 |      996.3 |      991.4 |     3685.8 |    -0.951 |   8705.527 |   4818.613 |      1.000 |     5.00e-04
06:46:02 | fisher_hopper |    19 |    474.299 |     1000.0 |      996.3 |     1005.2 |     3685.8 |    -0.951 |   6207.370 |   2106.024 |      1.000 |     5.00e-04
07:00:31 | fisher_hopper |    20 |    441.856 |      999.2 |      996.3 |      995.9 |     3685.8 |    -0.951 |   5187.759 |    977.170 |      1.000 |     5.00e-04
07:14:53 | fisher_hopper |    21 |    563.640 |     1000.0 |      996.3 |     1002.7 |     3685.8 |    -0.951 |   7201.740 |   1774.308 |      1.000 |     5.00e-04
07:29:13 | fisher_hopper |    22 |    399.703 |      996.3 |      996.3 |      994.9 |     3685.8 |    -0.951 |   4425.899 |   8391.902 |      1.000 |     5.00e-04
07:43:21 | fisher_hopper |    23 |    783.059 |      997.9 |      996.3 |     1001.8 |     3685.8 |    -0.950 |   9068.955 |   1551.248 |      1.000 |     5.00e-04
07:57:47 | fisher_hopper |    24 |    632.172 |      995.1 |      996.3 |     1000.3 |     3685.8 |    -0.950 |   7676.339 |   5611.918 |      1.000 |     5.00e-04
08:12:07 | fisher_hopper |    25 |    395.264 |     1000.0 |      996.3 |     1005.3 |     3685.8 |    -0.949 |   4912.918 |   9474.722 |      1.000 |     5.00e-04
08:26:51 | fisher_hopper |    26 |    363.033 |      999.1 |      996.3 |      999.7 |     3685.8 |    -0.949 |   4045.778 |   4620.409 |      1.000 |     5.00e-04
08:41:31 | fisher_hopper |    27 |    427.592 |      999.4 |      996.3 |     1006.4 |     3685.8 |    -0.949 |   5268.600 |   7934.642 |      1.000 |     5.00e-04
08:55:57 | fisher_hopper |    28 |    320.735 |     1000.0 |      996.3 |     1009.5 |     3685.8 |    -0.949 |   3335.238 |   9275.978 |      1.000 |     5.00e-04
09:10:31 | fisher_hopper |    29 |    313.396 |      982.7 |      996.3 |      998.0 |     3685.8 |    -0.949 |   3228.901 |   2286.303 |      1.000 |     5.00e-04
09:24:44 | fisher_hopper |    30 |    313.742 |      959.8 |      996.3 |      975.6 |     3685.8 |    -0.949 |   3301.874 |    883.958 |      1.000 |     5.00e-04
09:39:52 | fisher_hopper |    31 |    301.057 |      746.0 |      996.3 |      827.7 |     3685.8 |    -0.949 |   3131.218 |   1234.054 |      1.000 |     5.00e-04
13:54:03 | fisher_hopper | === Fisher-NHD Hopper SAC ===
13:54:03 | fisher_hopper | Using device: cpu
13:54:03 | fisher_hopper | Loaded 1000 expert train trajectories from data/hopper/expert_train_trajs.pt
13:54:03 | fisher_hopper | Loaded 100 expert valid trajectories from data/hopper/expert_valid_trajs.pt
13:54:03 | fisher_hopper | Loaded 100 random valid trajectories from data/hopper/random_valid_trajs.pt
13:54:03 | fisher_hopper |  Step |    L_outer |  agent_len | expert_len |  agent_ret | expert_ret |  RankCorr |  PolicyNLL |    hyp_raw |   hyp_clip |     lr_outer
13:58:24 | fisher_hopper |     0 |    906.850 |      994.5 |      996.3 |     1003.6 |     3685.8 |     0.859 |  14705.359 |      0.000 |      0.000 |     1.00e-05
14:08:34 | fisher_hopper |     1 |    623.638 |      636.8 |      996.3 |      639.7 |     3685.8 |     0.859 |   7757.725 | 107079.578 |      1.000 |     1.00e-05
14:16:39 | fisher_hopper |     2 |    928.994 |      971.7 |      996.3 |      966.4 |     3685.8 |     0.858 |  13154.659 |  16798.295 |      1.000 |     1.00e-05
14:26:44 | fisher_hopper |     3 |    529.501 |      984.9 |      996.3 |     1016.5 |     3685.8 |     0.858 |   6228.332 |  13391.479 |      1.000 |     1.00e-05
14:36:58 | fisher_hopper |     4 |    817.347 |     1000.0 |      996.3 |      998.8 |     3685.8 |     0.857 |  10097.161 |   3460.827 |      1.000 |     1.00e-05
