10:57:19 | ttsa_hopper | Загружено 1000 экспертных траекторий из data/hopper/expert_train_trajs.pt
10:57:19 | ttsa_hopper | === TTSA Hopper ===
11:00:01 | ttsa_hopper | Загружено 1000 экспертных траекторий из data/hopper/expert_train_trajs.pt
11:00:01 | ttsa_hopper | === TTSA Hopper ===
11:00:04 | ttsa_hopper |     1 |   2533.097 |    -51.579 |     12.9 |  19.5 | 9458.4336 |    2.3s
11:00:06 | ttsa_hopper |     2 |   2533.082 |    -52.059 |     11.1 |  18.9 | 4958.5063 |    2.4s
11:00:09 | ttsa_hopper |     3 |   2533.054 |    -49.211 |     11.9 |  18.3 | 6159.3403 |    2.9s
11:00:12 | ttsa_hopper |     4 |   2533.017 |    -51.527 |     13.1 |  19.5 | 7894.5684 |    2.9s
11:00:15 | ttsa_hopper |     5 |   2533.003 |    -49.067 |     10.8 |  17.9 | 19593.2266 |    2.9s
11:00:18 | ttsa_hopper |     6 |   2532.973 |    -49.267 |     10.6 |  17.5 | 6790.1079 |    2.9s
11:00:20 | ttsa_hopper |     7 |   2532.950 |    -48.392 |     10.5 |  17.7 | 5269.6313 |    2.8s
11:00:23 | ttsa_hopper |     8 |   2532.923 |    -47.653 |     11.4 |  17.6 | 11013.7285 |    2.4s
11:00:25 | ttsa_hopper |     9 |   2532.917 |    -48.364 |     10.8 |  17.5 | 2608.5984 |    2.5s
11:00:28 | ttsa_hopper |    10 |   2532.884 |    -49.618 |     11.2 |  17.9 | 6544.3062 |    2.6s
11:00:31 | ttsa_hopper |    11 |   2532.880 |    -50.764 |     11.4 |  18.6 | 6178.6938 |    2.6s
11:00:33 | ttsa_hopper |    12 |   2532.862 |    -47.827 |     10.3 |  17.4 | 4710.8647 |    2.6s
11:00:36 | ttsa_hopper |    13 |   2532.842 |    -49.103 |     11.5 |  17.9 | 2423.1096 |    2.5s
11:00:38 | ttsa_hopper |    14 |   2532.826 |    -49.182 |     10.6 |  17.7 | 3752.1169 |    2.6s
11:00:41 | ttsa_hopper |    15 |   2532.810 |    -49.505 |     10.8 |  17.9 | 5813.5674 |    2.4s
11:00:43 | ttsa_hopper |    16 |   2532.805 |    -50.082 |     10.8 |  18.4 | 12896.6914 |    2.5s
11:00:46 | ttsa_hopper |    17 |   2532.779 |    -49.015 |     12.4 |  18.1 | 2700.3442 |    2.5s
11:00:48 | ttsa_hopper |    18 |   2532.778 |    -50.086 |     10.7 |  17.9 | 7988.1729 |    2.5s
11:00:51 | ttsa_hopper |    19 |   2532.751 |    -48.798 |     10.9 |  17.6 | 4269.8457 |    2.5s
11:00:53 | ttsa_hopper |    20 |   2532.732 |    -48.682 |     11.6 |  17.8 | 4139.9951 |    2.5s
11:00:56 | ttsa_hopper |    21 |   2532.735 |    -46.686 |     10.0 |  16.8 | 3907.9177 |    2.5s
11:00:58 | ttsa_hopper |    22 |   2532.714 |    -48.284 |     11.4 |  17.8 | 4039.6282 |    2.5s
11:01:01 | ttsa_hopper |    23 |   2532.719 |    -47.974 |     11.0 |  17.6 | 8737.5791 |    2.5s
11:01:03 | ttsa_hopper |    24 |   2532.689 |    -48.940 |     10.8 |  17.8 | 7629.7729 |    2.5s
11:01:06 | ttsa_hopper |    25 |   2532.666 |    -51.109 |     12.1 |  18.9 | 7417.4873 |    2.5s
11:01:08 | ttsa_hopper |    26 |   2532.657 |    -50.074 |     10.8 |  18.1 | 2767.9895 |    2.5s
11:01:11 | ttsa_hopper |    27 |   2532.632 |    -50.072 |     11.3 |  18.7 | 3187.0203 |    2.5s
11:01:13 | ttsa_hopper |    28 |   2532.626 |    -50.950 |     12.0 |  18.9 | 4213.7153 |    2.5s
11:01:16 | ttsa_hopper |    29 |   2532.621 |    -49.965 |     10.5 |  18.1 | 3947.3726 |    2.5s
11:01:18 | ttsa_hopper |    30 |   2532.606 |    -50.063 |     10.5 |  17.8 | 3836.7217 |    2.5s
11:01:21 | ttsa_hopper |    31 |   2532.587 |    -46.845 |     10.5 |  17.0 | 6121.6416 |    2.5s
11:01:23 | ttsa_hopper |    32 |   2532.584 |    -47.391 |     11.0 |  17.2 | 6311.7983 |    2.4s
11:01:26 | ttsa_hopper |    33 |   2532.558 |    -50.021 |     11.4 |  18.6 | 3156.5547 |    2.6s
11:01:28 | ttsa_hopper |    34 |   2532.526 |    -48.321 |     10.9 |  17.8 | 4612.3594 |    2.7s
11:01:31 | ttsa_hopper |    35 |   2532.514 |    -49.091 |     11.1 |  17.9 | 8312.2920 |    2.4s
11:01:33 | ttsa_hopper |    36 |   2532.501 |    -48.373 |     10.8 |  17.8 | 7199.6543 |    2.4s
11:01:36 | ttsa_hopper |    37 |   2532.460 |    -49.291 |     11.5 |  18.1 | 14886.8623 |    2.5s
11:01:38 | ttsa_hopper |    38 |   2532.440 |    -49.637 |     10.4 |  18.0 | 5032.8252 |    2.5s
11:01:41 | ttsa_hopper |    39 |   2532.438 |    -50.603 |     11.3 |  18.4 | 4802.8662 |    2.6s
11:01:43 | ttsa_hopper |    40 |   2532.424 |    -50.834 |     11.4 |  18.7 | 8269.8896 |    2.5s
11:01:46 | ttsa_hopper |    41 |   2532.417 |    -51.200 |     11.5 |  18.8 | 5691.5244 |    2.5s
11:01:48 | ttsa_hopper |    42 |   2532.407 |    -49.754 |     11.2 |  18.2 | 3833.8181 |    2.5s
11:01:51 | ttsa_hopper |    43 |   2532.399 |    -50.498 |     11.9 |  18.7 | 14762.2666 |    2.5s
11:01:53 | ttsa_hopper |    44 |   2532.394 |    -48.942 |     10.6 |  17.8 | 11344.3945 |    2.6s
11:01:56 | ttsa_hopper |    45 |   2532.396 |    -45.840 |      9.6 |  16.5 | 7023.6323 |    2.5s
11:01:58 | ttsa_hopper |    46 |   2532.369 |    -50.133 |     10.5 |  17.9 | 5801.4150 |    2.7s
11:02:01 | ttsa_hopper |    47 |   2532.354 |    -52.725 |     10.5 |  19.0 | 8400.2500 |    2.7s
11:02:04 | ttsa_hopper |    48 |   2532.351 |    -48.600 |     10.5 |  17.5 | 3621.2617 |    2.7s
11:02:07 | ttsa_hopper |    49 |   2532.338 |    -50.891 |     11.4 |  18.7 | 7457.0381 |    2.9s
11:02:09 | ttsa_hopper |    50 |   2532.325 |    -50.250 |     11.6 |  18.6 | 3696.1553 |    2.9s
11:02:12 | ttsa_hopper |    51 |   2532.293 |    -48.345 |     11.3 |  17.9 | 6934.3135 |    2.8s
11:02:15 | ttsa_hopper |    52 |   2532.277 |    -51.452 |     12.0 |  19.2 | 6353.5166 |    2.6s
11:02:18 | ttsa_hopper |    53 |   2532.253 |    -50.099 |     12.0 |  18.8 | 3796.7715 |    2.7s
11:02:20 | ttsa_hopper |    54 |   2532.236 |    -51.579 |     11.7 |  18.6 | 6812.9863 |    2.8s
11:02:23 | ttsa_hopper |    55 |   2532.222 |    -48.771 |     10.5 |  17.8 | 2874.4409 |    2.6s
11:02:25 | ttsa_hopper |    56 |   2532.200 |    -48.895 |     11.4 |  18.1 | 3252.4453 |    2.5s
11:02:28 | ttsa_hopper |    57 |   2532.183 |    -48.870 |     10.8 |  17.6 | 4440.2930 |    2.5s
11:02:30 | ttsa_hopper |    58 |   2532.151 |    -51.715 |     12.2 |  19.2 | 3886.6562 |    2.5s
11:02:33 | ttsa_hopper |    59 |   2532.143 |    -50.017 |     11.1 |  18.2 | 4940.7588 |    2.5s
11:02:35 | ttsa_hopper |    60 |   2532.112 |    -49.691 |     11.8 |  18.3 | 4525.6904 |    2.5s
11:02:38 | ttsa_hopper |    61 |   2532.075 |    -49.707 |     12.9 |  18.9 | 4788.4814 |    2.5s
11:02:40 | ttsa_hopper |    62 |   2532.061 |    -48.910 |     11.7 |  18.2 | 5789.1484 |    2.5s
11:02:43 | ttsa_hopper |    63 |   2532.054 |    -49.548 |     10.7 |  18.2 | 2320.2810 |    2.7s
11:02:46 | ttsa_hopper |    64 |   2532.018 |    -49.775 |     11.8 |  18.3 | 6495.5547 |    3.0s
11:02:49 | ttsa_hopper |    65 |   2532.010 |    -50.011 |     11.8 |  18.8 | 1741.0262 |    2.7s
11:02:52 | ttsa_hopper |    66 |   2531.980 |    -50.451 |     11.0 |  18.4 | 5475.4712 |    2.8s
11:02:55 | ttsa_hopper |    67 |   2531.976 |    -47.921 |     11.3 |  17.6 | 5114.7476 |    2.9s
11:02:58 | ttsa_hopper |    68 |   2531.948 |    -50.073 |     12.9 |  19.0 | 21958.9375 |    3.0s
11:03:01 | ttsa_hopper |    69 |   2531.937 |    -48.293 |     10.2 |  17.6 | 7956.4487 |    3.0s
11:03:04 | ttsa_hopper |    70 |   2531.933 |    -49.316 |     10.9 |  17.9 | 6989.9888 |    3.2s
11:03:07 | ttsa_hopper |    71 |   2531.911 |    -48.662 |     10.4 |  17.6 | 1571.8179 |    3.2s
11:03:10 | ttsa_hopper |    72 |   2531.888 |    -48.527 |     12.0 |  18.3 | 4888.6992 |    2.9s
11:03:13 | ttsa_hopper |    73 |   2531.884 |    -50.460 |     11.7 |  18.1 | 3074.6494 |    3.0s
11:03:16 | ttsa_hopper |    74 |   2531.881 |    -48.685 |     10.7 |  17.7 | 8741.3730 |    2.8s
11:03:19 | ttsa_hopper |    75 |   2531.867 |    -48.621 |     11.3 |  18.0 | 4764.3032 |    3.1s
11:03:22 | ttsa_hopper |    76 |   2531.857 |    -48.917 |     12.8 |  18.3 | 7007.5093 |    3.0s
11:03:25 | ttsa_hopper |    77 |   2531.854 |    -47.079 |     10.9 |  17.5 | 8770.7812 |    3.2s
11:03:28 | ttsa_hopper |    78 |   2531.851 |    -50.558 |     12.7 |  19.2 | 4471.6025 |    2.9s
11:03:31 | ttsa_hopper |    79 |   2531.830 |    -48.968 |     10.9 |  17.9 | 8299.5410 |    3.5s
11:03:35 | ttsa_hopper |    80 |   2531.809 |    -53.042 |     12.3 |  19.8 | 2132.6931 |    3.4s
11:03:38 | ttsa_hopper |    81 |   2531.803 |    -46.198 |     11.3 |  17.1 | 6361.3345 |    2.8s
11:03:40 | ttsa_hopper |    82 |   2531.797 |    -46.529 |     10.3 |  16.8 | 2683.3162 |    2.6s
11:03:43 | ttsa_hopper |    83 |   2531.778 |    -50.712 |     11.7 |  18.8 | 5000.0156 |    2.5s
11:03:45 | ttsa_hopper |    84 |   2531.776 |    -49.242 |     11.0 |  17.7 | 4717.9106 |    2.7s
11:03:48 | ttsa_hopper |    85 |   2531.759 |    -51.368 |     12.1 |  18.8 | 8798.7305 |    2.5s
11:03:51 | ttsa_hopper |    86 |   2531.741 |    -49.693 |     12.5 |  19.0 | 10987.0996 |    2.6s
11:03:53 | ttsa_hopper |    87 |   2531.720 |    -50.520 |     12.0 |  18.4 | 4340.6621 |    2.6s
11:03:56 | ttsa_hopper |    88 |   2531.708 |    -50.294 |     11.4 |  18.6 | 5777.5054 |    3.1s
11:03:59 | ttsa_hopper |    89 |   2531.677 |    -51.371 |     11.1 |  18.6 | 6292.0796 |    3.2s
11:04:02 | ttsa_hopper |    90 |   2531.647 |    -49.429 |     11.5 |  17.8 | 2374.2209 |    2.9s
11:04:05 | ttsa_hopper |    91 |   2531.637 |    -50.914 |     11.3 |  18.7 | 9680.6426 |    2.6s
11:04:07 | ttsa_hopper |    92 |   2531.631 |    -54.061 |     12.8 |  20.2 | 3712.3813 |    2.7s
11:04:10 | ttsa_hopper |    93 |   2531.622 |    -49.009 |     11.3 |  18.4 | 2489.2532 |    2.6s
11:04:13 | ttsa_hopper |    94 |   2531.599 |    -49.748 |     11.4 |  18.2 | 3303.2104 |    2.6s
11:04:15 | ttsa_hopper |    95 |   2531.591 |    -51.060 |     11.1 |  18.5 | 5011.9058 |    2.5s
11:04:18 | ttsa_hopper |    96 |   2531.592 |    -51.145 |     11.3 |  18.9 | 4651.6841 |    2.6s
11:04:20 | ttsa_hopper |    97 |   2531.579 |    -49.140 |     11.6 |  18.2 | 6811.8936 |    2.5s
11:04:23 | ttsa_hopper |    98 |   2531.555 |    -50.868 |     11.8 |  18.6 | 3863.2959 |    2.6s
11:04:26 | ttsa_hopper |    99 |   2531.543 |    -50.182 |     11.7 |  18.7 | 5259.4370 |    2.6s
11:04:28 | ttsa_hopper |   100 |   2531.515 |    -51.566 |     11.6 |  19.2 | 6997.9741 |    2.5s
11:04:28 | ttsa_hopper | Total time: 266.7s (4.4 min)
11:04:28 | ttsa_hopper | История сохранена в reports/ttsa_hopper_history.json
12:45:36 | ttsa_hopper | Загружено 1000 экспертных траекторий из data/hopper/expert_train_trajs.pt
12:45:36 | ttsa_hopper | === TTSA Hopper ===
12:45:39 | ttsa_hopper |     1 |   2533.097 |    -51.579 |     12.9 |  19.5 | 9458.4336 |    2.2s
12:45:42 | ttsa_hopper |     2 |   2533.082 |    -52.059 |     11.1 |  18.9 | 4958.5063 |    2.5s
12:45:44 | ttsa_hopper |     3 |   2533.054 |    -49.211 |     11.9 |  18.3 | 6159.3403 |    2.4s
12:45:46 | ttsa_hopper |     4 |   2533.017 |    -51.527 |     13.1 |  19.5 | 7894.5684 |    2.5s
12:45:49 | ttsa_hopper |     5 |   2533.003 |    -49.067 |     10.8 |  17.9 | 19593.2266 |    2.3s
12:45:51 | ttsa_hopper |     6 |   2532.973 |    -49.267 |     10.6 |  17.5 | 6790.1079 |    2.4s
12:45:53 | ttsa_hopper |     7 |   2532.950 |    -48.392 |     10.5 |  17.7 | 5269.6313 |    2.3s
12:45:56 | ttsa_hopper |     8 |   2532.923 |    -47.653 |     11.4 |  17.6 | 11013.7285 |    2.3s
12:45:58 | ttsa_hopper |     9 |   2532.917 |    -48.364 |     10.8 |  17.5 | 2608.5984 |    2.3s
12:46:00 | ttsa_hopper |    10 |   2532.884 |    -49.618 |     11.2 |  17.9 | 6544.3062 |    2.3s
12:46:03 | ttsa_hopper |    11 |   2532.880 |    -50.764 |     11.4 |  18.6 | 6178.6938 |    2.4s
12:46:05 | ttsa_hopper |    12 |   2532.862 |    -47.827 |     10.3 |  17.4 | 4710.8647 |    2.5s
12:46:08 | ttsa_hopper |    13 |   2532.842 |    -49.103 |     11.5 |  17.9 | 2423.1096 |    2.6s
12:46:10 | ttsa_hopper |    14 |   2532.826 |    -49.182 |     10.6 |  17.7 | 3752.1169 |    2.4s
12:46:13 | ttsa_hopper |    15 |   2532.810 |    -49.505 |     10.8 |  17.9 | 5813.5674 |    2.7s
12:46:15 | ttsa_hopper |    16 |   2532.805 |    -50.082 |     10.8 |  18.4 | 12896.6914 |    2.5s
12:46:18 | ttsa_hopper |    17 |   2532.779 |    -49.015 |     12.4 |  18.1 | 2700.3442 |    2.4s
12:46:20 | ttsa_hopper |    18 |   2532.778 |    -50.086 |     10.7 |  17.9 | 7988.1729 |    2.5s
12:46:23 | ttsa_hopper |    19 |   2532.751 |    -48.798 |     10.9 |  17.6 | 4269.8457 |    2.8s
12:46:26 | ttsa_hopper |    20 |   2532.732 |    -48.682 |     11.6 |  17.8 | 4139.9951 |    2.8s
12:46:28 | ttsa_hopper |    21 |   2532.735 |    -46.686 |     10.0 |  16.8 | 3907.9177 |    2.6s
12:46:31 | ttsa_hopper |    22 |   2532.714 |    -48.284 |     11.4 |  17.8 | 4039.6282 |    2.6s
12:46:34 | ttsa_hopper |    23 |   2532.719 |    -47.974 |     11.0 |  17.6 | 8737.5791 |    2.5s
12:46:36 | ttsa_hopper |    24 |   2532.689 |    -48.940 |     10.8 |  17.8 | 7629.7729 |    2.7s
12:46:39 | ttsa_hopper |    25 |   2532.666 |    -51.109 |     12.1 |  18.9 | 7417.4873 |    2.4s
12:46:41 | ttsa_hopper |    26 |   2532.657 |    -50.074 |     10.8 |  18.1 | 2767.9895 |    2.4s
12:46:44 | ttsa_hopper |    27 |   2532.632 |    -50.072 |     11.3 |  18.7 | 3187.0203 |    2.5s
12:46:46 | ttsa_hopper |    28 |   2532.626 |    -50.950 |     12.0 |  18.9 | 4213.7153 |    2.7s
12:46:49 | ttsa_hopper |    29 |   2532.621 |    -49.965 |     10.5 |  18.1 | 3947.3726 |    2.8s
12:46:52 | ttsa_hopper |    30 |   2532.606 |    -50.063 |     10.5 |  17.8 | 3836.7217 |    2.6s
12:46:54 | ttsa_hopper |    31 |   2532.587 |    -46.845 |     10.5 |  17.0 | 6121.6416 |    2.5s
12:46:57 | ttsa_hopper |    32 |   2532.584 |    -47.391 |     11.0 |  17.2 | 6311.7983 |    2.8s
12:47:00 | ttsa_hopper |    33 |   2532.558 |    -50.021 |     11.4 |  18.6 | 3156.5547 |    2.9s
12:47:03 | ttsa_hopper |    34 |   2532.526 |    -48.321 |     10.9 |  17.8 | 4612.3594 |    2.9s
12:47:05 | ttsa_hopper |    35 |   2532.514 |    -49.091 |     11.1 |  17.9 | 8312.2920 |    2.5s
12:47:08 | ttsa_hopper |    36 |   2532.501 |    -48.373 |     10.8 |  17.8 | 7199.6543 |    2.5s
12:47:11 | ttsa_hopper |    37 |   2532.460 |    -49.291 |     11.5 |  18.1 | 14886.8623 |    2.8s
12:47:13 | ttsa_hopper |    38 |   2532.440 |    -49.637 |     10.4 |  18.0 | 5032.8252 |    2.6s
12:47:16 | ttsa_hopper |    39 |   2532.438 |    -50.603 |     11.3 |  18.4 | 4802.8662 |    2.7s
12:47:18 | ttsa_hopper |    40 |   2532.424 |    -50.834 |     11.4 |  18.7 | 8269.8896 |    2.6s
12:47:21 | ttsa_hopper |    41 |   2532.417 |    -51.200 |     11.5 |  18.8 | 5691.5244 |    2.8s
12:47:24 | ttsa_hopper |    42 |   2532.407 |    -49.754 |     11.2 |  18.2 | 3833.8181 |    2.4s
12:47:26 | ttsa_hopper |    43 |   2532.399 |    -50.498 |     11.9 |  18.7 | 14762.2666 |    2.4s
12:47:28 | ttsa_hopper |    44 |   2532.394 |    -48.942 |     10.6 |  17.8 | 11344.3945 |    2.4s
12:47:31 | ttsa_hopper |    45 |   2532.396 |    -45.840 |      9.6 |  16.5 | 7023.6323 |    2.3s
12:47:33 | ttsa_hopper |    46 |   2532.369 |    -50.133 |     10.5 |  17.9 | 5801.4150 |    2.4s
12:47:36 | ttsa_hopper |    47 |   2532.354 |    -52.725 |     10.5 |  19.0 | 8400.2500 |    2.4s
12:47:38 | ttsa_hopper |    48 |   2532.351 |    -48.600 |     10.5 |  17.5 | 3621.2617 |    2.4s
12:47:40 | ttsa_hopper |    49 |   2532.338 |    -50.891 |     11.4 |  18.7 | 7457.0381 |    2.4s
12:47:43 | ttsa_hopper |    50 |   2532.325 |    -50.250 |     11.6 |  18.6 | 3696.1553 |    2.4s
12:47:45 | ttsa_hopper |    51 |   2532.293 |    -48.345 |     11.3 |  17.9 | 6934.3135 |    2.4s
12:47:47 | ttsa_hopper |    52 |   2532.277 |    -51.452 |     12.0 |  19.2 | 6353.5166 |    2.4s
12:47:50 | ttsa_hopper |    53 |   2532.253 |    -50.099 |     12.0 |  18.8 | 3796.7715 |    2.4s
12:47:52 | ttsa_hopper |    54 |   2532.236 |    -51.579 |     11.7 |  18.6 | 6812.9863 |    2.4s
12:47:55 | ttsa_hopper |    55 |   2532.222 |    -48.771 |     10.5 |  17.8 | 2874.4409 |    2.4s
12:47:57 | ttsa_hopper |    56 |   2532.200 |    -48.895 |     11.4 |  18.1 | 3252.4453 |    2.4s
12:47:59 | ttsa_hopper |    57 |   2532.183 |    -48.870 |     10.8 |  17.6 | 4440.2930 |    2.5s
12:48:02 | ttsa_hopper |    58 |   2532.151 |    -51.715 |     12.2 |  19.2 | 3886.6562 |    2.5s
12:48:04 | ttsa_hopper |    59 |   2532.143 |    -50.017 |     11.1 |  18.2 | 4940.7588 |    2.4s
12:48:07 | ttsa_hopper |    60 |   2532.112 |    -49.691 |     11.8 |  18.3 | 4525.6904 |    2.5s
12:48:09 | ttsa_hopper |    61 |   2532.075 |    -49.707 |     12.9 |  18.9 | 4788.4814 |    2.6s
12:48:12 | ttsa_hopper |    62 |   2532.061 |    -48.910 |     11.7 |  18.2 | 5789.1484 |    2.5s
12:48:15 | ttsa_hopper |    63 |   2532.054 |    -49.548 |     10.7 |  18.2 | 2320.2810 |    2.9s
12:48:18 | ttsa_hopper |    64 |   2532.018 |    -49.775 |     11.8 |  18.3 | 6495.5547 |    2.9s
12:48:20 | ttsa_hopper |    65 |   2532.010 |    -50.011 |     11.8 |  18.8 | 1741.0262 |    2.6s
12:48:23 | ttsa_hopper |    66 |   2531.980 |    -50.451 |     11.0 |  18.4 | 5475.4712 |    2.6s
12:48:26 | ttsa_hopper |    67 |   2531.976 |    -47.921 |     11.3 |  17.6 | 5114.7476 |    2.9s
12:48:28 | ttsa_hopper |    68 |   2531.948 |    -50.073 |     12.9 |  19.0 | 21958.9375 |    2.6s
12:48:31 | ttsa_hopper |    69 |   2531.937 |    -48.293 |     10.2 |  17.6 | 7956.4487 |    2.5s
12:48:33 | ttsa_hopper |    70 |   2531.933 |    -49.316 |     10.9 |  17.9 | 6989.9888 |    2.5s
12:48:36 | ttsa_hopper |    71 |   2531.911 |    -48.662 |     10.4 |  17.6 | 1571.8179 |    2.5s
12:48:38 | ttsa_hopper |    72 |   2531.888 |    -48.527 |     12.0 |  18.3 | 4888.6992 |    2.6s
12:48:41 | ttsa_hopper |    73 |   2531.884 |    -50.460 |     11.7 |  18.1 | 3074.6494 |    2.5s
12:48:43 | ttsa_hopper |    74 |   2531.881 |    -48.685 |     10.7 |  17.7 | 8741.3730 |    2.5s
12:48:46 | ttsa_hopper |    75 |   2531.867 |    -48.621 |     11.3 |  18.0 | 4764.3032 |    2.6s
12:48:49 | ttsa_hopper |    76 |   2531.857 |    -48.917 |     12.8 |  18.3 | 7007.5093 |    2.5s
12:48:51 | ttsa_hopper |    77 |   2531.854 |    -47.079 |     10.9 |  17.5 | 8770.7812 |    2.6s
12:48:54 | ttsa_hopper |    78 |   2531.851 |    -50.558 |     12.7 |  19.2 | 4471.6025 |    2.5s
12:48:56 | ttsa_hopper |    79 |   2531.830 |    -48.968 |     10.9 |  17.9 | 8299.5410 |    2.5s
12:48:59 | ttsa_hopper |    80 |   2531.809 |    -53.042 |     12.3 |  19.8 | 2132.6931 |    2.5s
12:49:01 | ttsa_hopper |    81 |   2531.803 |    -46.198 |     11.3 |  17.1 | 6361.3345 |    2.5s
12:49:04 | ttsa_hopper |    82 |   2531.797 |    -46.529 |     10.3 |  16.8 | 2683.3162 |    2.5s
12:49:06 | ttsa_hopper |    83 |   2531.778 |    -50.712 |     11.7 |  18.8 | 5000.0156 |    2.5s
12:49:09 | ttsa_hopper |    84 |   2531.776 |    -49.242 |     11.0 |  17.7 | 4717.9106 |    2.5s
12:49:11 | ttsa_hopper |    85 |   2531.759 |    -51.368 |     12.1 |  18.8 | 8798.7305 |    2.5s
12:49:14 | ttsa_hopper |    86 |   2531.741 |    -49.693 |     12.5 |  19.0 | 10987.0996 |    2.5s
12:49:16 | ttsa_hopper |    87 |   2531.720 |    -50.520 |     12.0 |  18.4 | 4340.6621 |    2.5s
12:49:19 | ttsa_hopper |    88 |   2531.708 |    -50.294 |     11.4 |  18.6 | 5777.5054 |    2.5s
12:49:21 | ttsa_hopper |    89 |   2531.677 |    -51.371 |     11.1 |  18.6 | 6292.0796 |    2.5s
12:49:24 | ttsa_hopper |    90 |   2531.647 |    -49.429 |     11.5 |  17.8 | 2374.2209 |    2.5s
12:49:26 | ttsa_hopper |    91 |   2531.637 |    -50.914 |     11.3 |  18.7 | 9680.6426 |    2.5s
12:49:29 | ttsa_hopper |    92 |   2531.631 |    -54.061 |     12.8 |  20.2 | 3712.3813 |    2.6s
12:49:31 | ttsa_hopper |    93 |   2531.622 |    -49.009 |     11.3 |  18.4 | 2489.2532 |    2.5s
12:49:34 | ttsa_hopper |    94 |   2531.599 |    -49.748 |     11.4 |  18.2 | 3303.2104 |    2.5s
12:49:36 | ttsa_hopper |    95 |   2531.591 |    -51.060 |     11.1 |  18.5 | 5011.9058 |    2.5s
12:49:39 | ttsa_hopper |    96 |   2531.592 |    -51.145 |     11.3 |  18.9 | 4651.6841 |    2.6s
12:49:41 | ttsa_hopper |    97 |   2531.579 |    -49.140 |     11.6 |  18.2 | 6811.8936 |    2.5s
12:49:44 | ttsa_hopper |    98 |   2531.555 |    -50.868 |     11.8 |  18.6 | 3863.2959 |    2.5s
12:49:47 | ttsa_hopper |    99 |   2531.543 |    -50.182 |     11.7 |  18.7 | 5259.4370 |    2.6s
12:49:49 | ttsa_hopper |   100 |   2531.515 |    -51.566 |     11.6 |  19.2 | 6997.9741 |    2.6s
12:49:49 | ttsa_hopper | Total time: 252.2s (4.2 min)
12:49:49 | ttsa_hopper | История сохранена в reports/ttsa_hopper_history.json
12:54:57 | ttsa_hopper | Загружено 1000 экспертных траекторий из data/hopper/expert_train_trajs.pt
12:54:57 | ttsa_hopper | === TTSA Hopper ===
12:56:30 | ttsa_hopper | Загружено 1000 экспертных траекторий из data/hopper/expert_train_trajs.pt
12:56:30 | ttsa_hopper | === TTSA Hopper ===
12:56:33 | ttsa_hopper |     1 |   2533.097 |    -56.960 |     12.9 |  19.5 | 9458.4336 |    2.2s
12:56:36 | ttsa_hopper |     2 |   2533.082 |    -56.711 |     11.1 |  18.9 | 4958.5063 |    2.5s
12:56:38 | ttsa_hopper |     3 |   2533.054 |    -53.556 |     11.9 |  18.3 | 6159.3403 |    2.4s
12:56:40 | ttsa_hopper |     4 |   2533.017 |    -56.564 |     13.1 |  19.5 | 7894.5684 |    2.3s
12:56:43 | ttsa_hopper |     5 |   2533.003 |    -53.126 |     10.8 |  17.9 | 19593.2266 |    2.4s
12:56:45 | ttsa_hopper |     6 |   2532.973 |    -53.131 |     10.6 |  17.5 | 6790.1079 |    2.6s
12:56:48 | ttsa_hopper |     7 |   2532.950 |    -52.323 |     10.5 |  17.7 | 5269.6313 |    2.4s
12:56:50 | ttsa_hopper |     8 |   2532.923 |    -51.678 |     11.4 |  17.6 | 11013.7285 |    2.5s
12:56:53 | ttsa_hopper |     9 |   2532.917 |    -52.086 |     10.8 |  17.5 | 2608.5984 |    2.6s
12:56:56 | ttsa_hopper |    10 |   2532.884 |    -53.722 |     11.2 |  17.9 | 6544.3062 |    2.7s
12:56:58 | ttsa_hopper |    11 |   2532.880 |    -55.329 |     11.4 |  18.6 | 6178.6938 |    2.7s
12:57:00 | ttsa_hopper |    12 |   2532.862 |    -51.542 |     10.3 |  17.4 | 4710.8647 |    2.3s
12:57:03 | ttsa_hopper |    13 |   2532.842 |    -53.264 |     11.5 |  17.9 | 2423.1096 |    2.5s
12:57:06 | ttsa_hopper |    14 |   2532.826 |    -53.152 |     10.6 |  17.7 | 3752.1169 |    3.0s
12:57:09 | ttsa_hopper |    15 |   2532.810 |    -53.511 |     10.8 |  17.9 | 5813.5674 |    3.1s
12:57:12 | ttsa_hopper |    16 |   2532.805 |    -54.512 |     10.8 |  18.4 | 12896.6914 |    3.1s
12:57:15 | ttsa_hopper |    17 |   2532.779 |    -53.390 |     12.4 |  18.1 | 2700.3442 |    2.8s
12:57:17 | ttsa_hopper |    18 |   2532.778 |    -54.116 |     10.7 |  17.9 | 7988.1729 |    2.6s
12:57:20 | ttsa_hopper |    19 |   2532.751 |    -52.595 |     10.9 |  17.6 | 4269.8457 |    2.6s
12:57:23 | ttsa_hopper |    20 |   2532.732 |    -52.691 |     11.6 |  17.8 | 4139.9951 |    2.6s
12:57:25 | ttsa_hopper |    21 |   2532.735 |    -50.199 |     10.0 |  16.8 | 3907.9177 |    2.5s
12:57:28 | ttsa_hopper |    22 |   2532.714 |    -52.276 |     11.4 |  17.8 | 4039.6282 |    2.5s
12:57:30 | ttsa_hopper |    23 |   2532.719 |    -51.875 |     11.0 |  17.6 | 8737.5791 |    2.6s
12:57:33 | ttsa_hopper |    24 |   2532.689 |    -53.118 |     10.8 |  17.8 | 7629.7729 |    2.5s
12:57:35 | ttsa_hopper |    25 |   2532.666 |    -55.615 |     12.1 |  18.9 | 7417.4873 |    2.6s
12:57:38 | ttsa_hopper |    26 |   2532.657 |    -54.362 |     10.8 |  18.1 | 2767.9895 |    2.5s
12:57:40 | ttsa_hopper |    27 |   2532.632 |    -54.480 |     11.3 |  18.7 | 3187.0203 |    2.5s
12:57:43 | ttsa_hopper |    28 |   2532.626 |    -55.375 |     12.0 |  18.9 | 4213.7153 |    2.6s
12:57:46 | ttsa_hopper |    29 |   2532.621 |    -54.038 |     10.5 |  18.1 | 3947.3726 |    2.5s
12:57:48 | ttsa_hopper |    30 |   2532.606 |    -54.059 |     10.5 |  17.8 | 3836.7217 |    2.5s
12:57:51 | ttsa_hopper |    31 |   2532.587 |    -50.560 |     10.5 |  17.0 | 6121.6416 |    2.6s
12:57:53 | ttsa_hopper |    32 |   2532.584 |    -51.121 |     11.0 |  17.2 | 6311.7983 |    2.6s
12:57:56 | ttsa_hopper |    33 |   2532.558 |    -54.552 |     11.4 |  18.6 | 3156.5547 |    2.6s
12:57:59 | ttsa_hopper |    34 |   2532.526 |    -52.270 |     10.9 |  17.8 | 4612.3594 |    2.6s
12:58:01 | ttsa_hopper |    35 |   2532.514 |    -53.127 |     11.1 |  17.9 | 8312.2920 |    2.6s
12:58:04 | ttsa_hopper |    36 |   2532.501 |    -52.271 |     10.8 |  17.8 | 7199.6543 |    2.6s
12:58:07 | ttsa_hopper |    37 |   2532.460 |    -53.454 |     11.5 |  18.1 | 14886.8623 |    3.1s
12:58:09 | ttsa_hopper |    38 |   2532.440 |    -53.634 |     10.4 |  18.0 | 5032.8252 |    2.7s
12:58:12 | ttsa_hopper |    39 |   2532.438 |    -54.822 |     11.3 |  18.4 | 4802.8662 |    2.9s
12:58:15 | ttsa_hopper |    40 |   2532.424 |    -55.265 |     11.4 |  18.7 | 8269.8896 |    2.6s
12:58:17 | ttsa_hopper |    41 |   2532.417 |    -55.602 |     11.5 |  18.8 | 5691.5244 |    2.5s
12:58:20 | ttsa_hopper |    42 |   2532.407 |    -53.922 |     11.2 |  18.2 | 3833.8181 |    2.5s
12:58:22 | ttsa_hopper |    43 |   2532.399 |    -55.060 |     11.9 |  18.7 | 14762.2666 |    2.5s
12:58:25 | ttsa_hopper |    44 |   2532.394 |    -52.882 |     10.6 |  17.8 | 11344.3945 |    2.5s
12:58:28 | ttsa_hopper |    45 |   2532.396 |    -49.115 |      9.6 |  16.5 | 7023.6323 |    2.5s
12:58:30 | ttsa_hopper |    46 |   2532.369 |    -54.068 |     10.5 |  17.9 | 5801.4150 |    2.8s
12:58:33 | ttsa_hopper |    47 |   2532.354 |    -57.194 |     10.5 |  19.0 | 8400.2500 |    2.6s
12:58:35 | ttsa_hopper |    48 |   2532.351 |    -52.327 |     10.5 |  17.5 | 3621.2617 |    2.6s
12:58:39 | ttsa_hopper |    49 |   2532.338 |    -55.259 |     11.4 |  18.7 | 7457.0381 |    3.1s
12:58:41 | ttsa_hopper |    50 |   2532.325 |    -54.682 |     11.6 |  18.6 | 3696.1553 |    2.9s
12:58:44 | ttsa_hopper |    51 |   2532.293 |    -52.443 |     11.3 |  17.9 | 6934.3135 |    2.7s
12:58:47 | ttsa_hopper |    52 |   2532.277 |    -56.201 |     12.0 |  19.2 | 6353.5166 |    2.8s
12:58:50 | ttsa_hopper |    53 |   2532.253 |    -54.526 |     12.0 |  18.8 | 3796.7715 |    2.8s
12:58:53 | ttsa_hopper |    54 |   2532.236 |    -55.993 |     11.7 |  18.6 | 6812.9863 |    2.9s
12:58:55 | ttsa_hopper |    55 |   2532.222 |    -52.729 |     10.5 |  17.8 | 2874.4409 |    2.8s
12:58:58 | ttsa_hopper |    56 |   2532.200 |    -52.985 |     11.4 |  18.1 | 3252.4453 |    2.7s
12:59:01 | ttsa_hopper |    57 |   2532.183 |    -52.946 |     10.8 |  17.6 | 4440.2930 |    2.7s
12:59:03 | ttsa_hopper |    58 |   2532.151 |    -56.325 |     12.2 |  19.2 | 3886.6562 |    2.7s
12:59:06 | ttsa_hopper |    59 |   2532.143 |    -54.281 |     11.1 |  18.2 | 4940.7588 |    2.6s
12:59:09 | ttsa_hopper |    60 |   2532.112 |    -54.227 |     11.8 |  18.3 | 4525.6904 |    2.6s
12:59:11 | ttsa_hopper |    61 |   2532.075 |    -54.574 |     12.9 |  18.9 | 4788.4814 |    2.6s
12:59:14 | ttsa_hopper |    62 |   2532.061 |    -53.169 |     11.7 |  18.2 | 5789.1484 |    2.6s
12:59:16 | ttsa_hopper |    63 |   2532.054 |    -53.797 |     10.7 |  18.2 | 2320.2810 |    2.7s
12:59:19 | ttsa_hopper |    64 |   2532.018 |    -53.985 |     11.8 |  18.3 | 6495.5547 |    2.6s
12:59:22 | ttsa_hopper |    65 |   2532.010 |    -54.771 |     11.8 |  18.8 | 1741.0262 |    2.6s
12:59:24 | ttsa_hopper |    66 |   2531.980 |    -54.617 |     11.0 |  18.4 | 5475.4712 |    2.6s
12:59:27 | ttsa_hopper |    67 |   2531.976 |    -51.960 |     11.3 |  17.6 | 5114.7476 |    2.6s
12:59:29 | ttsa_hopper |    68 |   2531.948 |    -54.942 |     12.9 |  19.0 | 21958.9375 |    2.6s
12:59:32 | ttsa_hopper |    69 |   2531.937 |    -52.064 |     10.2 |  17.6 | 7956.4487 |    2.6s
12:59:35 | ttsa_hopper |    70 |   2531.933 |    -53.192 |     10.9 |  17.9 | 6989.9888 |    2.6s
12:59:37 | ttsa_hopper |    71 |   2531.911 |    -52.630 |     10.4 |  17.6 | 1571.8179 |    2.6s
12:59:40 | ttsa_hopper |    72 |   2531.888 |    -52.911 |     12.0 |  18.3 | 4888.6992 |    2.6s
12:59:43 | ttsa_hopper |    73 |   2531.884 |    -54.721 |     11.7 |  18.1 | 3074.6494 |    2.6s
12:59:45 | ttsa_hopper |    74 |   2531.881 |    -52.616 |     10.7 |  17.7 | 8741.3730 |    2.6s
12:59:48 | ttsa_hopper |    75 |   2531.867 |    -52.539 |     11.3 |  18.0 | 4764.3032 |    2.6s
12:59:50 | ttsa_hopper |    76 |   2531.857 |    -54.014 |     12.8 |  18.3 | 7007.5093 |    2.6s
12:59:53 | ttsa_hopper |    77 |   2531.854 |    -50.826 |     10.9 |  17.5 | 8770.7812 |    2.8s
12:59:56 | ttsa_hopper |    78 |   2531.851 |    -55.884 |     12.7 |  19.2 | 4471.6025 |    2.6s
12:59:58 | ttsa_hopper |    79 |   2531.830 |    -53.132 |     10.9 |  17.9 | 8299.5410 |    2.5s
13:00:01 | ttsa_hopper |    80 |   2531.809 |    -58.269 |     12.3 |  19.8 | 2132.6931 |    2.6s
13:00:03 | ttsa_hopper |    81 |   2531.803 |    -49.814 |     11.3 |  17.1 | 6361.3345 |    2.6s
13:00:06 | ttsa_hopper |    82 |   2531.797 |    -50.118 |     10.3 |  16.8 | 2683.3162 |    2.6s
13:00:09 | ttsa_hopper |    83 |   2531.778 |    -55.062 |     11.7 |  18.8 | 5000.0156 |    2.6s
13:00:11 | ttsa_hopper |    84 |   2531.776 |    -53.304 |     11.0 |  17.7 | 4717.9106 |    2.6s
13:00:14 | ttsa_hopper |    85 |   2531.759 |    -55.835 |     12.1 |  18.8 | 8798.7305 |    2.6s
13:00:16 | ttsa_hopper |    86 |   2531.741 |    -54.233 |     12.5 |  19.0 | 10987.0996 |    2.6s
13:00:19 | ttsa_hopper |    87 |   2531.720 |    -54.748 |     12.0 |  18.4 | 4340.6621 |    2.6s
13:00:22 | ttsa_hopper |    88 |   2531.708 |    -54.482 |     11.4 |  18.6 | 5777.5054 |    2.7s
13:00:24 | ttsa_hopper |    89 |   2531.677 |    -55.937 |     11.1 |  18.6 | 6292.0796 |    2.6s
13:00:27 | ttsa_hopper |    90 |   2531.647 |    -53.401 |     11.5 |  17.8 | 2374.2209 |    2.6s
13:00:30 | ttsa_hopper |    91 |   2531.637 |    -55.225 |     11.3 |  18.7 | 9680.6426 |    3.0s
13:00:32 | ttsa_hopper |    92 |   2531.631 |    -59.164 |     12.8 |  20.2 | 3712.3813 |    2.7s
13:00:35 | ttsa_hopper |    93 |   2531.622 |    -53.129 |     11.3 |  18.4 | 2489.2532 |    2.6s
13:00:38 | ttsa_hopper |    94 |   2531.599 |    -53.880 |     11.4 |  18.2 | 3303.2104 |    2.5s
13:00:40 | ttsa_hopper |    95 |   2531.591 |    -55.381 |     11.1 |  18.5 | 5011.9058 |    2.6s
13:00:43 | ttsa_hopper |    96 |   2531.592 |    -55.611 |     11.3 |  18.9 | 4651.6841 |    2.5s
13:00:45 | ttsa_hopper |    97 |   2531.579 |    -53.422 |     11.6 |  18.2 | 6811.8936 |    2.6s
13:00:48 | ttsa_hopper |    98 |   2531.555 |    -55.295 |     11.8 |  18.6 | 3863.2959 |    2.5s
13:00:51 | ttsa_hopper |    99 |   2531.543 |    -54.759 |     11.7 |  18.7 | 5259.4370 |    2.8s
13:00:53 | ttsa_hopper |   100 |   2531.515 |    -56.257 |     11.6 |  19.2 | 6997.9741 |    2.7s
13:00:56 | ttsa_hopper |   101 |   2531.507 |    -52.789 |     11.1 |  17.9 | 5313.3193 |    3.1s
13:00:59 | ttsa_hopper |   102 |   2531.478 |    -53.550 |     11.0 |  17.9 | 8917.2539 |    2.7s
13:01:02 | ttsa_hopper |   103 |   2531.462 |    -53.578 |     11.4 |  18.0 | 5046.4170 |    2.6s
13:01:04 | ttsa_hopper |   104 |   2531.442 |    -57.860 |     11.8 |  19.4 | 3998.2964 |    2.6s
13:01:07 | ttsa_hopper |   105 |   2531.429 |    -52.579 |     10.8 |  17.6 | 1724.8071 |    2.7s
13:01:09 | ttsa_hopper |   106 |   2531.417 |    -52.262 |     10.1 |  17.3 | 5237.3081 |    2.6s
13:01:12 | ttsa_hopper |   107 |   2531.425 |    -52.517 |     11.6 |  17.7 | 5777.5010 |    2.8s
13:01:15 | ttsa_hopper |   108 |   2531.413 |    -53.646 |     11.3 |  18.1 | 6329.6753 |    2.8s
13:01:18 | ttsa_hopper |   109 |   2531.416 |    -54.478 |     11.4 |  18.2 | 8805.7305 |    2.9s
13:01:21 | ttsa_hopper |   110 |   2531.404 |    -55.281 |     11.7 |  18.7 | 6559.1299 |    2.9s
13:01:23 | ttsa_hopper |   111 |   2531.397 |    -54.941 |     10.5 |  18.4 | 9668.1504 |    2.5s
13:01:26 | ttsa_hopper |   112 |   2531.397 |    -56.587 |     11.0 |  19.1 | 12405.2188 |    3.0s
13:01:29 | ttsa_hopper |   113 |   2531.384 |    -55.482 |     11.4 |  18.9 | 2082.8113 |    2.8s
13:01:32 | ttsa_hopper |   114 |   2531.374 |    -56.453 |     11.9 |  19.1 | 2607.9146 |    2.8s
13:01:35 | ttsa_hopper |   115 |   2531.370 |    -53.108 |     10.6 |  17.8 | 2660.2375 |    3.5s
13:01:38 | ttsa_hopper |   116 |   2531.353 |    -56.178 |     11.4 |  19.1 | 3260.1819 |    3.0s
13:01:41 | ttsa_hopper |   117 |   2531.347 |    -57.130 |     11.6 |  19.1 | 5387.6982 |    2.9s
13:01:44 | ttsa_hopper |   118 |   2531.325 |    -55.095 |     12.2 |  18.8 | 7391.3032 |    2.7s
13:01:47 | ttsa_hopper |   119 |   2531.296 |    -56.248 |     12.4 |  19.3 | 8179.5254 |    2.8s
13:01:49 | ttsa_hopper |   120 |   2531.277 |    -58.104 |     12.3 |  20.0 | 10414.8008 |    2.5s
13:01:52 | ttsa_hopper |   121 |   2531.253 |    -58.313 |     12.1 |  19.9 | 6013.7480 |    2.5s
13:01:54 | ttsa_hopper |   122 |   2531.241 |    -55.448 |     11.7 |  18.8 | 9947.1367 |    2.6s
13:01:57 | ttsa_hopper |   123 |   2531.230 |    -57.445 |     11.9 |  19.6 | 2764.2393 |    2.6s
13:02:00 | ttsa_hopper |   124 |   2531.206 |    -51.962 |     10.4 |  17.7 | 3626.3816 |    2.6s
13:02:02 | ttsa_hopper |   125 |   2531.196 |    -52.595 |     10.8 |  17.8 | 6785.1035 |    2.5s
13:02:05 | ttsa_hopper |   126 |   2531.170 |    -55.485 |     12.6 |  19.1 | 4708.8950 |    2.6s
13:02:07 | ttsa_hopper |   127 |   2531.159 |    -51.781 |     10.9 |  17.5 | 3036.7283 |    2.6s
13:02:10 | ttsa_hopper |   128 |   2531.125 |    -55.034 |     11.7 |  18.4 | 9402.2285 |    2.6s
13:02:12 | ttsa_hopper |   129 |   2531.103 |    -55.308 |     11.6 |  18.6 | 2242.3831 |    2.5s
13:02:15 | ttsa_hopper |   130 |   2531.096 |    -53.836 |     11.5 |  18.3 | 10444.7686 |    2.6s
13:02:18 | ttsa_hopper |   131 |   2531.066 |    -57.647 |     13.4 |  19.9 | 13992.1270 |    2.6s
13:02:20 | ttsa_hopper |   132 |   2531.043 |    -56.762 |     12.5 |  19.2 | 11038.7842 |    2.5s
13:02:23 | ttsa_hopper |   133 |   2531.017 |    -52.277 |     10.8 |  17.7 | 3816.8564 |    2.5s
13:02:25 | ttsa_hopper |   134 |   2530.999 |    -54.700 |     10.6 |  18.3 | 4720.9800 |    2.7s
13:02:28 | ttsa_hopper |   135 |   2531.000 |    -51.833 |     10.0 |  17.6 | 3056.7878 |    2.6s
13:02:30 | ttsa_hopper |   136 |   2530.994 |    -54.215 |     11.7 |  18.4 | 8819.6201 |    2.5s
13:02:33 | ttsa_hopper |   137 |   2530.978 |    -55.678 |     11.4 |  18.8 | 8826.0537 |    2.6s
13:02:35 | ttsa_hopper |   138 |   2530.959 |    -55.191 |     11.6 |  18.5 | 5091.1060 |    2.5s
13:02:38 | ttsa_hopper |   139 |   2530.945 |    -51.639 |     10.6 |  17.6 | 6329.7793 |    2.5s
13:02:41 | ttsa_hopper |   140 |   2530.926 |    -55.779 |     11.7 |  18.9 | 3858.0884 |    2.5s
13:02:43 | ttsa_hopper |   141 |   2530.917 |    -55.577 |     12.7 |  19.4 | 2014.6237 |    2.5s
13:02:46 | ttsa_hopper |   142 |   2530.905 |    -57.453 |     13.4 |  19.7 | 5465.5547 |    2.6s
13:02:48 | ttsa_hopper |   143 |   2530.889 |    -57.858 |     11.9 |  19.8 | 5556.7842 |    2.6s
13:02:51 | ttsa_hopper |   144 |   2530.835 |    -58.213 |     13.6 |  20.1 | 7656.7700 |    2.8s
13:02:54 | ttsa_hopper |   145 |   2530.829 |    -55.088 |     11.2 |  18.9 | 4896.6406 |    2.7s
13:02:56 | ttsa_hopper |   146 |   2530.815 |    -54.599 |     12.1 |  18.7 | 6158.1470 |    2.7s
00:15:56 | ttsa_hopper | Загружено 1000 экспертных траекторий из data/hopper/expert_train_trajs.pt
00:15:56 | ttsa_hopper | === TTSA Hopper ===
00:15:58 | ttsa_hopper |     1 |   2533.097 |    -56.960 |     12.9 |  19.5 | 19380.5391 |    2.0s
00:16:01 | ttsa_hopper |     2 |   2533.082 |    -56.710 |     11.1 |  18.9 | 9366.5586 |    2.3s
00:16:03 | ttsa_hopper |     3 |   2533.054 |    -53.632 |     11.9 |  18.3 | 25132.1445 |    2.1s
00:16:05 | ttsa_hopper |     4 |   2533.017 |    -56.676 |     13.1 |  19.5 | 8471.7256 |    2.2s
00:16:08 | ttsa_hopper |     5 |   2533.003 |    -53.238 |     10.8 |  17.9 | 18091.2188 |    2.5s
00:16:10 | ttsa_hopper |     6 |   2532.973 |    -53.308 |     10.6 |  17.5 | 9056.7529 |    2.5s
00:16:12 | ttsa_hopper |     7 |   2532.950 |    -52.500 |     10.5 |  17.7 | 16254.1514 |    2.2s
00:16:15 | ttsa_hopper |     8 |   2532.923 |    -51.800 |     11.4 |  17.6 | 21451.2773 |    2.2s
00:16:17 | ttsa_hopper |     9 |   2532.916 |    -52.205 |     10.8 |  17.5 | 13537.3369 |    2.2s
00:16:19 | ttsa_hopper |    10 |   2532.884 |    -53.912 |     11.2 |  17.9 | 15305.4551 |    2.6s
00:16:22 | ttsa_hopper |    11 |   2532.880 |    -55.540 |     11.4 |  18.6 | 10254.6211 |    2.4s
00:16:25 | ttsa_hopper |    12 |   2532.862 |    -51.748 |     10.3 |  17.4 | 6082.9307 |    2.8s
00:16:27 | ttsa_hopper |    13 |   2532.842 |    -53.428 |     11.5 |  17.9 | 22475.2441 |    2.7s
00:16:30 | ttsa_hopper |    14 |   2532.826 |    -53.285 |     10.6 |  17.7 | 39314.6328 |    2.4s
00:16:32 | ttsa_hopper |    15 |   2532.810 |    -53.616 |     10.8 |  17.9 | 4354.8135 |    2.6s
00:16:35 | ttsa_hopper |    16 |   2532.805 |    -54.591 |     10.8 |  18.4 | 20585.1680 |    2.8s
00:16:38 | ttsa_hopper |    17 |   2532.779 |    -53.511 |     12.4 |  18.1 | 15528.1494 |    3.1s
00:16:40 | ttsa_hopper |    18 |   2532.778 |    -54.230 |     10.7 |  17.9 | 18089.2422 |    2.3s
00:16:43 | ttsa_hopper |    19 |   2532.751 |    -52.698 |     10.9 |  17.6 | 2953.8884 |    3.1s
00:16:46 | ttsa_hopper |    20 |   2532.732 |    -52.757 |     11.6 |  17.8 | 10869.6182 |    2.8s
00:16:49 | ttsa_hopper |    21 |   2532.735 |    -50.318 |     10.0 |  16.8 | 10882.6123 |    2.5s
00:16:51 | ttsa_hopper |    22 |   2532.714 |    -52.342 |     11.4 |  17.8 | 19705.3828 |    2.5s
00:16:54 | ttsa_hopper |    23 |   2532.719 |    -51.984 |     11.0 |  17.6 | 6871.7358 |    2.6s
00:16:56 | ttsa_hopper |    24 |   2532.689 |    -53.286 |     10.8 |  17.8 | 9815.2441 |    2.3s
00:16:59 | ttsa_hopper |    25 |   2532.666 |    -55.798 |     12.1 |  18.9 | 19126.3965 |    2.6s
00:28:54 | ttsa_hopper | Загружено 1000 экспертных траекторий из data/hopper/expert_train_trajs.pt
00:28:54 | ttsa_hopper | === TTSA Hopper ===
00:28:57 | ttsa_hopper |     1 |   2533.097 |    -56.960 |     12.9 |  19.5 | 9458.4336 |    2.1s
00:28:59 | ttsa_hopper |     2 |   2533.082 |    -56.711 |     11.1 |  18.9 | 4958.5063 |    2.3s
00:29:02 | ttsa_hopper |     3 |   2533.054 |    -53.556 |     11.9 |  18.3 | 6159.3403 |    2.4s
00:29:04 | ttsa_hopper |     4 |   2533.017 |    -56.564 |     13.1 |  19.5 | 7894.5684 |    2.3s
00:29:07 | ttsa_hopper |     5 |   2533.003 |    -53.126 |     10.8 |  17.9 | 19593.2266 |    2.5s
00:29:09 | ttsa_hopper |     6 |   2532.973 |    -53.131 |     10.6 |  17.5 | 6790.1079 |    2.5s
00:29:11 | ttsa_hopper |     7 |   2532.950 |    -52.323 |     10.5 |  17.7 | 5269.6313 |    2.3s
00:29:14 | ttsa_hopper |     8 |   2532.923 |    -51.678 |     11.4 |  17.6 | 11013.7285 |    2.4s
00:29:16 | ttsa_hopper |     9 |   2532.917 |    -52.086 |     10.8 |  17.5 | 2608.5984 |    2.2s
00:29:19 | ttsa_hopper |    10 |   2532.884 |    -53.722 |     11.2 |  17.9 | 6544.3062 |    2.5s
00:29:21 | ttsa_hopper |    11 |   2532.880 |    -55.329 |     11.4 |  18.6 | 6178.6938 |    2.5s
00:29:24 | ttsa_hopper |    12 |   2532.862 |    -51.542 |     10.3 |  17.4 | 4710.8647 |    2.5s
00:29:26 | ttsa_hopper |    13 |   2532.842 |    -53.264 |     11.5 |  17.9 | 2423.1096 |    2.4s
00:29:29 | ttsa_hopper |    14 |   2532.826 |    -53.152 |     10.6 |  17.7 | 3752.1169 |    2.6s
00:29:31 | ttsa_hopper |    15 |   2532.810 |    -53.511 |     10.8 |  17.9 | 5813.5674 |    2.6s
00:29:34 | ttsa_hopper |    16 |   2532.805 |    -54.512 |     10.8 |  18.4 | 12896.6914 |    2.4s
00:29:36 | ttsa_hopper |    17 |   2532.779 |    -53.390 |     12.4 |  18.1 | 2700.3442 |    2.7s
00:29:39 | ttsa_hopper |    18 |   2532.778 |    -54.116 |     10.7 |  17.9 | 7988.1729 |    2.5s
00:29:41 | ttsa_hopper |    19 |   2532.751 |    -52.595 |     10.9 |  17.6 | 4269.8457 |    2.5s
00:29:44 | ttsa_hopper |    20 |   2532.732 |    -52.691 |     11.6 |  17.8 | 4139.9951 |    2.5s
00:29:46 | ttsa_hopper |    21 |   2532.735 |    -50.199 |     10.0 |  16.8 | 3907.9177 |    2.4s
00:29:49 | ttsa_hopper |    22 |   2532.714 |    -52.276 |     11.4 |  17.8 | 4039.6282 |    2.3s
00:29:51 | ttsa_hopper |    23 |   2532.719 |    -51.875 |     11.0 |  17.6 | 8737.5791 |    2.4s
00:29:54 | ttsa_hopper |    24 |   2532.689 |    -53.118 |     10.8 |  17.8 | 7629.7729 |    2.6s
00:29:56 | ttsa_hopper |    25 |   2532.666 |    -55.615 |     12.1 |  18.9 | 7417.4873 |    2.3s
00:29:58 | ttsa_hopper |    26 |   2532.657 |    -54.362 |     10.8 |  18.1 | 2767.9895 |    2.4s
00:30:01 | ttsa_hopper |    27 |   2532.632 |    -54.480 |     11.3 |  18.7 | 3187.0203 |    2.4s
00:30:03 | ttsa_hopper |    28 |   2532.626 |    -55.375 |     12.0 |  18.9 | 4213.7153 |    2.4s
00:30:06 | ttsa_hopper |    29 |   2532.621 |    -54.038 |     10.5 |  18.1 | 3947.3726 |    2.5s
00:30:08 | ttsa_hopper |    30 |   2532.606 |    -54.059 |     10.5 |  17.8 | 3836.7217 |    2.5s
00:30:11 | ttsa_hopper |    31 |   2532.587 |    -50.560 |     10.5 |  17.0 | 6121.6416 |    2.5s
00:30:13 | ttsa_hopper |    32 |   2532.584 |    -51.121 |     11.0 |  17.2 | 6311.7983 |    2.3s
00:30:15 | ttsa_hopper |    33 |   2532.558 |    -54.552 |     11.4 |  18.6 | 3156.5547 |    2.3s
00:30:17 | ttsa_hopper |    34 |   2532.526 |    -52.270 |     10.9 |  17.8 | 4612.3594 |    2.3s
00:30:20 | ttsa_hopper |    35 |   2532.514 |    -53.127 |     11.1 |  17.9 | 8312.2920 |    2.3s
00:30:22 | ttsa_hopper |    36 |   2532.501 |    -52.271 |     10.8 |  17.8 | 7199.6543 |    2.4s
00:30:24 | ttsa_hopper |    37 |   2532.460 |    -53.454 |     11.5 |  18.1 | 14886.8623 |    2.4s
00:30:27 | ttsa_hopper |    38 |   2532.440 |    -53.634 |     10.4 |  18.0 | 5032.8252 |    2.4s
00:30:29 | ttsa_hopper |    39 |   2532.438 |    -54.822 |     11.3 |  18.4 | 4802.8662 |    2.5s
00:30:32 | ttsa_hopper |    40 |   2532.424 |    -55.265 |     11.4 |  18.7 | 8269.8896 |    2.4s
00:30:34 | ttsa_hopper |    41 |   2532.417 |    -55.602 |     11.5 |  18.8 | 5691.5244 |    2.5s
00:30:36 | ttsa_hopper |    42 |   2532.407 |    -53.922 |     11.2 |  18.2 | 3833.8181 |    2.3s
00:30:39 | ttsa_hopper |    43 |   2532.399 |    -55.060 |     11.9 |  18.7 | 14762.2666 |    2.4s
00:30:41 | ttsa_hopper |    44 |   2532.394 |    -52.882 |     10.6 |  17.8 | 11344.3945 |    2.3s
00:30:44 | ttsa_hopper |    45 |   2532.396 |    -49.115 |      9.6 |  16.5 | 7023.6323 |    2.6s
00:30:46 | ttsa_hopper |    46 |   2532.369 |    -54.068 |     10.5 |  17.9 | 5801.4150 |    2.6s
00:30:49 | ttsa_hopper |    47 |   2532.354 |    -57.194 |     10.5 |  19.0 | 8400.2500 |    2.4s
00:30:51 | ttsa_hopper |    48 |   2532.351 |    -52.327 |     10.5 |  17.5 | 3621.2617 |    2.6s
00:30:54 | ttsa_hopper |    49 |   2532.338 |    -55.259 |     11.4 |  18.7 | 7457.0381 |    2.7s
00:30:57 | ttsa_hopper |    50 |   2532.325 |    -54.682 |     11.6 |  18.6 | 3696.1553 |    2.7s
00:30:57 | ttsa_hopper | Total time: 121.7s (2.0 min)
00:30:57 | ttsa_hopper | История сохранена в reports/ttsa_hopper_history.json
00:45:53 | ttsa_hopper | Загружено 1000 экспертных траекторий из data/hopper/expert_train_trajs.pt
00:45:53 | ttsa_hopper | === TTSA Hopper ===
00:45:56 | ttsa_hopper |     1 |   2533.097 |    -56.960 |     12.9 |  19.5 | 9458.4336 |    2.2s
00:45:58 | ttsa_hopper |     2 |   2533.082 |    -56.711 |     11.1 |  18.9 | 4958.5063 |    2.6s
00:46:01 | ttsa_hopper |     3 |   2533.054 |    -53.556 |     11.9 |  18.3 | 6159.3403 |    2.4s
00:50:38 | ttsa_hopper | Загружено 1000 экспертных траекторий из data/hopper/expert_train_trajs.pt
00:50:38 | ttsa_hopper | === TTSA Hopper ===
00:50:42 | ttsa_hopper |     1 |   2533.097 |    -56.960 |     12.9 |  19.5 | 9458.4336 |    2.6s
00:50:44 | ttsa_hopper |     2 |   2533.082 |    -56.711 |     11.1 |  18.9 | 4958.5063 |    2.8s
00:50:48 | ttsa_hopper |     3 |   2533.054 |    -53.556 |     11.9 |  18.3 | 6159.3403 |    3.3s
00:50:51 | ttsa_hopper |     4 |   2533.017 |    -56.564 |     13.1 |  19.5 | 7894.5684 |    3.6s
00:50:54 | ttsa_hopper |     5 |   2533.003 |    -53.126 |     10.8 |  17.9 | 19593.2266 |    3.0s
00:50:58 | ttsa_hopper |     6 |   2532.973 |    -53.131 |     10.6 |  17.5 | 6790.1079 |    3.8s
00:51:02 | ttsa_hopper |     7 |   2532.950 |    -52.323 |     10.5 |  17.7 | 5269.6313 |    3.5s
00:51:05 | ttsa_hopper |     8 |   2532.923 |    -51.678 |     11.4 |  17.6 | 11013.7285 |    3.6s
00:51:08 | ttsa_hopper |     9 |   2532.917 |    -52.086 |     10.8 |  17.5 | 2608.5984 |    2.9s
00:51:11 | ttsa_hopper |    10 |   2532.884 |    -53.722 |     11.2 |  17.9 | 6544.3062 |    2.8s
00:51:14 | ttsa_hopper |    11 |   2532.880 |    -55.329 |     11.4 |  18.6 | 6178.6938 |    2.7s
00:51:16 | ttsa_hopper |    12 |   2532.862 |    -51.542 |     10.3 |  17.4 | 4710.8647 |    2.4s
00:51:18 | ttsa_hopper |    13 |   2532.842 |    -53.264 |     11.5 |  17.9 | 2423.1096 |    2.5s
00:51:21 | ttsa_hopper |    14 |   2532.826 |    -53.152 |     10.6 |  17.7 | 3752.1169 |    2.5s
00:51:23 | ttsa_hopper |    15 |   2532.810 |    -53.511 |     10.8 |  17.9 | 5813.5674 |    2.5s
00:51:26 | ttsa_hopper |    16 |   2532.805 |    -54.512 |     10.8 |  18.4 | 12896.6914 |    2.9s
00:51:29 | ttsa_hopper |    17 |   2532.779 |    -53.390 |     12.4 |  18.1 | 2700.3442 |    2.7s
00:51:32 | ttsa_hopper |    18 |   2532.778 |    -54.116 |     10.7 |  17.9 | 7988.1729 |    2.5s
00:51:34 | ttsa_hopper |    19 |   2532.751 |    -52.595 |     10.9 |  17.6 | 4269.8457 |    2.7s
00:51:37 | ttsa_hopper |    20 |   2532.732 |    -52.691 |     11.6 |  17.8 | 4139.9951 |    2.9s
00:51:40 | ttsa_hopper |    21 |   2532.735 |    -50.199 |     10.0 |  16.8 | 3907.9177 |    2.8s
00:51:43 | ttsa_hopper |    22 |   2532.714 |    -52.276 |     11.4 |  17.8 | 4039.6282 |    2.9s
00:51:46 | ttsa_hopper |    23 |   2532.719 |    -51.875 |     11.0 |  17.6 | 8737.5791 |    2.9s
00:51:49 | ttsa_hopper |    24 |   2532.689 |    -53.118 |     10.8 |  17.8 | 7629.7729 |    3.0s
00:51:52 | ttsa_hopper |    25 |   2532.666 |    -55.615 |     12.1 |  18.9 | 7417.4873 |    2.8s
00:51:55 | ttsa_hopper |    26 |   2532.657 |    -54.362 |     10.8 |  18.1 | 2767.9895 |    3.0s
00:51:57 | ttsa_hopper |    27 |   2532.632 |    -54.480 |     11.3 |  18.7 | 3187.0203 |    2.9s
00:52:00 | ttsa_hopper |    28 |   2532.626 |    -55.375 |     12.0 |  18.9 | 4213.7153 |    3.0s
00:52:03 | ttsa_hopper |    29 |   2532.621 |    -54.038 |     10.5 |  18.1 | 3947.3726 |    2.8s
00:52:06 | ttsa_hopper |    30 |   2532.606 |    -54.059 |     10.5 |  17.8 | 3836.7217 |    3.3s
00:52:09 | ttsa_hopper |    31 |   2532.587 |    -50.560 |     10.5 |  17.0 | 6121.6416 |    2.8s
00:52:12 | ttsa_hopper |    32 |   2532.584 |    -51.121 |     11.0 |  17.2 | 6311.7983 |    2.7s
00:52:15 | ttsa_hopper |    33 |   2532.558 |    -54.552 |     11.4 |  18.6 | 3156.5547 |    3.0s
00:52:18 | ttsa_hopper |    34 |   2532.526 |    -52.270 |     10.9 |  17.8 | 4612.3594 |    3.1s
00:52:22 | ttsa_hopper |    35 |   2532.514 |    -53.127 |     11.1 |  17.9 | 8312.2920 |    3.5s
00:52:25 | ttsa_hopper |    36 |   2532.501 |    -52.271 |     10.8 |  17.8 | 7199.6543 |    3.2s
00:52:28 | ttsa_hopper |    37 |   2532.460 |    -53.454 |     11.5 |  18.1 | 14886.8623 |    2.8s
00:52:31 | ttsa_hopper |    38 |   2532.440 |    -53.634 |     10.4 |  18.0 | 5032.8252 |    3.1s
00:52:34 | ttsa_hopper |    39 |   2532.438 |    -54.822 |     11.3 |  18.4 | 4802.8662 |    3.3s
00:52:37 | ttsa_hopper |    40 |   2532.424 |    -55.265 |     11.4 |  18.7 | 8269.8896 |    3.1s
00:52:40 | ttsa_hopper |    41 |   2532.417 |    -55.602 |     11.5 |  18.8 | 5691.5244 |    3.0s
00:52:43 | ttsa_hopper |    42 |   2532.407 |    -53.922 |     11.2 |  18.2 | 3833.8181 |    2.9s
00:52:46 | ttsa_hopper |    43 |   2532.399 |    -55.060 |     11.9 |  18.7 | 14762.2666 |    2.9s
00:52:49 | ttsa_hopper |    44 |   2532.394 |    -52.882 |     10.6 |  17.8 | 11344.3945 |    2.9s
00:52:52 | ttsa_hopper |    45 |   2532.396 |    -49.115 |      9.6 |  16.5 | 7023.6323 |    2.9s
00:52:55 | ttsa_hopper |    46 |   2532.369 |    -54.068 |     10.5 |  17.9 | 5801.4150 |    2.9s
00:52:58 | ttsa_hopper |    47 |   2532.354 |    -57.194 |     10.5 |  19.0 | 8400.2500 |    2.9s
00:53:00 | ttsa_hopper |    48 |   2532.351 |    -52.327 |     10.5 |  17.5 | 3621.2617 |    2.9s
00:53:03 | ttsa_hopper |    49 |   2532.338 |    -55.259 |     11.4 |  18.7 | 7457.0381 |    2.9s
00:53:06 | ttsa_hopper |    50 |   2532.325 |    -54.682 |     11.6 |  18.6 | 3696.1553 |    2.9s
00:53:06 | ttsa_hopper | Total time: 147.4s (2.5 min)
00:53:06 | ttsa_hopper | История сохранена в reports/ttsa_hopper_history.json
01:00:13 | ttsa_hopper | Загружено 1000 экспертных траекторий из data/hopper/expert_train_trajs.pt
01:00:13 | ttsa_hopper | === TTSA Hopper ===
01:00:15 | ttsa_hopper |     1 |   2528.594 |    -60.377 |     13.6 |  21.1 | 12635.3545 |    1.5s
01:00:17 | ttsa_hopper |     2 |   2528.886 |    -52.512 |     10.2 |  17.1 | 8684.3330 |    1.7s
01:00:18 | ttsa_hopper |     3 |   2522.955 |    -58.354 |     12.1 |  20.4 | 13488.9521 |    1.7s
01:00:20 | ttsa_hopper |     4 |   2512.596 |    -75.770 |     16.9 |  25.9 | 69489.0078 |    1.9s
01:00:22 | ttsa_hopper |     5 |   2509.890 |    -69.166 |     14.1 |  23.7 | 22113.6895 |    1.9s
01:00:24 | ttsa_hopper |     6 |   2507.793 |    -66.160 |     10.3 |  21.5 | 32592.8789 |    2.0s
01:00:26 | ttsa_hopper |     7 |   2509.208 |    -87.429 |     16.2 |  29.3 | 27185.0586 |    1.9s
01:00:28 | ttsa_hopper |     8 |   2517.983 |    -86.943 |     13.6 |  30.5 | 48566.8281 |    1.8s
01:00:30 | ttsa_hopper |     9 |   2521.850 |    -93.816 |     17.7 |  32.9 | 19264.6562 |    1.8s
01:00:32 | ttsa_hopper |    10 |   2518.051 |   -101.068 |     17.4 |  35.8 | 49261.8398 |    2.1s
01:00:34 | ttsa_hopper |    11 |   2507.893 |   -112.887 |     31.2 |  42.3 | 11362.0068 |    1.7s
01:00:36 | ttsa_hopper |    12 |   2491.546 |   -127.982 |     31.9 |  47.1 | 30665.3418 |    2.2s
01:00:38 | ttsa_hopper |    13 |   2478.829 |   -127.415 |     39.1 |  47.6 | 9352.0205 |    2.2s
01:00:40 | ttsa_hopper |    14 |   2490.044 |   -151.326 |     47.0 |  58.5 | 9981.1689 |    2.0s
01:00:42 | ttsa_hopper |    15 |   2492.453 |   -114.163 |     28.6 |  42.1 | 25191.6465 |    2.3s
01:00:45 | ttsa_hopper |    16 |   2490.257 |   -155.975 |     42.3 |  59.2 | 4797.5801 |    2.3s
01:00:47 | ttsa_hopper |    17 |   2503.789 |   -152.634 |     46.5 |  59.2 | 14513.1211 |    2.3s
01:00:49 | ttsa_hopper |    18 |   2510.869 |   -201.428 |     76.1 |  79.9 | 41672.2031 |    2.0s
01:00:51 | ttsa_hopper |    19 |   2500.831 |   -162.195 |     50.7 |  63.8 | 10957.7227 |    2.1s
01:00:53 | ttsa_hopper |    20 |   2503.710 |   -174.893 |     63.0 |  69.2 | 9690.1201 |    2.0s
01:00:55 | ttsa_hopper |    21 |   2506.416 |   -187.120 |     78.3 |  75.0 | 27423.2812 |    2.0s
01:00:57 | ttsa_hopper |    22 |   2503.256 |   -205.368 |     83.8 |  82.5 | 6054.6934 |    2.1s
01:00:59 | ttsa_hopper |    23 |   2518.778 |   -151.014 |     55.5 |  60.2 | 16753.9082 |    2.0s
01:01:01 | ttsa_hopper |    24 |   2530.103 |   -194.788 |     86.5 |  80.6 | 19427.6934 |    2.1s
01:01:04 | ttsa_hopper |    25 |   2527.430 |   -197.666 |     96.0 |  80.8 | 25024.4961 |    2.3s
01:01:06 | ttsa_hopper |    26 |   2527.770 |   -154.114 |     60.7 |  62.7 | 6798.0059 |    2.4s
01:01:08 | ttsa_hopper |    27 |   2530.883 |   -192.157 |     97.3 |  79.5 | 12079.9102 |    2.0s
01:01:10 | ttsa_hopper |    28 |   2541.103 |   -187.591 |    104.4 |  80.2 | 22947.3105 |    2.0s
01:01:12 | ttsa_hopper |    29 |   2562.295 |   -189.592 |     96.0 |  79.2 | 19657.2793 |    2.0s
01:01:14 | ttsa_hopper |    30 |   2565.007 |   -176.704 |     84.2 |  74.1 | 24639.2891 |    2.0s
01:01:16 | ttsa_hopper |    31 |   2595.897 |   -211.755 |    120.4 |  90.6 | 27886.2520 |    2.2s
01:01:19 | ttsa_hopper |    32 |   2615.055 |   -192.511 |    115.4 |  83.9 | 47442.2617 |    2.2s
01:01:21 | ttsa_hopper |    33 |   2599.828 |   -198.122 |    104.6 |  84.8 | 25162.2773 |    2.1s
01:01:23 | ttsa_hopper |    34 |   2604.019 |   -232.605 |    128.7 | 102.7 | 6747.9565 |    2.2s
01:01:25 | ttsa_hopper |    35 |   2630.756 |   -189.458 |    104.3 |  83.0 | 51758.1094 |    2.1s
01:01:27 | ttsa_hopper |    36 |   2653.185 |   -232.668 |    124.6 | 102.5 | 33149.3242 |    2.1s
01:01:29 | ttsa_hopper |    37 |   2668.487 |   -202.722 |    103.2 |  88.2 | 9794.4531 |    2.0s
01:01:31 | ttsa_hopper |    38 |   2695.210 |   -205.536 |     89.2 |  88.3 | 15388.3574 |    2.1s
01:01:33 | ttsa_hopper |    39 |   2699.519 |   -218.365 |    104.6 |  95.3 | 17779.9570 |    2.1s
01:01:35 | ttsa_hopper |    40 |   2722.501 |   -219.958 |    119.2 |  97.5 | 72132.3984 |    2.2s
01:01:38 | ttsa_hopper |    41 |   2750.779 |   -210.552 |    106.3 |  92.3 | 14520.8779 |    2.2s
01:01:39 | ttsa_hopper |    42 |   2762.930 |   -178.640 |     71.9 |  76.4 | 27641.9082 |    1.9s
01:01:41 | ttsa_hopper |    43 |   2748.900 |   -211.827 |     90.5 |  91.6 | 13167.6943 |    2.0s
01:01:44 | ttsa_hopper |    44 |   2769.098 |   -209.144 |    114.1 |  92.8 | 115108.8125 |    2.1s
01:01:46 | ttsa_hopper |    45 |   2784.393 |   -215.851 |    102.1 |  96.0 | 11939.3311 |    2.1s
01:01:48 | ttsa_hopper |    46 |   2785.267 |   -170.109 |     83.1 |  76.5 | 15615.3027 |    2.4s
01:01:50 | ttsa_hopper |    47 |   2793.082 |   -225.053 |    127.2 | 100.9 | 17983.9277 |    2.1s
01:01:53 | ttsa_hopper |    48 |   2827.671 |   -299.276 |    175.9 | 137.5 | 43741.7930 |    2.4s
01:01:55 | ttsa_hopper |    49 |   2842.521 |   -274.664 |    150.3 | 123.9 | 12996.9619 |    2.3s
01:01:57 | ttsa_hopper |    50 |   2852.529 |   -274.750 |    169.6 | 127.5 | 38188.9141 |    2.5s
01:02:00 | ttsa_hopper |    51 |   2847.692 |   -230.849 |    136.6 | 108.0 | 43401.4844 |    2.3s
01:02:02 | ttsa_hopper |    52 |   2878.167 |   -232.869 |    114.0 | 105.3 | 19718.8379 |    2.3s
01:02:05 | ttsa_hopper |    53 |   2897.398 |   -278.507 |    175.2 | 129.8 | 41680.3555 |    2.4s
01:02:07 | ttsa_hopper |    54 |   2929.358 |   -233.003 |    126.4 | 108.2 | 34370.1094 |    2.0s
01:02:09 | ttsa_hopper |    55 |   2969.888 |   -245.945 |    129.0 | 113.2 | 135085.8125 |    2.0s
01:02:11 | ttsa_hopper |    56 |   2991.815 |   -223.325 |    101.1 | 100.3 | 12708.1328 |    2.4s
01:02:13 | ttsa_hopper |    57 |   2997.983 |   -220.855 |     96.8 |  99.1 | 72766.8828 |    2.4s
01:02:16 | ttsa_hopper |    58 |   2996.227 |   -223.281 |    129.6 | 105.3 | 21066.2812 |    2.3s
01:02:18 | ttsa_hopper |    59 |   3027.720 |   -215.345 |    118.4 | 100.8 | 69164.0312 |    2.0s
01:02:20 | ttsa_hopper |    60 |   3054.588 |   -298.523 |    168.4 | 141.3 | 57614.0898 |    2.6s
01:02:23 | ttsa_hopper |    61 |   3094.876 |   -289.281 |    177.4 | 136.5 | 27260.6562 |    2.4s
01:02:25 | ttsa_hopper |    62 |   3106.474 |   -264.661 |    144.4 | 122.5 | 58867.6914 |    2.1s
01:02:27 | ttsa_hopper |    63 |   3110.284 |   -248.510 |    165.3 | 119.6 | 16640.2559 |    2.1s
01:02:30 | ttsa_hopper |    64 |   3121.303 |   -390.951 |    237.3 | 184.3 | 26111.4746 |    2.7s
01:02:32 | ttsa_hopper |    65 |   3155.312 |   -262.088 |    149.2 | 124.5 | 35923.8789 |    2.3s
01:02:34 | ttsa_hopper |    66 |   3210.378 |   -276.557 |    174.3 | 132.4 | 63879.3555 |    2.2s
01:02:36 | ttsa_hopper |    67 |   3202.341 |   -254.988 |    158.7 | 123.1 | 54388.1836 |    2.1s
01:02:38 | ttsa_hopper |    68 |   3218.105 |   -253.163 |    153.5 | 121.7 | 20529.0234 |    2.1s
01:02:41 | ttsa_hopper |    69 |   3262.282 |   -349.995 |    217.6 | 169.3 | 47413.0586 |    2.4s
01:02:43 | ttsa_hopper |    70 |   3283.799 |   -345.408 |    205.4 | 168.3 | 88473.7188 |    2.7s
01:02:46 | ttsa_hopper |    71 |   3334.283 |   -262.644 |    164.0 | 128.2 | 103235.4844 |    2.4s
01:02:48 | ttsa_hopper |    72 |   3313.518 |   -269.391 |    147.9 | 130.0 | 31909.9648 |    2.4s
01:02:50 | ttsa_hopper |    73 |   3313.922 |   -293.105 |    177.2 | 142.1 | 64495.1758 |    2.1s
01:02:52 | ttsa_hopper |    74 |   3319.158 |   -249.807 |    161.5 | 124.0 | 100284.5000 |    2.1s
01:02:55 | ttsa_hopper |    75 |   3376.896 |   -378.124 |    233.3 | 183.8 | 6569.2559 |    2.4s
01:02:57 | ttsa_hopper |    76 |   3394.971 |   -356.204 |    232.9 | 178.3 | 31619.9004 |    2.4s
01:02:59 | ttsa_hopper |    77 |   3393.857 |   -311.564 |    180.9 | 155.2 | 19170.6387 |    2.3s
01:03:02 | ttsa_hopper |    78 |   3399.043 |   -304.950 |    179.6 | 151.2 | 12583.1953 |    2.3s
01:03:04 | ttsa_hopper |    79 |   3392.395 |   -322.890 |    201.9 | 162.2 | 41891.9023 |    2.3s
01:03:06 | ttsa_hopper |    80 |   3414.678 |   -304.766 |    190.9 | 152.2 | 76338.3594 |    2.3s
01:03:08 | ttsa_hopper |    81 |   3421.903 |   -301.065 |    186.3 | 151.0 | 27083.5586 |    2.2s
01:03:11 | ttsa_hopper |    82 |   3442.455 |   -302.944 |    194.6 | 154.4 | 109423.5625 |    2.3s
01:03:13 | ttsa_hopper |    83 |   3451.915 |   -374.170 |    239.1 | 189.9 | 53644.5547 |    2.3s
01:03:15 | ttsa_hopper |    84 |   3453.494 |   -298.110 |    179.6 | 149.8 | 32571.3691 |    2.3s
01:03:18 | ttsa_hopper |    85 |   3505.844 |   -368.225 |    258.2 | 190.6 | 60031.8633 |    2.6s
01:03:20 | ttsa_hopper |    86 |   3513.076 |   -304.985 |    209.4 | 158.3 | 37677.8867 |    2.2s
01:03:22 | ttsa_hopper |    87 |   3560.381 |   -364.352 |    243.0 | 189.2 | 13656.1338 |    2.4s
01:03:25 | ttsa_hopper |    88 |   3575.669 |   -371.238 |    247.8 | 194.2 | 124378.2812 |    2.5s
01:03:27 | ttsa_hopper |    89 |   3582.621 |   -316.918 |    193.7 | 165.0 | 22340.5449 |    2.5s
01:03:30 | ttsa_hopper |    90 |   3590.575 |   -346.214 |    226.1 | 183.5 | 20386.3223 |    2.5s
01:03:32 | ttsa_hopper |    91 |   3629.284 |   -399.575 |    278.1 | 211.6 | 22362.7773 |    2.4s
01:03:35 | ttsa_hopper |    92 |   3635.110 |   -422.594 |    283.7 | 221.6 | 16678.7988 |    2.5s
01:03:37 | ttsa_hopper |    93 |   3659.956 |   -404.880 |    283.2 | 212.8 | 34016.6523 |    2.4s
01:03:40 | ttsa_hopper |    94 |   3712.150 |   -432.027 |    263.6 | 227.8 | 4755.2993 |    3.0s
01:03:43 | ttsa_hopper |    95 |   3759.767 |   -384.368 |    242.7 | 205.2 | 110000.1953 |    2.5s
01:03:45 | ttsa_hopper |    96 |   3777.167 |   -324.148 |    193.9 | 170.8 | 95024.9609 |    2.3s
01:03:48 | ttsa_hopper |    97 |   3818.869 |   -384.516 |    239.2 | 203.3 | 73670.0781 |    2.6s
01:03:50 | ttsa_hopper |    98 |   3790.068 |   -322.137 |    208.2 | 172.2 | 19207.2754 |    2.5s
01:03:53 | ttsa_hopper |    99 |   3833.106 |   -328.846 |    237.6 | 180.2 | 81066.9844 |    2.5s
01:03:55 | ttsa_hopper |   100 |   3878.070 |   -339.403 |    214.2 | 181.8 | 6151.2251 |    2.6s
01:03:58 | ttsa_hopper |   101 |   3907.312 |   -427.966 |    302.8 | 238.3 | 18413.1680 |    2.5s
01:04:00 | ttsa_hopper |   102 |   3909.823 |   -343.117 |    234.8 | 183.9 | 19124.3047 |    2.7s
01:04:03 | ttsa_hopper |   103 |   3946.684 |   -382.858 |    253.2 | 206.4 | 17444.6270 |    2.8s
01:04:06 | ttsa_hopper |   104 |   3980.892 |   -308.423 |    227.5 | 171.3 | 32562.5020 |    2.5s
01:04:08 | ttsa_hopper |   105 |   4007.186 |   -442.551 |    321.9 | 242.8 | 47058.0977 |    3.0s
01:04:11 | ttsa_hopper |   106 |   4004.656 |   -334.550 |    236.7 | 182.7 | 74745.4844 |    2.6s
01:04:14 | ttsa_hopper |   107 |   4044.440 |   -366.506 |    278.0 | 202.5 | 84054.4688 |    2.4s
01:04:16 | ttsa_hopper |   108 |   4050.614 |   -423.403 |    303.1 | 235.8 | 144673.5938 |    2.6s
01:04:19 | ttsa_hopper |   109 |   4092.089 |   -367.035 |    253.9 | 202.8 | 47071.3711 |    2.8s
01:04:22 | ttsa_hopper |   110 |   4117.040 |   -395.552 |    278.7 | 220.8 | 31439.5137 |    2.7s
01:04:24 | ttsa_hopper |   111 |   4152.155 |   -373.817 |    262.0 | 208.7 | 70350.8203 |    2.6s
01:04:27 | ttsa_hopper |   112 |   4217.316 |   -457.457 |    341.1 | 261.6 | 56205.6445 |    3.0s
01:04:30 | ttsa_hopper |   113 |   4237.417 |   -374.778 |    276.7 | 211.8 | 56433.3711 |    3.0s
01:04:33 | ttsa_hopper |   114 |   4261.783 |   -349.279 |    280.3 | 200.7 | 62047.4805 |    2.8s
01:04:36 | ttsa_hopper |   115 |   4219.343 |   -363.209 |    264.9 | 203.7 | 50073.0078 |    3.2s
01:04:39 | ttsa_hopper |   116 |   4247.250 |   -390.788 |    282.9 | 221.3 | 9224.9873 |    3.0s
17:17:10 | ttsa_hopper | Загружено 1000 экспертных траекторий из data/hopper/expert_train_trajs.pt
17:17:10 | ttsa_hopper | === TTSA Hopper ===
17:17:12 | ttsa_hopper |     1 |   2528.594 |    -60.377 |     13.6 |  21.1 | 12635.3545 |    1.5s
17:17:14 | ttsa_hopper |     2 |   2528.886 |    -52.512 |     10.2 |  17.1 | 8684.3330 |    1.7s
17:17:15 | ttsa_hopper |     3 |   2522.955 |    -58.354 |     12.1 |  20.4 | 13488.9521 |    1.6s
17:17:17 | ttsa_hopper |     4 |   2512.596 |    -75.770 |     16.9 |  25.9 | 69489.0078 |    1.7s
17:17:19 | ttsa_hopper |     5 |   2509.890 |    -69.166 |     14.1 |  23.7 | 22113.6895 |    1.5s
17:17:20 | ttsa_hopper |     6 |   2507.793 |    -66.160 |     10.3 |  21.5 | 32592.8789 |    1.6s
17:17:22 | ttsa_hopper |     7 |   2509.208 |    -87.429 |     16.2 |  29.3 | 27185.0586 |    1.7s
17:17:23 | ttsa_hopper |     8 |   2517.983 |    -86.943 |     13.6 |  30.5 | 48566.8281 |    1.7s
17:17:25 | ttsa_hopper |     9 |   2521.850 |    -93.816 |     17.7 |  32.9 | 19264.6562 |    1.7s
17:17:27 | ttsa_hopper |    10 |   2518.051 |   -101.068 |     17.4 |  35.8 | 49261.8398 |    1.7s
17:17:28 | ttsa_hopper |    11 |   2507.893 |   -112.887 |     31.2 |  42.3 | 11362.0068 |    1.7s
17:17:30 | ttsa_hopper |    12 |   2491.546 |   -127.982 |     31.9 |  47.1 | 30665.3418 |    1.7s
17:17:32 | ttsa_hopper |    13 |   2478.829 |   -127.415 |     39.1 |  47.6 | 9352.0205 |    1.7s
17:17:34 | ttsa_hopper |    14 |   2490.044 |   -151.326 |     47.0 |  58.5 | 9981.1689 |    1.8s
17:17:35 | ttsa_hopper |    15 |   2492.453 |   -114.163 |     28.6 |  42.1 | 25191.6465 |    1.8s
17:17:37 | ttsa_hopper |    16 |   2490.257 |   -155.975 |     42.3 |  59.2 | 4797.5801 |    1.8s
17:17:39 | ttsa_hopper |    17 |   2503.789 |   -152.634 |     46.5 |  59.2 | 14513.1211 |    1.7s
17:17:41 | ttsa_hopper |    18 |   2510.869 |   -201.428 |     76.1 |  79.9 | 41672.2031 |    1.8s
17:17:43 | ttsa_hopper |    19 |   2500.831 |   -162.195 |     50.7 |  63.8 | 10957.7227 |    2.0s
17:17:45 | ttsa_hopper |    20 |   2503.710 |   -174.893 |     63.0 |  69.2 | 9690.1201 |    2.1s
17:17:47 | ttsa_hopper |    21 |   2506.416 |   -187.120 |     78.3 |  75.0 | 27423.2812 |    1.9s
17:17:49 | ttsa_hopper |    22 |   2503.256 |   -205.368 |     83.8 |  82.5 | 6054.6934 |    2.2s
17:17:51 | ttsa_hopper |    23 |   2518.778 |   -151.014 |     55.5 |  60.2 | 16753.9082 |    1.9s
17:17:53 | ttsa_hopper |    24 |   2530.103 |   -194.788 |     86.5 |  80.6 | 19427.6934 |    1.8s
17:17:55 | ttsa_hopper |    25 |   2527.430 |   -197.666 |     96.0 |  80.8 | 25024.4961 |    2.1s
17:17:57 | ttsa_hopper |    26 |   2527.770 |   -154.114 |     60.7 |  62.7 | 6798.0059 |    2.0s
17:17:59 | ttsa_hopper |    27 |   2530.883 |   -192.157 |     97.3 |  79.5 | 12079.9102 |    2.1s
17:18:01 | ttsa_hopper |    28 |   2541.103 |   -187.591 |    104.4 |  80.2 | 22947.3105 |    2.0s
17:18:03 | ttsa_hopper |    29 |   2562.295 |   -189.592 |     96.0 |  79.2 | 19657.2793 |    2.1s
17:18:05 | ttsa_hopper |    30 |   2565.007 |   -176.704 |     84.2 |  74.1 | 24639.2891 |    2.1s
17:18:07 | ttsa_hopper |    31 |   2595.897 |   -211.755 |    120.4 |  90.6 | 27886.2520 |    2.2s
17:18:09 | ttsa_hopper |    32 |   2615.055 |   -192.511 |    115.4 |  83.9 | 47442.2617 |    2.1s
17:18:12 | ttsa_hopper |    33 |   2599.828 |   -198.122 |    104.6 |  84.8 | 25162.2773 |    2.2s
17:18:14 | ttsa_hopper |    34 |   2604.019 |   -232.605 |    128.7 | 102.7 | 6747.9565 |    2.5s
17:18:16 | ttsa_hopper |    35 |   2630.756 |   -189.458 |    104.3 |  83.0 | 51758.1094 |    2.3s
17:18:19 | ttsa_hopper |    36 |   2653.185 |   -232.668 |    124.6 | 102.5 | 33149.3242 |    2.8s
17:18:22 | ttsa_hopper |    37 |   2668.487 |   -202.722 |    103.2 |  88.2 | 9794.4531 |    2.9s
17:18:25 | ttsa_hopper |    38 |   2695.210 |   -205.536 |     89.2 |  88.3 | 15388.3574 |    2.4s
17:18:27 | ttsa_hopper |    39 |   2699.519 |   -218.365 |    104.6 |  95.3 | 17779.9570 |    2.8s
17:18:30 | ttsa_hopper |    40 |   2722.501 |   -219.958 |    119.2 |  97.5 | 72132.3984 |    2.2s
17:18:32 | ttsa_hopper |    41 |   2750.779 |   -210.552 |    106.3 |  92.3 | 14520.8779 |    2.3s
17:18:34 | ttsa_hopper |    42 |   2762.930 |   -178.640 |     71.9 |  76.4 | 27641.9082 |    2.0s
17:18:36 | ttsa_hopper |    43 |   2748.900 |   -211.827 |     90.5 |  91.6 | 13167.6943 |    2.1s
17:18:38 | ttsa_hopper |    44 |   2769.098 |   -209.144 |    114.1 |  92.8 | 115108.8125 |    2.3s
17:18:41 | ttsa_hopper |    45 |   2784.393 |   -215.851 |    102.1 |  96.0 | 11939.3311 |    2.2s
17:18:43 | ttsa_hopper |    46 |   2785.267 |   -170.109 |     83.1 |  76.5 | 15615.3027 |    2.3s
17:18:46 | ttsa_hopper |    47 |   2793.082 |   -225.053 |    127.2 | 100.9 | 17983.9277 |    2.9s
17:18:48 | ttsa_hopper |    48 |   2827.671 |   -299.276 |    175.9 | 137.5 | 43741.7930 |    2.6s
17:18:51 | ttsa_hopper |    49 |   2842.521 |   -274.664 |    150.3 | 123.9 | 12996.9619 |    2.4s
17:18:53 | ttsa_hopper |    50 |   2852.529 |   -274.750 |    169.6 | 127.5 | 38188.9141 |    2.4s
17:18:56 | ttsa_hopper |    51 |   2847.692 |   -230.849 |    136.6 | 108.0 | 43401.4844 |    2.4s
17:18:58 | ttsa_hopper |    52 |   2878.167 |   -232.869 |    114.0 | 105.3 | 19718.8379 |    2.5s
17:19:01 | ttsa_hopper |    53 |   2897.398 |   -278.507 |    175.2 | 129.8 | 41680.3555 |    2.7s
17:19:03 | ttsa_hopper |    54 |   2929.358 |   -233.003 |    126.4 | 108.2 | 34370.1094 |    2.3s
17:19:05 | ttsa_hopper |    55 |   2969.888 |   -245.945 |    129.0 | 113.2 | 135085.8125 |    2.4s
17:19:08 | ttsa_hopper |    56 |   2991.815 |   -223.325 |    101.1 | 100.3 | 12708.1328 |    2.5s
17:19:10 | ttsa_hopper |    57 |   2997.983 |   -220.855 |     96.8 |  99.1 | 72766.8828 |    2.2s
17:19:13 | ttsa_hopper |    58 |   2996.227 |   -223.281 |    129.6 | 105.3 | 21066.2812 |    2.3s
17:19:15 | ttsa_hopper |    59 |   3027.720 |   -215.345 |    118.4 | 100.8 | 69164.0312 |    2.3s
17:19:18 | ttsa_hopper |    60 |   3054.588 |   -298.523 |    168.4 | 141.3 | 57614.0898 |    2.7s
17:19:20 | ttsa_hopper |    61 |   3094.876 |   -289.281 |    177.4 | 136.5 | 27260.6562 |    2.4s
17:19:22 | ttsa_hopper |    62 |   3106.474 |   -264.661 |    144.4 | 122.5 | 58867.6914 |    2.4s
17:19:25 | ttsa_hopper |    63 |   3110.284 |   -248.510 |    165.3 | 119.6 | 16640.2559 |    2.5s
17:19:27 | ttsa_hopper |    64 |   3121.303 |   -390.951 |    237.3 | 184.3 | 26111.4746 |    2.6s
17:23:17 | ttsa_hopper | Загружено 1000 экспертных траекторий из data/hopper/expert_train_trajs.pt
17:23:17 | ttsa_hopper | === TTSA Hopper ===
17:23:19 | ttsa_hopper |     1 |   2528.594 |    -60.377 |     13.6 |  21.1 | 12635.3545 |    1.7s
17:23:21 | ttsa_hopper |     2 |   2528.886 |    -52.512 |     10.2 |  17.1 | 8684.3330 |    2.1s
17:23:23 | ttsa_hopper |     3 |   2522.955 |    -58.354 |     12.1 |  20.4 | 13488.9521 |    1.9s
17:23:25 | ttsa_hopper |     4 |   2512.596 |    -75.770 |     16.9 |  25.9 | 69489.0078 |    2.3s
17:23:27 | ttsa_hopper |     5 |   2509.890 |    -69.166 |     14.1 |  23.7 | 22113.6895 |    2.0s
17:23:29 | ttsa_hopper |     6 |   2507.793 |    -66.160 |     10.3 |  21.5 | 32592.8789 |    2.1s
17:23:31 | ttsa_hopper |     7 |   2509.208 |    -87.429 |     16.2 |  29.3 | 27185.0586 |    2.0s
17:23:33 | ttsa_hopper |     8 |   2517.983 |    -86.943 |     13.6 |  30.5 | 48566.8281 |    2.0s
17:23:35 | ttsa_hopper |     9 |   2521.850 |    -93.816 |     17.7 |  32.9 | 19264.6562 |    1.9s
17:23:38 | ttsa_hopper |    10 |   2518.051 |   -101.068 |     17.4 |  35.8 | 49261.8398 |    2.4s
17:23:40 | ttsa_hopper |    11 |   2507.893 |   -112.887 |     31.2 |  42.3 | 11362.0068 |    1.9s
17:23:42 | ttsa_hopper |    12 |   2491.546 |   -127.982 |     31.9 |  47.1 | 30665.3418 |    2.3s
17:23:44 | ttsa_hopper |    13 |   2478.829 |   -127.415 |     39.1 |  47.6 | 9352.0205 |    2.1s
17:23:46 | ttsa_hopper |    14 |   2490.044 |   -151.326 |     47.0 |  58.5 | 9981.1689 |    2.3s
17:23:49 | ttsa_hopper |    15 |   2492.453 |   -114.163 |     28.6 |  42.1 | 25191.6465 |    2.3s
17:23:51 | ttsa_hopper |    16 |   2490.257 |   -155.975 |     42.3 |  59.2 | 4797.5801 |    2.2s
17:23:53 | ttsa_hopper |    17 |   2503.789 |   -152.634 |     46.5 |  59.2 | 14513.1211 |    2.1s
17:23:55 | ttsa_hopper |    18 |   2510.869 |   -201.428 |     76.1 |  79.9 | 41672.2031 |    2.4s
17:23:57 | ttsa_hopper |    19 |   2500.831 |   -162.195 |     50.7 |  63.8 | 10957.7227 |    2.1s
17:24:00 | ttsa_hopper |    20 |   2503.710 |   -174.893 |     63.0 |  69.2 | 9690.1201 |    2.4s
17:24:03 | ttsa_hopper |    21 |   2506.416 |   -187.120 |     78.3 |  75.0 | 27423.2812 |    2.7s
17:24:05 | ttsa_hopper |    22 |   2503.256 |   -205.368 |     83.8 |  82.5 | 6054.6934 |    2.7s
17:24:08 | ttsa_hopper |    23 |   2518.778 |   -151.014 |     55.5 |  60.2 | 16753.9082 |    2.5s
17:24:10 | ttsa_hopper |    24 |   2530.103 |   -194.788 |     86.5 |  80.6 | 19427.6934 |    2.5s
17:24:12 | ttsa_hopper |    25 |   2527.430 |   -197.666 |     96.0 |  80.8 | 25024.4961 |    2.2s
17:24:15 | ttsa_hopper |    26 |   2527.770 |   -154.114 |     60.7 |  62.7 | 6798.0059 |    2.1s
17:24:17 | ttsa_hopper |    27 |   2530.883 |   -192.157 |     97.3 |  79.5 | 12079.9102 |    2.2s
17:24:20 | ttsa_hopper |    28 |   2541.103 |   -187.591 |    104.4 |  80.2 | 22947.3105 |    2.9s
17:24:22 | ttsa_hopper |    29 |   2562.295 |   -189.592 |     96.0 |  79.2 | 19657.2793 |    2.8s
17:24:25 | ttsa_hopper |    30 |   2565.007 |   -176.704 |     84.2 |  74.1 | 24639.2891 |    2.8s
17:24:28 | ttsa_hopper |    31 |   2595.897 |   -211.755 |    120.4 |  90.6 | 27886.2520 |    2.7s
17:24:31 | ttsa_hopper |    32 |   2615.055 |   -192.511 |    115.4 |  83.9 | 47442.2617 |    3.1s
17:24:34 | ttsa_hopper |    33 |   2599.828 |   -198.122 |    104.6 |  84.8 | 25162.2773 |    2.9s
17:24:37 | ttsa_hopper |    34 |   2604.019 |   -232.605 |    128.7 | 102.7 | 6747.9565 |    3.1s
17:24:40 | ttsa_hopper |    35 |   2630.756 |   -189.458 |    104.3 |  83.0 | 51758.1094 |    2.9s
17:24:43 | ttsa_hopper |    36 |   2653.185 |   -232.668 |    124.6 | 102.5 | 33149.3242 |    3.3s
17:24:46 | ttsa_hopper |    37 |   2668.487 |   -202.722 |    103.2 |  88.2 | 9794.4531 |    2.9s
17:24:49 | ttsa_hopper |    38 |   2695.210 |   -205.536 |     89.2 |  88.3 | 15388.3574 |    2.6s
17:24:51 | ttsa_hopper |    39 |   2699.519 |   -218.365 |    104.6 |  95.3 | 17779.9570 |    2.6s
17:24:54 | ttsa_hopper |    40 |   2722.501 |   -219.958 |    119.2 |  97.5 | 72132.3984 |    2.7s
17:24:57 | ttsa_hopper |    41 |   2750.779 |   -210.552 |    106.3 |  92.3 | 14520.8779 |    3.0s
17:25:00 | ttsa_hopper |    42 |   2762.930 |   -178.640 |     71.9 |  76.4 | 27641.9082 |    3.0s
17:25:02 | ttsa_hopper |    43 |   2748.900 |   -211.827 |     90.5 |  91.6 | 13167.6943 |    2.4s
